<?xml version="1.0" encoding="UTF-8"?>
<testsuite xmlns:xsi="http://www.w3.org/2001/XMLSchema-instance" xsi:noNamespaceSchemaLocation="https://maven.apache.org/surefire/maven-surefire-plugin/xsd/surefire-test-report-3.0.xsd" version="3.0" name="com.finsight.service.DemoDataServiceTest" time="4.51" tests="10" errors="0" skipped="0" failures="0">
  <properties>
[...]
</properties>
  <testcase name="transactions_HaveValidAmounts" classname="com.finsight.service.DemoDataServiceTest" time="3.719">
    <system-out><![CDATA[16:43:39.983 [main] INFO com.finsight.service.DemoDataService -- Starting demo transaction generation. Current date: 2026-03-09T16:43:39.978934600
16:43:40.002 [main] INFO com.finsight.service.DemoDataService -- Generating 12 transactions for month: APRIL 2025
16:43:40.008 [main] INFO com.finsight.service.DemoDataService --   First transaction date: APRIL 2025
16:43:40.009 [main] INFO com.finsight.service.DemoDataService -- Generating 14 transactions for month: MAY 2025
16:43:40.009 [main] INFO com.finsight.service.DemoDataService --   First transaction date: MAY 2025
16:43:40.009 [main] INFO com.finsight.service.DemoDataService -- Generating 15 transactions for month: JUNE 2025
16:43:40.010 [main] INFO com.finsight.service.DemoDataService --   First transaction date: JUNE 2025
16:43:40.010 [main] INFO com.finsight.service.DemoDataService -- Generating 16 transactions for month: JULY 2025
16:43:40.010 [main] INFO com.finsight.service.DemoDataService --   First transaction date: JULY 2025
16:43:40.010 [main] INFO com.finsight.service.DemoDataService -- Generating 18 transactions for month: AUGUST 2025
16:43:40.010 [main] INFO com.finsight.service.DemoDataService --   First transaction date: AUGUST 2025
16:43:40.011 [main] INFO com.finsight.service.DemoDataService -- Generating 20 transactions for month: SEPTEMBER 2025
16:43:40.011 [main] INFO com.finsight.service.DemoDataService --   First transaction date: SEPTEMBER 2025
16:43:40.011 [main] INFO com.finsight.service.DemoDataService -- Generating 22 transactions for month: OCTOBER 2025
16:43:40.011 [main] INFO com.finsight.service.DemoDataService --   First transaction date: OCTOBER 2025
16:43:40.012 [main] INFO com.finsight.service.DemoDataService -- Generating 24 transactions for month: NOVEMBER 2025
16:43:40.012 [main] INFO com.finsight.service.DemoDataService --   First transaction date: NOVEMBER 2025
16:43:40.013 [main] INFO com.finsight.service.DemoDataService -- Generating 25 transactions for month: DECEMBER 2025
16:43:40.013 [main] INFO com.finsight.service.DemoDataService --   First transaction date: DECEMBER 2025
16:43:40.013 [main] INFO com.finsight.service.DemoDataService -- Generating 26 transactions for month: JANUARY 2026
16:43:40.013 [main] INFO com.finsight.service.DemoDataService --   First transaction date: JANUARY 2026
16:43:40.014 [main] INFO com.finsight.service.DemoDataService -- Generating 28 transactions for month: FEBRUARY 2026
16:43:40.014 [main] INFO com.finsight.service.DemoDataService --   First transaction date: FEBRUARY 2026
16:43:40.015 [main] INFO com.finsight.service.DemoDataService -- Generating 30 transactions for month: MARCH 2026
16:43:40.015 [main] INFO com.finsight.service.DemoDataService --   First transaction date: MARCH 2026
16:43:40.015 [main] INFO com.finsight.service.DemoDataService -- Generated 227 total transactions across 12 months
16:43:40.123 [main] INFO com.finsight.service.DemoDataService -- Generated 227 demo transactions (0 fraud alerts) for user 1
]]></system-out>
  </testcase>
  <testcase name="demoTransactions_SpanMultipleMonths" classname="com.finsight.service.DemoDataServiceTest" time="0.085">
    <system-out><![CDATA[16:43:40.355 [main] INFO com.finsight.service.DemoDataService -- Starting demo transaction generation. Current date: 2026-03-09T16:43:40.355344700
16:43:40.355 [main] INFO com.finsight.service.DemoDataService -- Generating 12 transactions for month: APRIL 2025
16:43:40.355 [main] INFO com.finsight.service.DemoDataService --   First transaction date: APRIL 2025
16:43:40.355 [main] INFO com.finsight.service.DemoDataService -- Generating 14 transactions for month: MAY 2025
16:43:40.356 [main] INFO com.finsight.service.DemoDataService --   First transaction date: MAY 2025
16:43:40.356 [main] INFO com.finsight.service.DemoDataService -- Generating 15 transactions for month: JUNE 2025
16:43:40.356 [main] INFO com.finsight.service.DemoDataService --   First transaction date: JUNE 2025
16:43:40.356 [main] INFO com.finsight.service.DemoDataService -- Generating 16 transactions for month: JULY 2025
16:43:40.356 [main] INFO com.finsight.service.DemoDataService --   First transaction date: JULY 2025
16:43:40.357 [main] INFO com.finsight.service.DemoDataService -- Generating 18 transactions for month: AUGUST 2025
16:43:40.357 [main] INFO com.finsight.service.DemoDataService --   First transaction date: AUGUST 2025
16:43:40.357 [main] INFO com.finsight.service.DemoDataService -- Generating 20 transactions for month: SEPTEMBER 2025
16:43:40.357 [main] INFO com.finsight.service.DemoDataService --   First transaction date: SEPTEMBER 2025
16:43:40.357 [main] INFO com.finsight.service.DemoDataService -- Generating 22 transactions for month: OCTOBER 2025
16:43:40.357 [main] INFO com.finsight.service.DemoDataService --   First transaction date: OCTOBER 2025
16:43:40.358 [main] INFO com.finsight.service.DemoDataService -- Generating 24 transactions for month: NOVEMBER 2025
16:43:40.358 [main] INFO com.finsight.service.DemoDataService --   First transaction date: NOVEMBER 2025
16:43:40.358 [main] INFO com.finsight.service.DemoDataService -- Generating 25 transactions for month: DECEMBER 2025
16:43:40.359 [main] INFO com.finsight.service.DemoDataService --   First transaction date: DECEMBER 2025
16:43:40.359 [main] INFO com.finsight.service.DemoDataService -- Generating 26 transactions for month: JANUARY 2026
16:43:40.359 [main] INFO com.finsight.service.DemoDataService --   First transaction date: JANUARY 2026
16:43:40.359 [main] INFO com.finsight.service.DemoDataService -- Generating 28 transactions for month: FEBRUARY 2026
16:43:40.360 [main] INFO com.finsight.service.DemoDataService --   First transaction date: FEBRUARY 2026
16:43:40.360 [main] INFO com.finsight.service.DemoDataService -- Generating 30 transactions for month: MARCH 2026
16:43:40.360 [main] INFO com.finsight.service.DemoDataService --   First transaction date: MARCH 2026
16:43:40.360 [main] INFO com.finsight.service.DemoDataService -- Generated 227 total transactions across 12 months
16:43:40.411 [main] INFO com.finsight.service.DemoDataService -- Generated 227 demo transactions (0 fraud alerts) for user 1
]]></system-out>
  </testcase>
  <testcase name="forceReseedUser_DeletesAndCreatesNew" classname="com.finsight.service.DemoDataServiceTest" time="0.088">
    <system-out><![CDATA[16:43:40.445 [main] INFO com.finsight.service.DemoDataService -- Deleted 1 existing fraud alerts for user 1
16:43:40.445 [main] INFO com.finsight.service.DemoDataService -- Deleted 1 existing transactions for user 1
16:43:40.446 [main] INFO com.finsight.service.DemoDataService -- Starting demo transaction generation. Current date: 2026-03-09T16:43:40.446801500
16:43:40.446 [main] INFO com.finsight.service.DemoDataService -- Generating 12 transactions for month: APRIL 2025
16:43:40.446 [main] INFO com.finsight.service.DemoDataService --   First transaction date: APRIL 2025
16:43:40.447 [main] INFO com.finsight.service.DemoDataService -- Generating 14 transactions for month: MAY 2025
16:43:40.447 [main] INFO com.finsight.service.DemoDataService --   First transaction date: MAY 2025
16:43:40.447 [main] INFO com.finsight.service.DemoDataService -- Generating 15 transactions for month: JUNE 2025
16:43:40.447 [main] INFO com.finsight.service.DemoDataService --   First transaction date: JUNE 2025
16:43:40.448 [main] INFO com.finsight.service.DemoDataService -- Generating 16 transactions for month: JULY 2025
16:43:40.448 [main] INFO com.finsight.service.DemoDataService --   First transaction date: JULY 2025
16:43:40.448 [main] INFO com.finsight.service.DemoDataService -- Generating 18 transactions for month: AUGUST 2025
16:43:40.449 [main] INFO com.finsight.service.DemoDataService --   First transaction date: AUGUST 2025
16:43:40.449 [main] INFO com.finsight.service.DemoDataService -- Generating 20 transactions for month: SEPTEMBER 2025
16:43:40.451 [main] INFO com.finsight.service.DemoDataService --   First transaction date: SEPTEMBER 2025
16:43:40.452 [main] INFO com.finsight.service.DemoDataService -- Generating 22 transactions for month: OCTOBER 2025
16:43:40.453 [main] INFO com.finsight.service.DemoDataService --   First transaction date: OCTOBER 2025
16:43:40.453 [main] INFO com.finsight.service.DemoDataService -- Generating 24 transactions for month: NOVEMBER 2025
16:43:40.454 [main] INFO com.finsight.service.DemoDataService --   First transaction date: NOVEMBER 2025
16:43:40.454 [main] INFO com.finsight.service.DemoDataService -- Generating 25 transactions for month: DECEMBER 2025
16:43:40.454 [main] INFO com.finsight.service.DemoDataService --   First transaction date: DECEMBER 2025
16:43:40.455 [main] INFO com.finsight.service.DemoDataService -- Generating 26 transactions for month: JANUARY 2026
16:43:40.455 [main] INFO com.finsight.service.DemoDataService --   First transaction date: JANUARY 2026
16:43:40.455 [main] INFO com.finsight.service.DemoDataService -- Generating 28 transactions for month: FEBRUARY 2026
16:43:40.455 [main] INFO com.finsight.service.DemoDataService --   First transaction date: FEBRUARY 2026
16:43:40.455 [main] INFO com.finsight.service.DemoDataService -- Generating 30 transactions for month: MARCH 2026
16:43:40.456 [main] INFO com.finsight.service.DemoDataService --   First transaction date: MARCH 2026
16:43:40.456 [main] INFO com.finsight.service.DemoDataService -- Generated 227 total transactions across 12 months
16:43:40.480 [main] INFO com.finsight.service.DemoDataService -- Generated 227 demo transactions (0 fraud alerts) for user 1
]]></system-out>
  </testcase>
  <testcase name="seedUserIfEmpty_NoExistingTransactions_CreatesTransactions" classname="com.finsight.service.DemoDataServiceTest" time="0.049">
    <system-out><![CDATA[16:43:40.535 [main] INFO com.finsight.service.DemoDataService -- Starting demo transaction generation. Current date: 2026-03-09T16:43:40.535818600
16:43:40.535 [main] INFO com.finsight.service.DemoDataService -- Generating 12 transactions for month: APRIL 2025
16:43:40.535 [main] INFO com.finsight.service.DemoDataService --   First transaction date: APRIL 2025
16:43:40.535 [main] INFO com.finsight.service.DemoDataService -- Generating 14 transactions for month: MAY 2025
16:43:40.535 [main] INFO com.finsight.service.DemoDataService --   First transaction date: MAY 2025
16:43:40.536 [main] INFO com.finsight.service.DemoDataService -- Generating 15 transactions for month: JUNE 2025
16:43:40.536 [main] INFO com.finsight.service.DemoDataService --   First transaction date: JUNE 2025
16:43:40.536 [main] INFO com.finsight.service.DemoDataService -- Generating 16 transactions for month: JULY 2025
16:43:40.536 [main] INFO com.finsight.service.DemoDataService --   First transaction date: JULY 2025
16:43:40.536 [main] INFO com.finsight.service.DemoDataService -- Generating 18 transactions for month: AUGUST 2025
16:43:40.536 [main] INFO com.finsight.service.DemoDataService --   First transaction date: AUGUST 2025
16:43:40.537 [main] INFO com.finsight.service.DemoDataService -- Generating 20 transactions for month: SEPTEMBER 2025
16:43:40.537 [main] INFO com.finsight.service.DemoDataService --   First transaction date: SEPTEMBER 2025
16:43:40.537 [main] INFO com.finsight.service.DemoDataService -- Generating 22 transactions for month: OCTOBER 2025
16:43:40.537 [main] INFO com.finsight.service.DemoDataService --   First transaction date: OCTOBER 2025
16:43:40.537 [main] INFO com.finsight.service.DemoDataService -- Generating 24 transactions for month: NOVEMBER 2025
16:43:40.538 [main] INFO com.finsight.service.DemoDataService --   First transaction date: NOVEMBER 2025
16:43:40.538 [main] INFO com.finsight.service.DemoDataService -- Generating 25 transactions for month: DECEMBER 2025
16:43:40.538 [main] INFO com.finsight.service.DemoDataService --   First transaction date: DECEMBER 2025
16:43:40.538 [main] INFO com.finsight.service.DemoDataService -- Generating 26 transactions for month: JANUARY 2026
16:43:40.538 [main] INFO com.finsight.service.DemoDataService --   First transaction date: JANUARY 2026
16:43:40.538 [main] INFO com.finsight.service.DemoDataService -- Generating 28 transactions for month: FEBRUARY 2026
16:43:40.539 [main] INFO com.finsight.service.DemoDataService --   First transaction date: FEBRUARY 2026
16:43:40.539 [main] INFO com.finsight.service.DemoDataService -- Generating 30 transactions for month: MARCH 2026
16:43:40.539 [main] INFO com.finsight.service.DemoDataService --   First transaction date: MARCH 2026
16:43:40.539 [main] INFO com.finsight.service.DemoDataService -- Generated 227 total transactions across 12 months
16:43:40.565 [main] INFO com.finsight.service.DemoDataService -- Generated 227 demo transactions (0 fraud alerts) for user 1
]]></system-out>
  </testcase>
  <testcase name="seedUserIfEmpty_ExistingTransactions_SkipsSeeding" classname="com.finsight.service.DemoDataServiceTest" time="0.031">
    <system-out><![CDATA[16:43:40.607 [main] INFO com.finsight.service.DemoDataService -- User 1 already has 10 transactions, skipping demo data seeding
]]></system-out>
  </testcase>
  <testcase name="fraudAlerts_CreatedForFraudulentTransactions" classname="com.finsight.service.DemoDataServiceTest" time="0.191">
    <system-out><![CDATA[16:43:40.627 [main] INFO com.finsight.service.DemoDataService -- Starting demo transaction generation. Current date: 2026-03-09T16:43:40.627431800
16:43:40.627 [main] INFO com.finsight.service.DemoDataService -- Generating 12 transactions for month: APRIL 2025
16:43:40.627 [main] INFO com.finsight.service.DemoDataService --   First transaction date: APRIL 2025
16:43:40.627 [main] INFO com.finsight.service.DemoDataService -- Generating 14 transactions for month: MAY 2025
16:43:40.628 [main] INFO com.finsight.service.DemoDataService --   First transaction date: MAY 2025
16:43:40.628 [main] INFO com.finsight.service.DemoDataService -- Generating 15 transactions for month: JUNE 2025
16:43:40.628 [main] INFO com.finsight.service.DemoDataService --   First transaction date: JUNE 2025
16:43:40.628 [main] INFO com.finsight.service.DemoDataService -- Generating 16 transactions for month: JULY 2025
16:43:40.628 [main] INFO com.finsight.service.DemoDataService --   First transaction date: JULY 2025
16:43:40.629 [main] INFO com.finsight.service.DemoDataService -- Generating 18 transactions for month: AUGUST 2025
16:43:40.629 [main] INFO com.finsight.service.DemoDataService --   First transaction date: AUGUST 2025
16:43:40.629 [main] INFO com.finsight.service.DemoDataService -- Generating 20 transactions for month: SEPTEMBER 2025
16:43:40.629 [main] INFO com.finsight.service.DemoDataService --   First transaction date: SEPTEMBER 2025
16:43:40.629 [main] INFO com.finsight.service.DemoDataService -- Generating 22 transactions for month: OCTOBER 2025
16:43:40.630 [main] INFO com.finsight.service.DemoDataService --   First transaction date: OCTOBER 2025
16:43:40.630 [main] INFO com.finsight.service.DemoDataService -- Generating 24 transactions for month: NOVEMBER 2025
16:43:40.632 [main] INFO com.finsight.service.DemoDataService --   First transaction date: NOVEMBER 2025
16:43:40.634 [main] INFO com.finsight.service.DemoDataService -- Generating 25 transactions for month: DECEMBER 2025
16:43:40.635 [main] INFO com.finsight.service.DemoDataService --   First transaction date: DECEMBER 2025
16:43:40.636 [main] INFO com.finsight.service.DemoDataService -- Generating 26 transactions for month: JANUARY 2026
16:43:40.636 [main] INFO com.finsight.service.DemoDataService --   First transaction date: JANUARY 2026
16:43:40.636 [main] INFO com.finsight.service.DemoDataService -- Generating 28 transactions for month: FEBRUARY 2026
16:43:40.637 [main] INFO com.finsight.service.DemoDataService --   First transaction date: FEBRUARY 2026
16:43:40.637 [main] INFO com.finsight.service.DemoDataService -- Generating 30 transactions for month: MARCH 2026
16:43:40.637 [main] INFO com.finsight.service.DemoDataService --   First transaction date: MARCH 2026
16:43:40.637 [main] INFO com.finsight.service.DemoDataService -- Generated 227 total transactions across 12 months
16:43:40.638 [main] WARN com.finsight.service.DemoDataService -- Created fraud alert for transaction 1 with severity HIGH
16:43:40.639 [main] INFO com.finsight.service.DemoDataService -- Created fraud alert for demo transaction 1 with score 85.0 (HIGH)
16:43:40.640 [main] WARN com.finsight.service.DemoDataService -- Created fraud alert for transaction 1 with severity HIGH
16:43:40.640 [main] INFO com.finsight.service.DemoDataService -- Created fraud alert for demo transaction 1 with score 85.0 (HIGH)
16:43:40.640 [main] WARN com.finsight.service.DemoDataService -- Created fraud alert for transaction 1 with severity HIGH
16:43:40.640 [main] INFO com.finsight.service.DemoDataService -- Created fraud alert for demo transaction 1 with score 85.0 (HIGH)
16:43:40.641 [main] WARN com.finsight.service.DemoDataService -- Created fraud alert for transaction 1 with severity HIGH
16:43:40.641 [main] INFO com.finsight.service.DemoDataService -- Created fraud alert for demo transaction 1 with score 85.0 (HIGH)
16:43:40.642 [main] WARN com.finsight.service.DemoDataService -- Created fraud alert for transaction 1 with severity HIGH
16:43:40.642 [main] INFO com.finsight.service.DemoDataService -- Created fraud alert for demo transaction 1 with score 85.0 (HIGH)
16:43:40.642 [main] WARN com.finsight.service.DemoDataService -- Created fraud alert for transaction 1 with severity HIGH
16:43:40.643 [main] INFO com.finsight.service.DemoDataService -- Created fraud alert for demo transaction 1 with score 85.0 (HIGH)
16:43:40.643 [main] WARN com.finsight.service.DemoDataService -- Created fraud alert for transaction 1 with severity HIGH
16:43:40.643 [main] INFO com.finsight.service.DemoDataService -- Created fraud alert for demo transaction 1 with score 85.0 (HIGH)
16:43:40.643 [main] WARN com.finsight.service.DemoDataService -- Created fraud alert for transaction 1 with severity HIGH
16:43:40.644 [main] INFO com.finsight.service.DemoDataService -- Created fraud alert for demo transaction 1 with score 85.0 (HIGH)
16:43:40.645 [main] WARN com.finsight.service.DemoDataService -- Created fraud alert for transaction 1 with severity HIGH
16:43:40.649 [main] INFO com.finsight.service.DemoDataService -- Created fraud alert for demo transaction 1 with score 85.0 (HIGH)
16:43:40.649 [main] WARN com.finsight.service.DemoDataService -- Created fraud alert for transaction 1 with severity HIGH
16:43:40.650 [main] INFO com.finsight.service.DemoDataService -- Created fraud alert for demo transaction 1 with score 85.0 (HIGH)
16:43:40.652 [main] WARN com.finsight.service.DemoDataService -- Created fraud alert for transaction 1 with severity HIGH
16:43:40.652 [main] INFO com.finsight.service.DemoDataService -- Created fraud alert for demo transaction 1 with score 85.0 (HIGH)
16:43:40.653 [main] WARN com.finsight.service.DemoDataService -- Created fraud alert for transaction 1 with severity HIGH
16:43:40.653 [main] INFO com.finsight.service.DemoDataService -- Created fraud alert for demo transaction 1 with score 85.0 (HIGH)
16:43:40.654 [main] WARN com.finsight.service.DemoDataService -- Created fraud alert for transaction 1 with severity HIGH
16:43:40.654 [main] INFO com.finsight.service.DemoDataService -- Created fraud alert for demo transaction 1 with score 85.0 (HIGH)
16:43:40.654 [main] WARN com.finsight.service.DemoDataService -- Created fraud alert for transaction 1 with severity HIGH
16:43:40.654 [main] INFO com.finsight.service.DemoDataService -- Created fraud alert for demo transaction 1 with score 85.0 (HIGH)
16:43:40.654 [main] WARN com.finsight.service.DemoDataService -- Created fraud alert for transaction 1 with severity HIGH
16:43:40.656 [main] INFO com.finsight.service.DemoDataService -- Created fraud alert for demo transaction 1 with score 85.0 (HIGH)
16:43:40.656 [main] WARN com.finsight.service.DemoDataService -- Created fraud alert for transaction 1 with severity HIGH
16:43:40.656 [main] INFO com.finsight.service.DemoDataService -- Created fraud alert for demo transaction 1 with score 85.0 (HIGH)
16:43:40.657 [main] WARN com.finsight.service.DemoDataService -- Created fraud alert for transaction 1 with severity HIGH
16:43:40.657 [main] INFO com.finsight.service.DemoDataService -- Created fraud alert for demo transaction 1 with score 85.0 (HIGH)
16:43:40.657 [main] WARN com.finsight.service.DemoDataService -- Created fraud alert for transaction 1 with severity HIGH
16:43:40.658 [main] INFO com.finsight.service.DemoDataService -- Created fraud alert for demo transaction 1 with score 85.0 (HIGH)
16:43:40.658 [main] WARN com.finsight.service.DemoDataService -- Created fraud alert for transaction 1 with severity HIGH
16:43:40.658 [main] INFO com.finsight.service.DemoDataService -- Created fraud alert for demo transaction 1 with score 85.0 (HIGH)
16:43:40.658 [main] WARN com.finsight.service.DemoDataService -- Created fraud alert for transaction 1 with severity HIGH
16:43:40.658 [main] INFO com.finsight.service.DemoDataService -- Created fraud alert for demo transaction 1 with score 85.0 (HIGH)
16:43:40.659 [main] WARN com.finsight.service.DemoDataService -- Created fraud alert for transaction 1 with severity HIGH
16:43:40.659 [main] INFO com.finsight.service.DemoDataService -- Created fraud alert for demo transaction 1 with score 85.0 (HIGH)
16:43:40.659 [main] WARN com.finsight.service.DemoDataService -- Created fraud alert for transaction 1 with severity HIGH
16:43:40.659 [main] INFO com.finsight.service.DemoDataService -- Created fraud alert for demo transaction 1 with score 85.0 (HIGH)
16:43:40.659 [main] WARN com.finsight.service.DemoDataService -- Created fraud alert for transaction 1 with severity HIGH
16:43:40.660 [main] INFO com.finsight.service.DemoDataService -- Created fraud alert for demo transaction 1 with score 85.0 (HIGH)
16:43:40.660 [main] WARN com.finsight.service.DemoDataService -- Created fraud alert for transaction 1 with severity HIGH
16:43:40.660 [main] INFO com.finsight.service.DemoDataService -- Created fraud alert for demo transaction 1 with score 85.0 (HIGH)
16:43:40.660 [main] WARN com.finsight.service.DemoDataService -- Created fraud alert for transaction 1 with severity HIGH
16:43:40.660 [main] INFO com.finsight.service.DemoDataService -- Created fraud alert for demo transaction 1 with score 85.0 (HIGH)
16:43:40.662 [main] WARN com.finsight.service.DemoDataService -- Created fraud alert for transaction 1 with severity HIGH
16:43:40.663 [main] INFO com.finsight.service.DemoDataService -- Created fraud alert for demo transaction 1 with score 85.0 (HIGH)
16:43:40.663 [main] WARN com.finsight.service.DemoDataService -- Created fraud alert for transaction 1 with severity HIGH
16:43:40.663 [main] INFO com.finsight.service.DemoDataService -- Created fraud alert for demo transaction 1 with score 85.0 (HIGH)
16:43:40.663 [main] WARN com.finsight.service.DemoDataService -- Created fraud alert for transaction 1 with severity HIGH
16:43:40.664 [main] INFO com.finsight.service.DemoDataService -- Created fraud alert for demo transaction 1 with score 85.0 (HIGH)
16:43:40.664 [main] WARN com.finsight.service.DemoDataService -- Created fraud alert for transaction 1 with severity HIGH
16:43:40.664 [main] INFO com.finsight.service.DemoDataService -- Created fraud alert for demo transaction 1 with score 85.0 (HIGH)
16:43:40.665 [main] WARN com.finsight.service.DemoDataService -- Created fraud alert for transaction 1 with severity HIGH
16:43:40.665 [main] INFO com.finsight.service.DemoDataService -- Created fraud alert for demo transaction 1 with score 85.0 (HIGH)
16:43:40.666 [main] WARN com.finsight.service.DemoDataService -- Created fraud alert for transaction 1 with severity HIGH
16:43:40.666 [main] INFO com.finsight.service.DemoDataService -- Created fraud alert for demo transaction 1 with score 85.0 (HIGH)
16:43:40.668 [main] WARN com.finsight.service.DemoDataService -- Created fraud alert for transaction 1 with severity HIGH
16:43:40.668 [main] INFO com.finsight.service.DemoDataService -- Created fraud alert for demo transaction 1 with score 85.0 (HIGH)
16:43:40.669 [main] WARN com.finsight.service.DemoDataService -- Created fraud alert for transaction 1 with severity HIGH
16:43:40.669 [main] INFO com.finsight.service.DemoDataService -- Created fraud alert for demo transaction 1 with score 85.0 (HIGH)
16:43:40.669 [main] WARN com.finsight.service.DemoDataService -- Created fraud alert for transaction 1 with severity HIGH
16:43:40.669 [main] INFO com.finsight.service.DemoDataService -- Created fraud alert for demo transaction 1 with score 85.0 (HIGH)
16:43:40.670 [main] WARN com.finsight.service.DemoDataService -- Created fraud alert for transaction 1 with severity HIGH
16:43:40.670 [main] INFO com.finsight.service.DemoDataService -- Created fraud alert for demo transaction 1 with score 85.0 (HIGH)
16:43:40.670 [main] WARN com.finsight.service.DemoDataService -- Created fraud alert for transaction 1 with severity HIGH
16:43:40.670 [main] INFO com.finsight.service.DemoDataService -- Created fraud alert for demo transaction 1 with score 85.0 (HIGH)
16:43:40.670 [main] WARN com.finsight.service.DemoDataService -- Created fraud alert for transaction 1 with severity HIGH
16:43:40.670 [main] INFO com.finsight.service.DemoDataService -- Created fraud alert for demo transaction 1 with score 85.0 (HIGH)
16:43:40.671 [main] WARN com.finsight.service.DemoDataService -- Created fraud alert for transaction 1 with severity HIGH
16:43:40.671 [main] INFO com.finsight.service.DemoDataService -- Created fraud alert for demo transaction 1 with score 85.0 (HIGH)
16:43:40.671 [main] WARN com.finsight.service.DemoDataService -- Created fraud alert for transaction 1 with severity HIGH
16:43:40.671 [main] INFO com.finsight.service.DemoDataService -- Created fraud alert for demo transaction 1 with score 85.0 (HIGH)
16:43:40.672 [main] WARN com.finsight.service.DemoDataService -- Created fraud alert for transaction 1 with severity HIGH
16:43:40.672 [main] INFO com.finsight.service.DemoDataService -- Created fraud alert for demo transaction 1 with score 85.0 (HIGH)
16:43:40.672 [main] WARN com.finsight.service.DemoDataService -- Created fraud alert for transaction 1 with severity HIGH
16:43:40.672 [main] INFO com.finsight.service.DemoDataService -- Created fraud alert for demo transaction 1 with score 85.0 (HIGH)
16:43:40.673 [main] WARN com.finsight.service.DemoDataService -- Created fraud alert for transaction 1 with severity HIGH
16:43:40.673 [main] INFO com.finsight.service.DemoDataService -- Created fraud alert for demo transaction 1 with score 85.0 (HIGH)
16:43:40.673 [main] WARN com.finsight.service.DemoDataService -- Created fraud alert for transaction 1 with severity HIGH
16:43:40.673 [main] INFO com.finsight.service.DemoDataService -- Created fraud alert for demo transaction 1 with score 85.0 (HIGH)
16:43:40.674 [main] WARN com.finsight.service.DemoDataService -- Created fraud alert for transaction 1 with severity HIGH
16:43:40.674 [main] INFO com.finsight.service.DemoDataService -- Created fraud alert for demo transaction 1 with score 85.0 (HIGH)
16:43:40.674 [main] WARN com.finsight.service.DemoDataService -- Created fraud alert for transaction 1 with severity HIGH
16:43:40.674 [main] INFO com.finsight.service.DemoDataService -- Created fraud alert for demo transaction 1 with score 85.0 (HIGH)
16:43:40.675 [main] WARN com.finsight.service.DemoDataService -- Created fraud alert for transaction 1 with severity HIGH
16:43:40.675 [main] INFO com.finsight.service.DemoDataService -- Created fraud alert for demo transaction 1 with score 85.0 (HIGH)
16:43:40.675 [main] WARN com.finsight.service.DemoDataService -- Created fraud alert for transaction 1 with severity HIGH
16:43:40.675 [main] INFO com.finsight.service.DemoDataService -- Created fraud alert for demo transaction 1 with score 85.0 (HIGH)
16:43:40.676 [main] WARN com.finsight.service.DemoDataService -- Created fraud alert for transaction 1 with severity HIGH
16:43:40.676 [main] INFO com.finsight.service.DemoDataService -- Created fraud alert for demo transaction 1 with score 85.0 (HIGH)
16:43:40.676 [main] WARN com.finsight.service.DemoDataService -- Created fraud alert for transaction 1 with severity HIGH
16:43:40.676 [main] INFO com.finsight.service.DemoDataService -- Created fraud alert for demo transaction 1 with score 85.0 (HIGH)
16:43:40.677 [main] WARN com.finsight.service.DemoDataService -- Created fraud alert for transaction 1 with severity HIGH
16:43:40.677 [main] INFO com.finsight.service.DemoDataService -- Created fraud alert for demo transaction 1 with score 85.0 (HIGH)
16:43:40.677 [main] WARN com.finsight.service.DemoDataService -- Created fraud alert for transaction 1 with severity HIGH
16:43:40.677 [main] INFO com.finsight.service.DemoDataService -- Created fraud alert for demo transaction 1 with score 85.0 (HIGH)
16:43:40.678 [main] WARN com.finsight.service.DemoDataService -- Created fraud alert for transaction 1 with severity HIGH
16:43:40.678 [main] INFO com.finsight.service.DemoDataService -- Created fraud alert for demo transaction 1 with score 85.0 (HIGH)
16:43:40.678 [main] WARN com.finsight.service.DemoDataService -- Created fraud alert for transaction 1 with severity HIGH
16:43:40.678 [main] INFO com.finsight.service.DemoDataService -- Created fraud alert for demo transaction 1 with score 85.0 (HIGH)
16:43:40.679 [main] WARN com.finsight.service.DemoDataService -- Created fraud alert for transaction 1 with severity HIGH
16:43:40.679 [main] INFO com.finsight.service.DemoDataService -- Created fraud alert for demo transaction 1 with score 85.0 (HIGH)
16:43:40.679 [main] WARN com.finsight.service.DemoDataService -- Created fraud alert for transaction 1 with severity HIGH
16:43:40.679 [main] INFO com.finsight.service.DemoDataService -- Created fraud alert for demo transaction 1 with score 85.0 (HIGH)
16:43:40.679 [main] WARN com.finsight.service.DemoDataService -- Created fraud alert for transaction 1 with severity HIGH
16:43:40.679 [main] INFO com.finsight.service.DemoDataService -- Created fraud alert for demo transaction 1 with score 85.0 (HIGH)
16:43:40.680 [main] WARN com.finsight.service.DemoDataService -- Created fraud alert for transaction 1 with severity HIGH
16:43:40.680 [main] INFO com.finsight.service.DemoDataService -- Created fraud alert for demo transaction 1 with score 85.0 (HIGH)
16:43:40.680 [main] WARN com.finsight.service.DemoDataService -- Created fraud alert for transaction 1 with severity HIGH
16:43:40.680 [main] INFO com.finsight.service.DemoDataService -- Created fraud alert for demo transaction 1 with score 85.0 (HIGH)
16:43:40.681 [main] WARN com.finsight.service.DemoDataService -- Created fraud alert for transaction 1 with severity HIGH
16:43:40.681 [main] INFO com.finsight.service.DemoDataService -- Created fraud alert for demo transaction 1 with score 85.0 (HIGH)
16:43:40.682 [main] WARN com.finsight.service.DemoDataService -- Created fraud alert for transaction 1 with severity HIGH
16:43:40.682 [main] INFO com.finsight.service.DemoDataService -- Created fraud alert for demo transaction 1 with score 85.0 (HIGH)
16:43:40.683 [main] WARN com.finsight.service.DemoDataService -- Created fraud alert for transaction 1 with severity HIGH
16:43:40.683 [main] INFO com.finsight.service.DemoDataService -- Created fraud alert for demo transaction 1 with score 85.0 (HIGH)
16:43:40.683 [main] WARN com.finsight.service.DemoDataService -- Created fraud alert for transaction 1 with severity HIGH
16:43:40.683 [main] INFO com.finsight.service.DemoDataService -- Created fraud alert for demo transaction 1 with score 85.0 (HIGH)
16:43:40.684 [main] WARN com.finsight.service.DemoDataService -- Created fraud alert for transaction 1 with severity HIGH
16:43:40.684 [main] INFO com.finsight.service.DemoDataService -- Created fraud alert for demo transaction 1 with score 85.0 (HIGH)
16:43:40.684 [main] WARN com.finsight.service.DemoDataService -- Created fraud alert for transaction 1 with severity HIGH
16:43:40.684 [main] INFO com.finsight.service.DemoDataService -- Created fraud alert for demo transaction 1 with score 85.0 (HIGH)
16:43:40.685 [main] WARN com.finsight.service.DemoDataService -- Created fraud alert for transaction 1 with severity HIGH
16:43:40.685 [main] INFO com.finsight.service.DemoDataService -- Created fraud alert for demo transaction 1 with score 85.0 (HIGH)
16:43:40.685 [main] WARN com.finsight.service.DemoDataService -- Created fraud alert for transaction 1 with severity HIGH
16:43:40.685 [main] INFO com.finsight.service.DemoDataService -- Created fraud alert for demo transaction 1 with score 85.0 (HIGH)
16:43:40.685 [main] WARN com.finsight.service.DemoDataService -- Created fraud alert for transaction 1 with severity HIGH
16:43:40.686 [main] INFO com.finsight.service.DemoDataService -- Created fraud alert for demo transaction 1 with score 85.0 (HIGH)
16:43:40.686 [main] WARN com.finsight.service.DemoDataService -- Created fraud alert for transaction 1 with severity HIGH
16:43:40.686 [main] INFO com.finsight.service.DemoDataService -- Created fraud alert for demo transaction 1 with score 85.0 (HIGH)
16:43:40.686 [main] WARN com.finsight.service.DemoDataService -- Created fraud alert for transaction 1 with severity HIGH
16:43:40.686 [main] INFO com.finsight.service.DemoDataService -- Created fraud alert for demo transaction 1 with score 85.0 (HIGH)
16:43:40.686 [main] WARN com.finsight.service.DemoDataService -- Created fraud alert for transaction 1 with severity HIGH
16:43:40.686 [main] INFO com.finsight.service.DemoDataService -- Created fraud alert for demo transaction 1 with score 85.0 (HIGH)
16:43:40.687 [main] WARN com.finsight.service.DemoDataService -- Created fraud alert for transaction 1 with severity HIGH
16:43:40.687 [main] INFO com.finsight.service.DemoDataService -- Created fraud alert for demo transaction 1 with score 85.0 (HIGH)
16:43:40.687 [main] WARN com.finsight.service.DemoDataService -- Created fraud alert for transaction 1 with severity HIGH
16:43:40.687 [main] INFO com.finsight.service.DemoDataService -- Created fraud alert for demo transaction 1 with score 85.0 (HIGH)
16:43:40.687 [main] WARN com.finsight.service.DemoDataService -- Created fraud alert for transaction 1 with severity HIGH
16:43:40.687 [main] INFO com.finsight.service.DemoDataService -- Created fraud alert for demo transaction 1 with score 85.0 (HIGH)
16:43:40.688 [main] WARN com.finsight.service.DemoDataService -- Created fraud alert for transaction 1 with severity HIGH
16:43:40.688 [main] INFO com.finsight.service.DemoDataService -- Created fraud alert for demo transaction 1 with score 85.0 (HIGH)
16:43:40.688 [main] WARN com.finsight.service.DemoDataService -- Created fraud alert for transaction 1 with severity HIGH
16:43:40.688 [main] INFO com.finsight.service.DemoDataService -- Created fraud alert for demo transaction 1 with score 85.0 (HIGH)
16:43:40.688 [main] WARN com.finsight.service.DemoDataService -- Created fraud alert for transaction 1 with severity HIGH
16:43:40.688 [main] INFO com.finsight.service.DemoDataService -- Created fraud alert for demo transaction 1 with score 85.0 (HIGH)
16:43:40.689 [main] WARN com.finsight.service.DemoDataService -- Created fraud alert for transaction 1 with severity HIGH
16:43:40.689 [main] INFO com.finsight.service.DemoDataService -- Created fraud alert for demo transaction 1 with score 85.0 (HIGH)
16:43:40.689 [main] WARN com.finsight.service.DemoDataService -- Created fraud alert for transaction 1 with severity HIGH
16:43:40.689 [main] INFO com.finsight.service.DemoDataService -- Created fraud alert for demo transaction 1 with score 85.0 (HIGH)
16:43:40.690 [main] WARN com.finsight.service.DemoDataService -- Created fraud alert for transaction 1 with severity HIGH
16:43:40.690 [main] INFO com.finsight.service.DemoDataService -- Created fraud alert for demo transaction 1 with score 85.0 (HIGH)
16:43:40.690 [main] WARN com.finsight.service.DemoDataService -- Created fraud alert for transaction 1 with severity HIGH
16:43:40.690 [main] INFO com.finsight.service.DemoDataService -- Created fraud alert for demo transaction 1 with score 85.0 (HIGH)
16:43:40.690 [main] WARN com.finsight.service.DemoDataService -- Created fraud alert for transaction 1 with severity HIGH
16:43:40.691 [main] INFO com.finsight.service.DemoDataService -- Created fraud alert for demo transaction 1 with score 85.0 (HIGH)
16:43:40.691 [main] WARN com.finsight.service.DemoDataService -- Created fraud alert for transaction 1 with severity HIGH
16:43:40.691 [main] INFO com.finsight.service.DemoDataService -- Created fraud alert for demo transaction 1 with score 85.0 (HIGH)
16:43:40.691 [main] WARN com.finsight.service.DemoDataService -- Created fraud alert for transaction 1 with severity HIGH
16:43:40.692 [main] INFO com.finsight.service.DemoDataService -- Created fraud alert for demo transaction 1 with score 85.0 (HIGH)
16:43:40.692 [main] WARN com.finsight.service.DemoDataService -- Created fraud alert for transaction 1 with severity HIGH
16:43:40.692 [main] INFO com.finsight.service.DemoDataService -- Created fraud alert for demo transaction 1 with score 85.0 (HIGH)
16:43:40.692 [main] WARN com.finsight.service.DemoDataService -- Created fraud alert for transaction 1 with severity HIGH
16:43:40.692 [main] INFO com.finsight.service.DemoDataService -- Created fraud alert for demo transaction 1 with score 85.0 (HIGH)
16:43:40.693 [main] WARN com.finsight.service.DemoDataService -- Created fraud alert for transaction 1 with severity HIGH
16:43:40.693 [main] INFO com.finsight.service.DemoDataService -- Created fraud alert for demo transaction 1 with score 85.0 (HIGH)
16:43:40.693 [main] WARN com.finsight.service.DemoDataService -- Created fraud alert for transaction 1 with severity HIGH
16:43:40.693 [main] INFO com.finsight.service.DemoDataService -- Created fraud alert for demo transaction 1 with score 85.0 (HIGH)
16:43:40.693 [main] WARN com.finsight.service.DemoDataService -- Created fraud alert for transaction 1 with severity HIGH
16:43:40.693 [main] INFO com.finsight.service.DemoDataService -- Created fraud alert for demo transaction 1 with score 85.0 (HIGH)
16:43:40.694 [main] WARN com.finsight.service.DemoDataService -- Created fraud alert for transaction 1 with severity HIGH
16:43:40.694 [main] INFO com.finsight.service.DemoDataService -- Created fraud alert for demo transaction 1 with score 85.0 (HIGH)
16:43:40.694 [main] WARN com.finsight.service.DemoDataService -- Created fraud alert for transaction 1 with severity HIGH
16:43:40.694 [main] INFO com.finsight.service.DemoDataService -- Created fraud alert for demo transaction 1 with score 85.0 (HIGH)
16:43:40.694 [main] WARN com.finsight.service.DemoDataService -- Created fraud alert for transaction 1 with severity HIGH
16:43:40.694 [main] INFO com.finsight.service.DemoDataService -- Created fraud alert for demo transaction 1 with score 85.0 (HIGH)
16:43:40.695 [main] WARN com.finsight.service.DemoDataService -- Created fraud alert for transaction 1 with severity HIGH
16:43:40.695 [main] INFO com.finsight.service.DemoDataService -- Created fraud alert for demo transaction 1 with score 85.0 (HIGH)
16:43:40.695 [main] WARN com.finsight.service.DemoDataService -- Created fraud alert for transaction 1 with severity HIGH
16:43:40.695 [main] INFO com.finsight.service.DemoDataService -- Created fraud alert for demo transaction 1 with score 85.0 (HIGH)
16:43:40.696 [main] WARN com.finsight.service.DemoDataService -- Created fraud alert for transaction 1 with severity HIGH
16:43:40.696 [main] INFO com.finsight.service.DemoDataService -- Created fraud alert for demo transaction 1 with score 85.0 (HIGH)
16:43:40.696 [main] WARN com.finsight.service.DemoDataService -- Created fraud alert for transaction 1 with severity HIGH
16:43:40.696 [main] INFO com.finsight.service.DemoDataService -- Created fraud alert for demo transaction 1 with score 85.0 (HIGH)
16:43:40.697 [main] WARN com.finsight.service.DemoDataService -- Created fraud alert for transaction 1 with severity HIGH
16:43:40.698 [main] INFO com.finsight.service.DemoDataService -- Created fraud alert for demo transaction 1 with score 85.0 (HIGH)
16:43:40.699 [main] WARN com.finsight.service.DemoDataService -- Created fraud alert for transaction 1 with severity HIGH
16:43:40.700 [main] INFO com.finsight.service.DemoDataService -- Created fraud alert for demo transaction 1 with score 85.0 (HIGH)
16:43:40.700 [main] WARN com.finsight.service.DemoDataService -- Created fraud alert for transaction 1 with severity HIGH
16:43:40.700 [main] INFO com.finsight.service.DemoDataService -- Created fraud alert for demo transaction 1 with score 85.0 (HIGH)
16:43:40.701 [main] WARN com.finsight.service.DemoDataService -- Created fraud alert for transaction 1 with severity HIGH
16:43:40.701 [main] INFO com.finsight.service.DemoDataService -- Created fraud alert for demo transaction 1 with score 85.0 (HIGH)
16:43:40.701 [main] WARN com.finsight.service.DemoDataService -- Created fraud alert for transaction 1 with severity HIGH
16:43:40.701 [main] INFO com.finsight.service.DemoDataService -- Created fraud alert for demo transaction 1 with score 85.0 (HIGH)
16:43:40.701 [main] WARN com.finsight.service.DemoDataService -- Created fraud alert for transaction 1 with severity HIGH
16:43:40.701 [main] INFO com.finsight.service.DemoDataService -- Created fraud alert for demo transaction 1 with score 85.0 (HIGH)
16:43:40.702 [main] WARN com.finsight.service.DemoDataService -- Created fraud alert for transaction 1 with severity HIGH
16:43:40.702 [main] INFO com.finsight.service.DemoDataService -- Created fraud alert for demo transaction 1 with score 85.0 (HIGH)
16:43:40.702 [main] WARN com.finsight.service.DemoDataService -- Created fraud alert for transaction 1 with severity HIGH
16:43:40.702 [main] INFO com.finsight.service.DemoDataService -- Created fraud alert for demo transaction 1 with score 85.0 (HIGH)
16:43:40.702 [main] WARN com.finsight.service.DemoDataService -- Created fraud alert for transaction 1 with severity HIGH
16:43:40.702 [main] INFO com.finsight.service.DemoDataService -- Created fraud alert for demo transaction 1 with score 85.0 (HIGH)
16:43:40.703 [main] WARN com.finsight.service.DemoDataService -- Created fraud alert for transaction 1 with severity HIGH
16:43:40.703 [main] INFO com.finsight.service.DemoDataService -- Created fraud alert for demo transaction 1 with score 85.0 (HIGH)
16:43:40.703 [main] WARN com.finsight.service.DemoDataService -- Created fraud alert for transaction 1 with severity HIGH
16:43:40.703 [main] INFO com.finsight.service.DemoDataService -- Created fraud alert for demo transaction 1 with score 85.0 (HIGH)
16:43:40.704 [main] WARN com.finsight.service.DemoDataService -- Created fraud alert for transaction 1 with severity HIGH
16:43:40.704 [main] INFO com.finsight.service.DemoDataService -- Created fraud alert for demo transaction 1 with score 85.0 (HIGH)
16:43:40.704 [main] WARN com.finsight.service.DemoDataService -- Created fraud alert for transaction 1 with severity HIGH
16:43:40.704 [main] INFO com.finsight.service.DemoDataService -- Created fraud alert for demo transaction 1 with score 85.0 (HIGH)
16:43:40.704 [main] WARN com.finsight.service.DemoDataService -- Created fraud alert for transaction 1 with severity HIGH
16:43:40.704 [main] INFO com.finsight.service.DemoDataService -- Created fraud alert for demo transaction 1 with score 85.0 (HIGH)
16:43:40.705 [main] WARN com.finsight.service.DemoDataService -- Created fraud alert for transaction 1 with severity HIGH
16:43:40.705 [main] INFO com.finsight.service.DemoDataService -- Created fraud alert for demo transaction 1 with score 85.0 (HIGH)
16:43:40.705 [main] WARN com.finsight.service.DemoDataService -- Created fraud alert for transaction 1 with severity HIGH
16:43:40.705 [main] INFO com.finsight.service.DemoDataService -- Created fraud alert for demo transaction 1 with score 85.0 (HIGH)
16:43:40.705 [main] WARN com.finsight.service.DemoDataService -- Created fraud alert for transaction 1 with severity HIGH
16:43:40.705 [main] INFO com.finsight.service.DemoDataService -- Created fraud alert for demo transaction 1 with score 85.0 (HIGH)
16:43:40.706 [main] WARN com.finsight.service.DemoDataService -- Created fraud alert for transaction 1 with severity HIGH
16:43:40.706 [main] INFO com.finsight.service.DemoDataService -- Created fraud alert for demo transaction 1 with score 85.0 (HIGH)
16:43:40.706 [main] WARN com.finsight.service.DemoDataService -- Created fraud alert for transaction 1 with severity HIGH
16:43:40.706 [main] INFO com.finsight.service.DemoDataService -- Created fraud alert for demo transaction 1 with score 85.0 (HIGH)
16:43:40.706 [main] WARN com.finsight.service.DemoDataService -- Created fraud alert for transaction 1 with severity HIGH
16:43:40.706 [main] INFO com.finsight.service.DemoDataService -- Created fraud alert for demo transaction 1 with score 85.0 (HIGH)
16:43:40.707 [main] WARN com.finsight.service.DemoDataService -- Created fraud alert for transaction 1 with severity HIGH
16:43:40.707 [main] INFO com.finsight.service.DemoDataService -- Created fraud alert for demo transaction 1 with score 85.0 (HIGH)
16:43:40.707 [main] WARN com.finsight.service.DemoDataService -- Created fraud alert for transaction 1 with severity HIGH
16:43:40.707 [main] INFO com.finsight.service.DemoDataService -- Created fraud alert for demo transaction 1 with score 85.0 (HIGH)
16:43:40.708 [main] WARN com.finsight.service.DemoDataService -- Created fraud alert for transaction 1 with severity HIGH
16:43:40.708 [main] INFO com.finsight.service.DemoDataService -- Created fraud alert for demo transaction 1 with score 85.0 (HIGH)
16:43:40.708 [main] WARN com.finsight.service.DemoDataService -- Created fraud alert for transaction 1 with severity HIGH
16:43:40.708 [main] INFO com.finsight.service.DemoDataService -- Created fraud alert for demo transaction 1 with score 85.0 (HIGH)
16:43:40.709 [main] WARN com.finsight.service.DemoDataService -- Created fraud alert for transaction 1 with severity HIGH
16:43:40.709 [main] INFO com.finsight.service.DemoDataService -- Created fraud alert for demo transaction 1 with score 85.0 (HIGH)
16:43:40.709 [main] WARN com.finsight.service.DemoDataService -- Created fraud alert for transaction 1 with severity HIGH
16:43:40.709 [main] INFO com.finsight.service.DemoDataService -- Created fraud alert for demo transaction 1 with score 85.0 (HIGH)
16:43:40.709 [main] WARN com.finsight.service.DemoDataService -- Created fraud alert for transaction 1 with severity HIGH
16:43:40.710 [main] INFO com.finsight.service.DemoDataService -- Created fraud alert for demo transaction 1 with score 85.0 (HIGH)
16:43:40.710 [main] WARN com.finsight.service.DemoDataService -- Created fraud alert for transaction 1 with severity HIGH
16:43:40.710 [main] INFO com.finsight.service.DemoDataService -- Created fraud alert for demo transaction 1 with score 85.0 (HIGH)
16:43:40.710 [main] WARN com.finsight.service.DemoDataService -- Created fraud alert for transaction 1 with severity HIGH
16:43:40.710 [main] INFO com.finsight.service.DemoDataService -- Created fraud alert for demo transaction 1 with score 85.0 (HIGH)
16:43:40.711 [main] WARN com.finsight.service.DemoDataService -- Created fraud alert for transaction 1 with severity HIGH
16:43:40.711 [main] INFO com.finsight.service.DemoDataService -- Created fraud alert for demo transaction 1 with score 85.0 (HIGH)
16:43:40.711 [main] WARN com.finsight.service.DemoDataService -- Created fraud alert for transaction 1 with severity HIGH
16:43:40.711 [main] INFO com.finsight.service.DemoDataService -- Created fraud alert for demo transaction 1 with score 85.0 (HIGH)
16:43:40.711 [main] WARN com.finsight.service.DemoDataService -- Created fraud alert for transaction 1 with severity HIGH
16:43:40.711 [main] INFO com.finsight.service.DemoDataService -- Created fraud alert for demo transaction 1 with score 85.0 (HIGH)
16:43:40.712 [main] WARN com.finsight.service.DemoDataService -- Created fraud alert for transaction 1 with severity HIGH
16:43:40.712 [main] INFO com.finsight.service.DemoDataService -- Created fraud alert for demo transaction 1 with score 85.0 (HIGH)
16:43:40.712 [main] WARN com.finsight.service.DemoDataService -- Created fraud alert for transaction 1 with severity HIGH
16:43:40.712 [main] INFO com.finsight.service.DemoDataService -- Created fraud alert for demo transaction 1 with score 85.0 (HIGH)
16:43:40.713 [main] WARN com.finsight.service.DemoDataService -- Created fraud alert for transaction 1 with severity HIGH
16:43:40.713 [main] INFO com.finsight.service.DemoDataService -- Created fraud alert for demo transaction 1 with score 85.0 (HIGH)
16:43:40.713 [main] WARN com.finsight.service.DemoDataService -- Created fraud alert for transaction 1 with severity HIGH
16:43:40.713 [main] INFO com.finsight.service.DemoDataService -- Created fraud alert for demo transaction 1 with score 85.0 (HIGH)
16:43:40.714 [main] WARN com.finsight.service.DemoDataService -- Created fraud alert for transaction 1 with severity HIGH
16:43:40.714 [main] INFO com.finsight.service.DemoDataService -- Created fraud alert for demo transaction 1 with score 85.0 (HIGH)
16:43:40.715 [main] WARN com.finsight.service.DemoDataService -- Created fraud alert for transaction 1 with severity HIGH
16:43:40.715 [main] INFO com.finsight.service.DemoDataService -- Created fraud alert for demo transaction 1 with score 85.0 (HIGH)
16:43:40.715 [main] WARN com.finsight.service.DemoDataService -- Created fraud alert for transaction 1 with severity HIGH
16:43:40.715 [main] INFO com.finsight.service.DemoDataService -- Created fraud alert for demo transaction 1 with score 85.0 (HIGH)
16:43:40.715 [main] WARN com.finsight.service.DemoDataService -- Created fraud alert for transaction 1 with severity HIGH
16:43:40.716 [main] INFO com.finsight.service.DemoDataService -- Created fraud alert for demo transaction 1 with score 85.0 (HIGH)
16:43:40.716 [main] WARN com.finsight.service.DemoDataService -- Created fraud alert for transaction 1 with severity HIGH
16:43:40.716 [main] INFO com.finsight.service.DemoDataService -- Created fraud alert for demo transaction 1 with score 85.0 (HIGH)
16:43:40.716 [main] WARN com.finsight.service.DemoDataService -- Created fraud alert for transaction 1 with severity HIGH
16:43:40.716 [main] INFO com.finsight.service.DemoDataService -- Created fraud alert for demo transaction 1 with score 85.0 (HIGH)
16:43:40.717 [main] WARN com.finsight.service.DemoDataService -- Created fraud alert for transaction 1 with severity HIGH
16:43:40.717 [main] INFO com.finsight.service.DemoDataService -- Created fraud alert for demo transaction 1 with score 85.0 (HIGH)
16:43:40.717 [main] WARN com.finsight.service.DemoDataService -- Created fraud alert for transaction 1 with severity HIGH
16:43:40.717 [main] INFO com.finsight.service.DemoDataService -- Created fraud alert for demo transaction 1 with score 85.0 (HIGH)
16:43:40.718 [main] WARN com.finsight.service.DemoDataService -- Created fraud alert for transaction 1 with severity HIGH
16:43:40.718 [main] INFO com.finsight.service.DemoDataService -- Created fraud alert for demo transaction 1 with score 85.0 (HIGH)
16:43:40.718 [main] WARN com.finsight.service.DemoDataService -- Created fraud alert for transaction 1 with severity HIGH
16:43:40.718 [main] INFO com.finsight.service.DemoDataService -- Created fraud alert for demo transaction 1 with score 85.0 (HIGH)
16:43:40.718 [main] WARN com.finsight.service.DemoDataService -- Created fraud alert for transaction 1 with severity HIGH
16:43:40.718 [main] INFO com.finsight.service.DemoDataService -- Created fraud alert for demo transaction 1 with score 85.0 (HIGH)
16:43:40.719 [main] WARN com.finsight.service.DemoDataService -- Created fraud alert for transaction 1 with severity HIGH
16:43:40.719 [main] INFO com.finsight.service.DemoDataService -- Created fraud alert for demo transaction 1 with score 85.0 (HIGH)
16:43:40.719 [main] WARN com.finsight.service.DemoDataService -- Created fraud alert for transaction 1 with severity HIGH
16:43:40.719 [main] INFO com.finsight.service.DemoDataService -- Created fraud alert for demo transaction 1 with score 85.0 (HIGH)
16:43:40.719 [main] WARN com.finsight.service.DemoDataService -- Created fraud alert for transaction 1 with severity HIGH
16:43:40.720 [main] INFO com.finsight.service.DemoDataService -- Created fraud alert for demo transaction 1 with score 85.0 (HIGH)
16:43:40.720 [main] WARN com.finsight.service.DemoDataService -- Created fraud alert for transaction 1 with severity HIGH
16:43:40.720 [main] INFO com.finsight.service.DemoDataService -- Created fraud alert for demo transaction 1 with score 85.0 (HIGH)
16:43:40.720 [main] WARN com.finsight.service.DemoDataService -- Created fraud alert for transaction 1 with severity HIGH
16:43:40.720 [main] INFO com.finsight.service.DemoDataService -- Created fraud alert for demo transaction 1 with score 85.0 (HIGH)
16:43:40.720 [main] WARN com.finsight.service.DemoDataService -- Created fraud alert for transaction 1 with severity HIGH
16:43:40.720 [main] INFO com.finsight.service.DemoDataService -- Created fraud alert for demo transaction 1 with score 85.0 (HIGH)
16:43:40.721 [main] WARN com.finsight.service.DemoDataService -- Created fraud alert for transaction 1 with severity HIGH
16:43:40.721 [main] INFO com.finsight.service.DemoDataService -- Created fraud alert for demo transaction 1 with score 85.0 (HIGH)
16:43:40.721 [main] WARN com.finsight.service.DemoDataService -- Created fraud alert for transaction 1 with severity HIGH
16:43:40.721 [main] INFO com.finsight.service.DemoDataService -- Created fraud alert for demo transaction 1 with score 85.0 (HIGH)
16:43:40.722 [main] WARN com.finsight.service.DemoDataService -- Created fraud alert for transaction 1 with severity HIGH
16:43:40.722 [main] INFO com.finsight.service.DemoDataService -- Created fraud alert for demo transaction 1 with score 85.0 (HIGH)
16:43:40.722 [main] WARN com.finsight.service.DemoDataService -- Created fraud alert for transaction 1 with severity HIGH
16:43:40.722 [main] INFO com.finsight.service.DemoDataService -- Created fraud alert for demo transaction 1 with score 85.0 (HIGH)
16:43:40.723 [main] WARN com.finsight.service.DemoDataService -- Created fraud alert for transaction 1 with severity HIGH
16:43:40.723 [main] INFO com.finsight.service.DemoDataService -- Created fraud alert for demo transaction 1 with score 85.0 (HIGH)
16:43:40.724 [main] WARN com.finsight.service.DemoDataService -- Created fraud alert for transaction 1 with severity HIGH
16:43:40.724 [main] INFO com.finsight.service.DemoDataService -- Created fraud alert for demo transaction 1 with score 85.0 (HIGH)
16:43:40.725 [main] WARN com.finsight.service.DemoDataService -- Created fraud alert for transaction 1 with severity HIGH
16:43:40.725 [main] INFO com.finsight.service.DemoDataService -- Created fraud alert for demo transaction 1 with score 85.0 (HIGH)
16:43:40.725 [main] WARN com.finsight.service.DemoDataService -- Created fraud alert for transaction 1 with severity HIGH
16:43:40.725 [main] INFO com.finsight.service.DemoDataService -- Created fraud alert for demo transaction 1 with score 85.0 (HIGH)
16:43:40.726 [main] WARN com.finsight.service.DemoDataService -- Created fraud alert for transaction 1 with severity HIGH
16:43:40.726 [main] INFO com.finsight.service.DemoDataService -- Created fraud alert for demo transaction 1 with score 85.0 (HIGH)
16:43:40.727 [main] WARN com.finsight.service.DemoDataService -- Created fraud alert for transaction 1 with severity HIGH
16:43:40.727 [main] INFO com.finsight.service.DemoDataService -- Created fraud alert for demo transaction 1 with score 85.0 (HIGH)
16:43:40.728 [main] WARN com.finsight.service.DemoDataService -- Created fraud alert for transaction 1 with severity HIGH
16:43:40.728 [main] INFO com.finsight.service.DemoDataService -- Created fraud alert for demo transaction 1 with score 85.0 (HIGH)
16:43:40.729 [main] WARN com.finsight.service.DemoDataService -- Created fraud alert for transaction 1 with severity HIGH
16:43:40.729 [main] INFO com.finsight.service.DemoDataService -- Created fraud alert for demo transaction 1 with score 85.0 (HIGH)
16:43:40.731 [main] WARN com.finsight.service.DemoDataService -- Created fraud alert for transaction 1 with severity HIGH
16:43:40.731 [main] INFO com.finsight.service.DemoDataService -- Created fraud alert for demo transaction 1 with score 85.0 (HIGH)
16:43:40.731 [main] WARN com.finsight.service.DemoDataService -- Created fraud alert for transaction 1 with severity HIGH
16:43:40.731 [main] INFO com.finsight.service.DemoDataService -- Created fraud alert for demo transaction 1 with score 85.0 (HIGH)
16:43:40.732 [main] WARN com.finsight.service.DemoDataService -- Created fraud alert for transaction 1 with severity HIGH
16:43:40.732 [main] INFO com.finsight.service.DemoDataService -- Created fraud alert for demo transaction 1 with score 85.0 (HIGH)
16:43:40.732 [main] WARN com.finsight.service.DemoDataService -- Created fraud alert for transaction 1 with severity HIGH
16:43:40.732 [main] INFO com.finsight.service.DemoDataService -- Created fraud alert for demo transaction 1 with score 85.0 (HIGH)
16:43:40.733 [main] WARN com.finsight.service.DemoDataService -- Created fraud alert for transaction 1 with severity HIGH
16:43:40.735 [main] INFO com.finsight.service.DemoDataService -- Created fraud alert for demo transaction 1 with score 85.0 (HIGH)
16:43:40.737 [main] WARN com.finsight.service.DemoDataService -- Created fraud alert for transaction 1 with severity HIGH
16:43:40.737 [main] INFO com.finsight.service.DemoDataService -- Created fraud alert for demo transaction 1 with score 85.0 (HIGH)
16:43:40.738 [main] WARN com.finsight.service.DemoDataService -- Created fraud alert for transaction 1 with severity HIGH
16:43:40.738 [main] INFO com.finsight.service.DemoDataService -- Created fraud alert for demo transaction 1 with score 85.0 (HIGH)
16:43:40.739 [main] WARN com.finsight.service.DemoDataService -- Created fraud alert for transaction 1 with severity HIGH
16:43:40.739 [main] INFO com.finsight.service.DemoDataService -- Created fraud alert for demo transaction 1 with score 85.0 (HIGH)
16:43:40.746 [main] WARN com.finsight.service.DemoDataService -- Created fraud alert for transaction 1 with severity HIGH
16:43:40.747 [main] INFO com.finsight.service.DemoDataService -- Created fraud alert for demo transaction 1 with score 85.0 (HIGH)
16:43:40.751 [main] WARN com.finsight.service.DemoDataService -- Created fraud alert for transaction 1 with severity HIGH
16:43:40.752 [main] INFO com.finsight.service.DemoDataService -- Created fraud alert for demo transaction 1 with score 85.0 (HIGH)
16:43:40.754 [main] WARN com.finsight.service.DemoDataService -- Created fraud alert for transaction 1 with severity HIGH
16:43:40.755 [main] INFO com.finsight.service.DemoDataService -- Created fraud alert for demo transaction 1 with score 85.0 (HIGH)
16:43:40.756 [main] WARN com.finsight.service.DemoDataService -- Created fraud alert for transaction 1 with severity HIGH
16:43:40.756 [main] INFO com.finsight.service.DemoDataService -- Created fraud alert for demo transaction 1 with score 85.0 (HIGH)
16:43:40.757 [main] WARN com.finsight.service.DemoDataService -- Created fraud alert for transaction 1 with severity HIGH
16:43:40.757 [main] INFO com.finsight.service.DemoDataService -- Created fraud alert for demo transaction 1 with score 85.0 (HIGH)
16:43:40.758 [main] WARN com.finsight.service.DemoDataService -- Created fraud alert for transaction 1 with severity HIGH
16:43:40.758 [main] INFO com.finsight.service.DemoDataService -- Created fraud alert for demo transaction 1 with score 85.0 (HIGH)
16:43:40.759 [main] WARN com.finsight.service.DemoDataService -- Created fraud alert for transaction 1 with severity HIGH
16:43:40.759 [main] INFO com.finsight.service.DemoDataService -- Created fraud alert for demo transaction 1 with score 85.0 (HIGH)
16:43:40.760 [main] WARN com.finsight.service.DemoDataService -- Created fraud alert for transaction 1 with severity HIGH
16:43:40.760 [main] INFO com.finsight.service.DemoDataService -- Created fraud alert for demo transaction 1 with score 85.0 (HIGH)
16:43:40.760 [main] WARN com.finsight.service.DemoDataService -- Created fraud alert for transaction 1 with severity HIGH
16:43:40.762 [main] INFO com.finsight.service.DemoDataService -- Created fraud alert for demo transaction 1 with score 85.0 (HIGH)
16:43:40.763 [main] WARN com.finsight.service.DemoDataService -- Created fraud alert for transaction 1 with severity HIGH
16:43:40.763 [main] INFO com.finsight.service.DemoDataService -- Created fraud alert for demo transaction 1 with score 85.0 (HIGH)
16:43:40.764 [main] WARN com.finsight.service.DemoDataService -- Created fraud alert for transaction 1 with severity HIGH
16:43:40.764 [main] INFO com.finsight.service.DemoDataService -- Created fraud alert for demo transaction 1 with score 85.0 (HIGH)
16:43:40.765 [main] WARN com.finsight.service.DemoDataService -- Created fraud alert for transaction 1 with severity HIGH
16:43:40.765 [main] INFO com.finsight.service.DemoDataService -- Created fraud alert for demo transaction 1 with score 85.0 (HIGH)
16:43:40.765 [main] WARN com.finsight.service.DemoDataService -- Created fraud alert for transaction 1 with severity HIGH
16:43:40.765 [main] INFO com.finsight.service.DemoDataService -- Created fraud alert for demo transaction 1 with score 85.0 (HIGH)
16:43:40.766 [main] WARN com.finsight.service.DemoDataService -- Created fraud alert for transaction 1 with severity HIGH
16:43:40.774 [main] INFO com.finsight.service.DemoDataService -- Created fraud alert for demo transaction 1 with score 85.0 (HIGH)
16:43:40.776 [main] WARN com.finsight.service.DemoDataService -- Created fraud alert for transaction 1 with severity HIGH
16:43:40.776 [main] INFO com.finsight.service.DemoDataService -- Created fraud alert for demo transaction 1 with score 85.0 (HIGH)
16:43:40.777 [main] WARN com.finsight.service.DemoDataService -- Created fraud alert for transaction 1 with severity HIGH
16:43:40.777 [main] INFO com.finsight.service.DemoDataService -- Created fraud alert for demo transaction 1 with score 85.0 (HIGH)
16:43:40.777 [main] WARN com.finsight.service.DemoDataService -- Created fraud alert for transaction 1 with severity HIGH
16:43:40.778 [main] INFO com.finsight.service.DemoDataService -- Created fraud alert for demo transaction 1 with score 85.0 (HIGH)
16:43:40.778 [main] WARN com.finsight.service.DemoDataService -- Created fraud alert for transaction 1 with severity HIGH
16:43:40.778 [main] INFO com.finsight.service.DemoDataService -- Created fraud alert for demo transaction 1 with score 85.0 (HIGH)
16:43:40.778 [main] WARN com.finsight.service.DemoDataService -- Created fraud alert for transaction 1 with severity HIGH
16:43:40.778 [main] INFO com.finsight.service.DemoDataService -- Created fraud alert for demo transaction 1 with score 85.0 (HIGH)
16:43:40.778 [main] WARN com.finsight.service.DemoDataService -- Created fraud alert for transaction 1 with severity HIGH
16:43:40.779 [main] INFO com.finsight.service.DemoDataService -- Created fraud alert for demo transaction 1 with score 85.0 (HIGH)
16:43:40.779 [main] WARN com.finsight.service.DemoDataService -- Created fraud alert for transaction 1 with severity HIGH
16:43:40.779 [main] INFO com.finsight.service.DemoDataService -- Created fraud alert for demo transaction 1 with score 85.0 (HIGH)
16:43:40.779 [main] WARN com.finsight.service.DemoDataService -- Created fraud alert for transaction 1 with severity HIGH
16:43:40.779 [main] INFO com.finsight.service.DemoDataService -- Created fraud alert for demo transaction 1 with score 85.0 (HIGH)
16:43:40.779 [main] WARN com.finsight.service.DemoDataService -- Created fraud alert for transaction 1 with severity HIGH
16:43:40.779 [main] INFO com.finsight.service.DemoDataService -- Created fraud alert for demo transaction 1 with score 85.0 (HIGH)
16:43:40.780 [main] WARN com.finsight.service.DemoDataService -- Created fraud alert for transaction 1 with severity HIGH
16:43:40.780 [main] INFO com.finsight.service.DemoDataService -- Created fraud alert for demo transaction 1 with score 85.0 (HIGH)
16:43:40.780 [main] WARN com.finsight.service.DemoDataService -- Created fraud alert for transaction 1 with severity HIGH
16:43:40.780 [main] INFO com.finsight.service.DemoDataService -- Created fraud alert for demo transaction 1 with score 85.0 (HIGH)
16:43:40.781 [main] WARN com.finsight.service.DemoDataService -- Created fraud alert for transaction 1 with severity HIGH
16:43:40.781 [main] INFO com.finsight.service.DemoDataService -- Created fraud alert for demo transaction 1 with score 85.0 (HIGH)
16:43:40.781 [main] WARN com.finsight.service.DemoDataService -- Created fraud alert for transaction 1 with severity HIGH
16:43:40.781 [main] INFO com.finsight.service.DemoDataService -- Created fraud alert for demo transaction 1 with score 85.0 (HIGH)
16:43:40.783 [main] WARN com.finsight.service.DemoDataService -- Created fraud alert for transaction 1 with severity HIGH
16:43:40.783 [main] INFO com.finsight.service.DemoDataService -- Created fraud alert for demo transaction 1 with score 85.0 (HIGH)
16:43:40.784 [main] WARN com.finsight.service.DemoDataService -- Created fraud alert for transaction 1 with severity HIGH
16:43:40.784 [main] INFO com.finsight.service.DemoDataService -- Created fraud alert for demo transaction 1 with score 85.0 (HIGH)
16:43:40.784 [main] WARN com.finsight.service.DemoDataService -- Created fraud alert for transaction 1 with severity HIGH
16:43:40.784 [main] INFO com.finsight.service.DemoDataService -- Created fraud alert for demo transaction 1 with score 85.0 (HIGH)
16:43:40.784 [main] WARN com.finsight.service.DemoDataService -- Created fraud alert for transaction 1 with severity HIGH
16:43:40.785 [main] INFO com.finsight.service.DemoDataService -- Created fraud alert for demo transaction 1 with score 85.0 (HIGH)
16:43:40.785 [main] WARN com.finsight.service.DemoDataService -- Created fraud alert for transaction 1 with severity HIGH
16:43:40.785 [main] INFO com.finsight.service.DemoDataService -- Created fraud alert for demo transaction 1 with score 85.0 (HIGH)
16:43:40.785 [main] WARN com.finsight.service.DemoDataService -- Created fraud alert for transaction 1 with severity HIGH
16:43:40.787 [main] INFO com.finsight.service.DemoDataService -- Created fraud alert for demo transaction 1 with score 85.0 (HIGH)
16:43:40.788 [main] WARN com.finsight.service.DemoDataService -- Created fraud alert for transaction 1 with severity HIGH
16:43:40.788 [main] INFO com.finsight.service.DemoDataService -- Created fraud alert for demo transaction 1 with score 85.0 (HIGH)
16:43:40.788 [main] WARN com.finsight.service.DemoDataService -- Created fraud alert for transaction 1 with severity HIGH
16:43:40.788 [main] INFO com.finsight.service.DemoDataService -- Created fraud alert for demo transaction 1 with score 85.0 (HIGH)
16:43:40.789 [main] WARN com.finsight.service.DemoDataService -- Created fraud alert for transaction 1 with severity HIGH
16:43:40.789 [main] INFO com.finsight.service.DemoDataService -- Created fraud alert for demo transaction 1 with score 85.0 (HIGH)
16:43:40.789 [main] WARN com.finsight.service.DemoDataService -- Created fraud alert for transaction 1 with severity HIGH
16:43:40.789 [main] INFO com.finsight.service.DemoDataService -- Created fraud alert for demo transaction 1 with score 85.0 (HIGH)
16:43:40.789 [main] WARN com.finsight.service.DemoDataService -- Created fraud alert for transaction 1 with severity HIGH
16:43:40.789 [main] INFO com.finsight.service.DemoDataService -- Created fraud alert for demo transaction 1 with score 85.0 (HIGH)
16:43:40.790 [main] WARN com.finsight.service.DemoDataService -- Created fraud alert for transaction 1 with severity HIGH
16:43:40.790 [main] INFO com.finsight.service.DemoDataService -- Created fraud alert for demo transaction 1 with score 85.0 (HIGH)
16:43:40.790 [main] WARN com.finsight.service.DemoDataService -- Created fraud alert for transaction 1 with severity HIGH
16:43:40.790 [main] INFO com.finsight.service.DemoDataService -- Created fraud alert for demo transaction 1 with score 85.0 (HIGH)
16:43:40.790 [main] WARN com.finsight.service.DemoDataService -- Created fraud alert for transaction 1 with severity HIGH
16:43:40.790 [main] INFO com.finsight.service.DemoDataService -- Created fraud alert for demo transaction 1 with score 85.0 (HIGH)
16:43:40.791 [main] WARN com.finsight.service.DemoDataService -- Created fraud alert for transaction 1 with severity HIGH
16:43:40.791 [main] INFO com.finsight.service.DemoDataService -- Created fraud alert for demo transaction 1 with score 85.0 (HIGH)
16:43:40.791 [main] WARN com.finsight.service.DemoDataService -- Created fraud alert for transaction 1 with severity HIGH
16:43:40.791 [main] INFO com.finsight.service.DemoDataService -- Created fraud alert for demo transaction 1 with score 85.0 (HIGH)
16:43:40.792 [main] WARN com.finsight.service.DemoDataService -- Created fraud alert for transaction 1 with severity HIGH
16:43:40.792 [main] INFO com.finsight.service.DemoDataService -- Created fraud alert for demo transaction 1 with score 85.0 (HIGH)
16:43:40.792 [main] WARN com.finsight.service.DemoDataService -- Created fraud alert for transaction 1 with severity HIGH
16:43:40.792 [main] INFO com.finsight.service.DemoDataService -- Created fraud alert for demo transaction 1 with score 85.0 (HIGH)
16:43:40.792 [main] WARN com.finsight.service.DemoDataService -- Created fraud alert for transaction 1 with severity HIGH
16:43:40.792 [main] INFO com.finsight.service.DemoDataService -- Created fraud alert for demo transaction 1 with score 85.0 (HIGH)
16:43:40.793 [main] WARN com.finsight.service.DemoDataService -- Created fraud alert for transaction 1 with severity HIGH
16:43:40.793 [main] INFO com.finsight.service.DemoDataService -- Created fraud alert for demo transaction 1 with score 85.0 (HIGH)
16:43:40.793 [main] WARN com.finsight.service.DemoDataService -- Created fraud alert for transaction 1 with severity HIGH
16:43:40.793 [main] INFO com.finsight.service.DemoDataService -- Created fraud alert for demo transaction 1 with score 85.0 (HIGH)
16:43:40.793 [main] WARN com.finsight.service.DemoDataService -- Created fraud alert for transaction 1 with severity HIGH
16:43:40.793 [main] INFO com.finsight.service.DemoDataService -- Created fraud alert for demo transaction 1 with score 85.0 (HIGH)
16:43:40.794 [main] WARN com.finsight.service.DemoDataService -- Created fraud alert for transaction 1 with severity HIGH
16:43:40.794 [main] INFO com.finsight.service.DemoDataService -- Created fraud alert for demo transaction 1 with score 85.0 (HIGH)
16:43:40.794 [main] WARN com.finsight.service.DemoDataService -- Created fraud alert for transaction 1 with severity HIGH
16:43:40.794 [main] INFO com.finsight.service.DemoDataService -- Created fraud alert for demo transaction 1 with score 85.0 (HIGH)
16:43:40.795 [main] WARN com.finsight.service.DemoDataService -- Created fraud alert for transaction 1 with severity HIGH
16:43:40.795 [main] INFO com.finsight.service.DemoDataService -- Created fraud alert for demo transaction 1 with score 85.0 (HIGH)
16:43:40.795 [main] WARN com.finsight.service.DemoDataService -- Created fraud alert for transaction 1 with severity HIGH
16:43:40.795 [main] INFO com.finsight.service.DemoDataService -- Created fraud alert for demo transaction 1 with score 85.0 (HIGH)
16:43:40.795 [main] WARN com.finsight.service.DemoDataService -- Created fraud alert for transaction 1 with severity HIGH
16:43:40.795 [main] INFO com.finsight.service.DemoDataService -- Created fraud alert for demo transaction 1 with score 85.0 (HIGH)
16:43:40.796 [main] WARN com.finsight.service.DemoDataService -- Created fraud alert for transaction 1 with severity HIGH
16:43:40.796 [main] INFO com.finsight.service.DemoDataService -- Created fraud alert for demo transaction 1 with score 85.0 (HIGH)
16:43:40.796 [main] WARN com.finsight.service.DemoDataService -- Created fraud alert for transaction 1 with severity HIGH
16:43:40.796 [main] INFO com.finsight.service.DemoDataService -- Created fraud alert for demo transaction 1 with score 85.0 (HIGH)
16:43:40.796 [main] WARN com.finsight.service.DemoDataService -- Created fraud alert for transaction 1 with severity HIGH
16:43:40.797 [main] INFO com.finsight.service.DemoDataService -- Created fraud alert for demo transaction 1 with score 85.0 (HIGH)
16:43:40.797 [main] WARN com.finsight.service.DemoDataService -- Created fraud alert for transaction 1 with severity HIGH
16:43:40.797 [main] INFO com.finsight.service.DemoDataService -- Created fraud alert for demo transaction 1 with score 85.0 (HIGH)
16:43:40.799 [main] WARN com.finsight.service.DemoDataService -- Created fraud alert for transaction 1 with severity HIGH
16:43:40.800 [main] INFO com.finsight.service.DemoDataService -- Created fraud alert for demo transaction 1 with score 85.0 (HIGH)
16:43:40.800 [main] INFO com.finsight.service.DemoDataService -- Generated 227 demo transactions (227 fraud alerts) for user 1
]]></system-out>
  </testcase>
  <testcase name="generation_IsDeterministic" classname="com.finsight.service.DemoDataServiceTest" time="0.108">
    <system-out><![CDATA[16:43:40.835 [main] INFO com.finsight.service.DemoDataService -- Starting demo transaction generation. Current date: 2026-03-09T16:43:40.835537900
16:43:40.835 [main] INFO com.finsight.service.DemoDataService -- Generating 12 transactions for month: APRIL 2025
16:43:40.836 [main] INFO com.finsight.service.DemoDataService --   First transaction date: APRIL 2025
16:43:40.837 [main] INFO com.finsight.service.DemoDataService -- Generating 14 transactions for month: MAY 2025
16:43:40.837 [main] INFO com.finsight.service.DemoDataService --   First transaction date: MAY 2025
16:43:40.837 [main] INFO com.finsight.service.DemoDataService -- Generating 15 transactions for month: JUNE 2025
16:43:40.837 [main] INFO com.finsight.service.DemoDataService --   First transaction date: JUNE 2025
16:43:40.837 [main] INFO com.finsight.service.DemoDataService -- Generating 16 transactions for month: JULY 2025
16:43:40.837 [main] INFO com.finsight.service.DemoDataService --   First transaction date: JULY 2025
16:43:40.837 [main] INFO com.finsight.service.DemoDataService -- Generating 18 transactions for month: AUGUST 2025
16:43:40.838 [main] INFO com.finsight.service.DemoDataService --   First transaction date: AUGUST 2025
16:43:40.838 [main] INFO com.finsight.service.DemoDataService -- Generating 20 transactions for month: SEPTEMBER 2025
16:43:40.838 [main] INFO com.finsight.service.DemoDataService --   First transaction date: SEPTEMBER 2025
16:43:40.838 [main] INFO com.finsight.service.DemoDataService -- Generating 22 transactions for month: OCTOBER 2025
16:43:40.838 [main] INFO com.finsight.service.DemoDataService --   First transaction date: OCTOBER 2025
16:43:40.838 [main] INFO com.finsight.service.DemoDataService -- Generating 24 transactions for month: NOVEMBER 2025
16:43:40.838 [main] INFO com.finsight.service.DemoDataService --   First transaction date: NOVEMBER 2025
16:43:40.838 [main] INFO com.finsight.service.DemoDataService -- Generating 25 transactions for month: DECEMBER 2025
16:43:40.838 [main] INFO com.finsight.service.DemoDataService --   First transaction date: DECEMBER 2025
16:43:40.838 [main] INFO com.finsight.service.DemoDataService -- Generating 26 transactions for month: JANUARY 2026
16:43:40.838 [main] INFO com.finsight.service.DemoDataService --   First transaction date: JANUARY 2026
16:43:40.839 [main] INFO com.finsight.service.DemoDataService -- Generating 28 transactions for month: FEBRUARY 2026
16:43:40.839 [main] INFO com.finsight.service.DemoDataService --   First transaction date: FEBRUARY 2026
16:43:40.839 [main] INFO com.finsight.service.DemoDataService -- Generating 30 transactions for month: MARCH 2026
16:43:40.839 [main] INFO com.finsight.service.DemoDataService --   First transaction date: MARCH 2026
16:43:40.839 [main] INFO com.finsight.service.DemoDataService -- Generated 227 total transactions across 12 months
16:43:40.867 [main] INFO com.finsight.service.DemoDataService -- Generated 227 demo transactions (0 fraud alerts) for user 1
16:43:40.873 [main] INFO com.finsight.service.DemoDataService -- Starting demo transaction generation. Current date: 2026-03-09T16:43:40.873022700
16:43:40.874 [main] INFO com.finsight.service.DemoDataService -- Generating 12 transactions for month: APRIL 2025
16:43:40.874 [main] INFO com.finsight.service.DemoDataService --   First transaction date: APRIL 2025
16:43:40.874 [main] INFO com.finsight.service.DemoDataService -- Generating 14 transactions for month: MAY 2025
16:43:40.874 [main] INFO com.finsight.service.DemoDataService --   First transaction date: MAY 2025
16:43:40.874 [main] INFO com.finsight.service.DemoDataService -- Generating 15 transactions for month: JUNE 2025
16:43:40.875 [main] INFO com.finsight.service.DemoDataService --   First transaction date: JUNE 2025
16:43:40.875 [main] INFO com.finsight.service.DemoDataService -- Generating 16 transactions for month: JULY 2025
16:43:40.875 [main] INFO com.finsight.service.DemoDataService --   First transaction date: JULY 2025
16:43:40.875 [main] INFO com.finsight.service.DemoDataService -- Generating 18 transactions for month: AUGUST 2025
16:43:40.875 [main] INFO com.finsight.service.DemoDataService --   First transaction date: AUGUST 2025
16:43:40.875 [main] INFO com.finsight.service.DemoDataService -- Generating 20 transactions for month: SEPTEMBER 2025
16:43:40.875 [main] INFO com.finsight.service.DemoDataService --   First transaction date: SEPTEMBER 2025
16:43:40.875 [main] INFO com.finsight.service.DemoDataService -- Generating 22 transactions for month: OCTOBER 2025
16:43:40.876 [main] INFO com.finsight.service.DemoDataService --   First transaction date: OCTOBER 2025
16:43:40.876 [main] INFO com.finsight.service.DemoDataService -- Generating 24 transactions for month: NOVEMBER 2025
16:43:40.876 [main] INFO com.finsight.service.DemoDataService --   First transaction date: NOVEMBER 2025
16:43:40.876 [main] INFO com.finsight.service.DemoDataService -- Generating 25 transactions for month: DECEMBER 2025
16:43:40.876 [main] INFO com.finsight.service.DemoDataService --   First transaction date: DECEMBER 2025
16:43:40.876 [main] INFO com.finsight.service.DemoDataService -- Generating 26 transactions for month: JANUARY 2026
16:43:40.876 [main] INFO com.finsight.service.DemoDataService --   First transaction date: JANUARY 2026
16:43:40.877 [main] INFO com.finsight.service.DemoDataService -- Generating 28 transactions for month: FEBRUARY 2026
16:43:40.877 [main] INFO com.finsight.service.DemoDataService --   First transaction date: FEBRUARY 2026
16:43:40.877 [main] INFO com.finsight.service.DemoDataService -- Generating 30 transactions for month: MARCH 2026
16:43:40.877 [main] INFO com.finsight.service.DemoDataService --   First transaction date: MARCH 2026
16:43:40.877 [main] INFO com.finsight.service.DemoDataService -- Generated 227 total transactions across 12 months
16:43:40.918 [main] INFO com.finsight.service.DemoDataService -- Generated 227 demo transactions (0 fraud alerts) for user 1
]]></system-out>
  </testcase>
  <testcase name="seedUserIfEmpty_UserNotFound_ThrowsException" classname="com.finsight.service.DemoDataServiceTest" time="0.015"/>
  <testcase name="demoTransactions_IncludeFraudScenarios" classname="com.finsight.service.DemoDataServiceTest" time="0.039">
    <system-out><![CDATA[16:43:40.946 [main] INFO com.finsight.service.DemoDataService -- Starting demo transaction generation. Current date: 2026-03-09T16:43:40.946847900
16:43:40.947 [main] INFO com.finsight.service.DemoDataService -- Generating 12 transactions for month: APRIL 2025
16:43:40.947 [main] INFO com.finsight.service.DemoDataService --   First transaction date: APRIL 2025
16:43:40.947 [main] INFO com.finsight.service.DemoDataService -- Generating 14 transactions for month: MAY 2025
16:43:40.948 [main] INFO com.finsight.service.DemoDataService --   First transaction date: MAY 2025
16:43:40.948 [main] INFO com.finsight.service.DemoDataService -- Generating 15 transactions for month: JUNE 2025
16:43:40.948 [main] INFO com.finsight.service.DemoDataService --   First transaction date: JUNE 2025
16:43:40.949 [main] INFO com.finsight.service.DemoDataService -- Generating 16 transactions for month: JULY 2025
16:43:40.949 [main] INFO com.finsight.service.DemoDataService --   First transaction date: JULY 2025
16:43:40.949 [main] INFO com.finsight.service.DemoDataService -- Generating 18 transactions for month: AUGUST 2025
16:43:40.949 [main] INFO com.finsight.service.DemoDataService --   First transaction date: AUGUST 2025
16:43:40.949 [main] INFO com.finsight.service.DemoDataService -- Generating 20 transactions for month: SEPTEMBER 2025
16:43:40.949 [main] INFO com.finsight.service.DemoDataService --   First transaction date: SEPTEMBER 2025
16:43:40.949 [main] INFO com.finsight.service.DemoDataService -- Generating 22 transactions for month: OCTOBER 2025
16:43:40.949 [main] INFO com.finsight.service.DemoDataService --   First transaction date: OCTOBER 2025
16:43:40.949 [main] INFO com.finsight.service.DemoDataService -- Generating 24 transactions for month: NOVEMBER 2025
16:43:40.949 [main] INFO com.finsight.service.DemoDataService --   First transaction date: NOVEMBER 2025
16:43:40.949 [main] INFO com.finsight.service.DemoDataService -- Generating 25 transactions for month: DECEMBER 2025
16:43:40.949 [main] INFO com.finsight.service.DemoDataService --   First transaction date: DECEMBER 2025
16:43:40.949 [main] INFO com.finsight.service.DemoDataService -- Generating 26 transactions for month: JANUARY 2026
16:43:40.949 [main] INFO com.finsight.service.DemoDataService --   First transaction date: JANUARY 2026
16:43:40.950 [main] INFO com.finsight.service.DemoDataService -- Generating 28 transactions for month: FEBRUARY 2026
16:43:40.950 [main] INFO com.finsight.service.DemoDataService --   First transaction date: FEBRUARY 2026
16:43:40.950 [main] INFO com.finsight.service.DemoDataService -- Generating 30 transactions for month: MARCH 2026
16:43:40.950 [main] INFO com.finsight.service.DemoDataService --   First transaction date: MARCH 2026
16:43:40.950 [main] INFO com.finsight.service.DemoDataService -- Generated 227 total transactions across 12 months
16:43:40.951 [main] WARN com.finsight.service.DemoDataService -- Created fraud alert for transaction 5 with severity HIGH
16:43:40.951 [main] INFO com.finsight.service.DemoDataService -- Created fraud alert for demo transaction 5 with score 85.0 (HIGH)
16:43:40.952 [main] WARN com.finsight.service.DemoDataService -- Created fraud alert for transaction 15 with severity HIGH
16:43:40.952 [main] INFO com.finsight.service.DemoDataService -- Created fraud alert for demo transaction 15 with score 85.0 (HIGH)
16:43:40.953 [main] WARN com.finsight.service.DemoDataService -- Created fraud alert for transaction 25 with severity HIGH
16:43:40.953 [main] INFO com.finsight.service.DemoDataService -- Created fraud alert for demo transaction 25 with score 85.0 (HIGH)
16:43:40.953 [main] WARN com.finsight.service.DemoDataService -- Created fraud alert for transaction 29 with severity HIGH
16:43:40.953 [main] INFO com.finsight.service.DemoDataService -- Created fraud alert for demo transaction 29 with score 85.0 (HIGH)
16:43:40.953 [main] WARN com.finsight.service.DemoDataService -- Created fraud alert for transaction 49 with severity HIGH
16:43:40.953 [main] INFO com.finsight.service.DemoDataService -- Created fraud alert for demo transaction 49 with score 85.0 (HIGH)
16:43:40.954 [main] WARN com.finsight.service.DemoDataService -- Created fraud alert for transaction 51 with severity HIGH
16:43:40.954 [main] INFO com.finsight.service.DemoDataService -- Created fraud alert for demo transaction 51 with score 85.0 (HIGH)
16:43:40.954 [main] WARN com.finsight.service.DemoDataService -- Created fraud alert for transaction 57 with severity HIGH
16:43:40.954 [main] INFO com.finsight.service.DemoDataService -- Created fraud alert for demo transaction 57 with score 85.0 (HIGH)
16:43:40.954 [main] WARN com.finsight.service.DemoDataService -- Created fraud alert for transaction 59 with severity HIGH
16:43:40.954 [main] INFO com.finsight.service.DemoDataService -- Created fraud alert for demo transaction 59 with score 85.0 (HIGH)
16:43:40.954 [main] WARN com.finsight.service.DemoDataService -- Created fraud alert for transaction 63 with severity HIGH
16:43:40.954 [main] INFO com.finsight.service.DemoDataService -- Created fraud alert for demo transaction 63 with score 85.0 (HIGH)
16:43:40.955 [main] WARN com.finsight.service.DemoDataService -- Created fraud alert for transaction 85 with severity HIGH
16:43:40.955 [main] INFO com.finsight.service.DemoDataService -- Created fraud alert for demo transaction 85 with score 85.0 (HIGH)
16:43:40.955 [main] WARN com.finsight.service.DemoDataService -- Created fraud alert for transaction 89 with severity HIGH
16:43:40.955 [main] INFO com.finsight.service.DemoDataService -- Created fraud alert for demo transaction 89 with score 85.0 (HIGH)
16:43:40.956 [main] WARN com.finsight.service.DemoDataService -- Created fraud alert for transaction 93 with severity HIGH
16:43:40.956 [main] INFO com.finsight.service.DemoDataService -- Created fraud alert for demo transaction 93 with score 85.0 (HIGH)
16:43:40.956 [main] WARN com.finsight.service.DemoDataService -- Created fraud alert for transaction 113 with severity HIGH
16:43:40.956 [main] INFO com.finsight.service.DemoDataService -- Created fraud alert for demo transaction 113 with score 85.0 (HIGH)
16:43:40.957 [main] WARN com.finsight.service.DemoDataService -- Created fraud alert for transaction 119 with severity HIGH
16:43:40.957 [main] INFO com.finsight.service.DemoDataService -- Created fraud alert for demo transaction 119 with score 85.0 (HIGH)
16:43:40.957 [main] WARN com.finsight.service.DemoDataService -- Created fraud alert for transaction 143 with severity HIGH
16:43:40.957 [main] INFO com.finsight.service.DemoDataService -- Created fraud alert for demo transaction 143 with score 85.0 (HIGH)
16:43:40.958 [main] WARN com.finsight.service.DemoDataService -- Created fraud alert for transaction 145 with severity HIGH
16:43:40.958 [main] INFO com.finsight.service.DemoDataService -- Created fraud alert for demo transaction 145 with score 85.0 (HIGH)
16:43:40.959 [main] WARN com.finsight.service.DemoDataService -- Created fraud alert for transaction 157 with severity HIGH
16:43:40.959 [main] INFO com.finsight.service.DemoDataService -- Created fraud alert for demo transaction 157 with score 85.0 (HIGH)
16:43:40.960 [main] WARN com.finsight.service.DemoDataService -- Created fraud alert for transaction 185 with severity HIGH
16:43:40.960 [main] INFO com.finsight.service.DemoDataService -- Created fraud alert for demo transaction 185 with score 85.0 (HIGH)
16:43:40.961 [main] WARN com.finsight.service.DemoDataService -- Created fraud alert for transaction 205 with severity HIGH
16:43:40.961 [main] INFO com.finsight.service.DemoDataService -- Created fraud alert for demo transaction 205 with score 85.0 (HIGH)
16:43:40.961 [main] WARN com.finsight.service.DemoDataService -- Created fraud alert for transaction 219 with severity HIGH
16:43:40.961 [main] INFO com.finsight.service.DemoDataService -- Created fraud alert for demo transaction 219 with score 85.0 (HIGH)
16:43:40.963 [main] WARN com.finsight.service.DemoDataService -- Created fraud alert for transaction 247 with severity HIGH
16:43:40.963 [main] INFO com.finsight.service.DemoDataService -- Created fraud alert for demo transaction 247 with score 85.0 (HIGH)
16:43:40.964 [main] WARN com.finsight.service.DemoDataService -- Created fraud alert for transaction 257 with severity HIGH
16:43:40.964 [main] INFO com.finsight.service.DemoDataService -- Created fraud alert for demo transaction 257 with score 85.0 (HIGH)
16:43:40.964 [main] WARN com.finsight.service.DemoDataService -- Created fraud alert for transaction 265 with severity HIGH
16:43:40.964 [main] INFO com.finsight.service.DemoDataService -- Created fraud alert for demo transaction 265 with score 85.0 (HIGH)
16:43:40.965 [main] WARN com.finsight.service.DemoDataService -- Created fraud alert for transaction 283 with severity HIGH
16:43:40.966 [main] INFO com.finsight.service.DemoDataService -- Created fraud alert for demo transaction 283 with score 85.0 (HIGH)
16:43:40.967 [main] WARN com.finsight.service.DemoDataService -- Created fraud alert for transaction 295 with severity HIGH
16:43:40.967 [main] INFO com.finsight.service.DemoDataService -- Created fraud alert for demo transaction 295 with score 85.0 (HIGH)
16:43:40.968 [main] WARN com.finsight.service.DemoDataService -- Created fraud alert for transaction 305 with severity HIGH
16:43:40.968 [main] INFO com.finsight.service.DemoDataService -- Created fraud alert for demo transaction 305 with score 85.0 (HIGH)
16:43:40.971 [main] WARN com.finsight.service.DemoDataService -- Created fraud alert for transaction 341 with severity HIGH
16:43:40.971 [main] INFO com.finsight.service.DemoDataService -- Created fraud alert for demo transaction 341 with score 85.0 (HIGH)
16:43:40.971 [main] WARN com.finsight.service.DemoDataService -- Created fraud alert for transaction 343 with severity HIGH
16:43:40.971 [main] INFO com.finsight.service.DemoDataService -- Created fraud alert for demo transaction 343 with score 85.0 (HIGH)
16:43:40.972 [main] WARN com.finsight.service.DemoDataService -- Created fraud alert for transaction 345 with severity HIGH
16:43:40.972 [main] INFO com.finsight.service.DemoDataService -- Created fraud alert for demo transaction 345 with score 85.0 (HIGH)
16:43:40.972 [main] WARN com.finsight.service.DemoDataService -- Created fraud alert for transaction 355 with severity HIGH
16:43:40.972 [main] INFO com.finsight.service.DemoDataService -- Created fraud alert for demo transaction 355 with score 85.0 (HIGH)
16:43:40.973 [main] WARN com.finsight.service.DemoDataService -- Created fraud alert for transaction 363 with severity HIGH
16:43:40.973 [main] INFO com.finsight.service.DemoDataService -- Created fraud alert for demo transaction 363 with score 85.0 (HIGH)
16:43:40.974 [main] WARN com.finsight.service.DemoDataService -- Created fraud alert for transaction 385 with severity HIGH
16:43:40.974 [main] INFO com.finsight.service.DemoDataService -- Created fraud alert for demo transaction 385 with score 85.0 (HIGH)
16:43:40.976 [main] WARN com.finsight.service.DemoDataService -- Created fraud alert for transaction 439 with severity HIGH
16:43:40.976 [main] INFO com.finsight.service.DemoDataService -- Created fraud alert for demo transaction 439 with score 85.0 (HIGH)
16:43:40.976 [main] INFO com.finsight.service.DemoDataService -- Generated 227 demo transactions (33 fraud alerts) for user 1
]]></system-out>
  </testcase>
  <testcase name="transactions_HaveValidCategories" classname="com.finsight.service.DemoDataServiceTest" time="0.041">
    <system-out><![CDATA[16:43:40.989 [main] INFO com.finsight.service.DemoDataService -- Starting demo transaction generation. Current date: 2026-03-09T16:43:40.989015
16:43:40.990 [main] INFO com.finsight.service.DemoDataService -- Generating 12 transactions for month: APRIL 2025
16:43:40.990 [main] INFO com.finsight.service.DemoDataService --   First transaction date: APRIL 2025
16:43:40.990 [main] INFO com.finsight.service.DemoDataService -- Generating 14 transactions for month: MAY 2025
16:43:40.990 [main] INFO com.finsight.service.DemoDataService --   First transaction date: MAY 2025
16:43:40.990 [main] INFO com.finsight.service.DemoDataService -- Generating 15 transactions for month: JUNE 2025
16:43:40.990 [main] INFO com.finsight.service.DemoDataService --   First transaction date: JUNE 2025
16:43:40.990 [main] INFO com.finsight.service.DemoDataService -- Generating 16 transactions for month: JULY 2025
16:43:40.990 [main] INFO com.finsight.service.DemoDataService --   First transaction date: JULY 2025
16:43:40.990 [main] INFO com.finsight.service.DemoDataService -- Generating 18 transactions for month: AUGUST 2025
16:43:40.990 [main] INFO com.finsight.service.DemoDataService --   First transaction date: AUGUST 2025
16:43:40.990 [main] INFO com.finsight.service.DemoDataService -- Generating 20 transactions for month: SEPTEMBER 2025
16:43:40.990 [main] INFO com.finsight.service.DemoDataService --   First transaction date: SEPTEMBER 2025
16:43:40.990 [main] INFO com.finsight.service.DemoDataService -- Generating 22 transactions for month: OCTOBER 2025
16:43:40.991 [main] INFO com.finsight.service.DemoDataService --   First transaction date: OCTOBER 2025
16:43:40.991 [main] INFO com.finsight.service.DemoDataService -- Generating 24 transactions for month: NOVEMBER 2025
16:43:40.991 [main] INFO com.finsight.service.DemoDataService --   First transaction date: NOVEMBER 2025
16:43:40.991 [main] INFO com.finsight.service.DemoDataService -- Generating 25 transactions for month: DECEMBER 2025
16:43:40.991 [main] INFO com.finsight.service.DemoDataService --   First transaction date: DECEMBER 2025
16:43:40.991 [main] INFO com.finsight.service.DemoDataService -- Generating 26 transactions for month: JANUARY 2026
16:43:40.991 [main] INFO com.finsight.service.DemoDataService --   First transaction date: JANUARY 2026
16:43:40.991 [main] INFO com.finsight.service.DemoDataService -- Generating 28 transactions for month: FEBRUARY 2026
16:43:40.991 [main] INFO com.finsight.service.DemoDataService --   First transaction date: FEBRUARY 2026
16:43:40.992 [main] INFO com.finsight.service.DemoDataService -- Generating 30 transactions for month: MARCH 2026
16:43:40.992 [main] INFO com.finsight.service.DemoDataService --   First transaction date: MARCH 2026
16:43:40.992 [main] INFO com.finsight.service.DemoDataService -- Generated 227 total transactions across 12 months
16:43:41.016 [main] INFO com.finsight.service.DemoDataService -- Generated 227 demo transactions (0 fraud alerts) for user 1
]]></system-out>
  </testcase>
</testsuite>