<?xml version="1.0" encoding="UTF-8"?>
<testsuite xmlns:xsi="http://www.w3.org/2001/XMLSchema-instance" xsi:noNamespaceSchemaLocation="https://maven.apache.org/surefire/maven-surefire-plugin/xsd/surefire-test-report-3.0.xsd" version="3.0" name="com.finsight.service.FraudDetectionServicePropertyTest" time="1.834" tests="4" errors="0" skipped="0" failures="0">
  <properties>
[...]
</properties>
  <testcase name="riskLevelMappedCorrectly" classname="com.finsight.service.FraudDetectionServicePropertyTest" time="0.469">
    <system-out><![CDATA[timestamp = 2026-03-09T16:43:42.477771500, FraudDetectionServicePropertyTest:riskLevelMappedCorrectly = 
                              |-----------------------jqwik-----------------------
tries = 100                   | # of calls to property
checks = 100                  | # of not rejected calls
generation = RANDOMIZED       | parameters are randomly generated
after-failure = SAMPLE_FIRST  | try previously failed sample, then previous seed
when-fixed-seed = ALLOW       | fixing the random seed is allowed
edge-cases#mode = MIXIN       | edge cases are mixed in
edge-cases#total = 5          | # of all combined edge cases
edge-cases#tried = 5          | # of edge cases tried in current run
seed = -7104893740913305065   | random seed to reproduce generated values


]]></system-out>
  </testcase>
  <testcase name="fraudScoreIsAlwaysBetween0And100" classname="com.finsight.service.FraudDetectionServicePropertyTest" time="0.472">
    <system-out><![CDATA[16:43:42.538 [main] INFO com.finsight.service.FraudDetectionService -- === Starting fraud detection for transaction 226 ===
16:43:42.538 [main] INFO com.finsight.service.FraudDetectionService -- Amount: 4638.29, Category: rent, Location: null, Time: 2026-03-09T16:43:42.535315900
16:43:42.539 [main] INFO com.finsight.service.FraudDetectionService -- Rule 1 - High Amount: User average = 100
16:43:42.539 [main] INFO com.finsight.service.FraudDetectionService -- Rule 1 - Threshold (3x avg) = 300, Transaction amount = 4638.29
16:43:42.539 [main] WARN com.finsight.service.FraudDetectionService -- Rule 1 TRIGGERED: High amount anomaly (+30 points)
16:43:42.539 [main] INFO com.finsight.service.FraudDetectionService -- Rule 2 - Checking rapid-fire activity...
16:43:42.539 [main] INFO com.finsight.service.FraudDetectionService -- Rapid-fire check: 0 transactions in 10-minute window (need 5+)
16:43:42.539 [main] INFO com.finsight.service.FraudDetectionService -- Rule 2 NOT triggered: Less than 5 transactions in 10-minute window
16:43:42.539 [main] INFO com.finsight.service.FraudDetectionService -- Rule 3 - Checking geographical anomaly, location: null
16:43:42.539 [main] INFO com.finsight.service.FraudDetectionService -- Rule 3 SKIPPED: No location provided
16:43:42.539 [main] INFO com.finsight.service.FraudDetectionService -- Rule 4 - Checking unusual category: rent
16:43:42.539 [main] INFO com.finsight.service.FraudDetectionService -- Category check: User has used 1 categories: [groceries]
16:43:42.539 [main] INFO com.finsight.service.FraudDetectionService -- Category check: Category 'rent' not in list (unusual)
16:43:42.539 [main] WARN com.finsight.service.FraudDetectionService -- Rule 4 TRIGGERED: Unusual category (+20 points)
16:43:42.539 [main] INFO com.finsight.service.FraudDetectionService -- === Fraud detection complete: Score = 50.0, Risk = MEDIUM, Fraudulent = false ===
16:43:42.539 [main] INFO com.finsight.service.FraudDetectionService -- MEDIUM FRAUD SCORE: 50.0 for transaction 226. Reasons: Amount $4638.29 exceeds 3x user average $100.00; First time using category: rent
16:43:42.541 [main] INFO com.finsight.service.FraudDetectionService -- === Starting fraud detection for transaction 10000 ===
16:43:42.541 [main] INFO com.finsight.service.FraudDetectionService -- Amount: 1.00, Category: rent, Location: null, Time: 2026-03-09T16:43:42.540863900
16:43:42.541 [main] INFO com.finsight.service.FraudDetectionService -- Rule 1 - High Amount: User average = 100
16:43:42.541 [main] INFO com.finsight.service.FraudDetectionService -- Rule 1 - Threshold (3x avg) = 300, Transaction amount = 1.00
16:43:42.541 [main] INFO com.finsight.service.FraudDetectionService -- Rule 1 NOT triggered: Amount within normal range
16:43:42.541 [main] INFO com.finsight.service.FraudDetectionService -- Rule 2 - Checking rapid-fire activity...
16:43:42.542 [main] INFO com.finsight.service.FraudDetectionService -- Rapid-fire check: 0 transactions in 10-minute window (need 5+)
16:43:42.542 [main] INFO com.finsight.service.FraudDetectionService -- Rule 2 NOT triggered: Less than 5 transactions in 10-minute window
16:43:42.542 [main] INFO com.finsight.service.FraudDetectionService -- Rule 3 - Checking geographical anomaly, location: null
16:43:42.542 [main] INFO com.finsight.service.FraudDetectionService -- Rule 3 SKIPPED: No location provided
16:43:42.542 [main] INFO com.finsight.service.FraudDetectionService -- Rule 4 - Checking unusual category: rent
16:43:42.542 [main] INFO com.finsight.service.FraudDetectionService -- Category check: User has used 1 categories: [groceries]
16:43:42.542 [main] INFO com.finsight.service.FraudDetectionService -- Category check: Category 'rent' not in list (unusual)
16:43:42.542 [main] WARN com.finsight.service.FraudDetectionService -- Rule 4 TRIGGERED: Unusual category (+20 points)
16:43:42.542 [main] INFO com.finsight.service.FraudDetectionService -- === Fraud detection complete: Score = 20.0, Risk = LOW, Fraudulent = false ===
16:43:42.542 [main] INFO com.finsight.service.FraudDetectionService -- LOW FRAUD SCORE: 20.0 for transaction 10000. Reasons: First time using category: rent
16:43:42.544 [main] INFO com.finsight.service.FraudDetectionService -- === Starting fraud detection for transaction 108 ===
16:43:42.544 [main] INFO com.finsight.service.FraudDetectionService -- Amount: 67.18, Category: entertainment, Location: null, Time: 2026-03-09T16:43:42.542858600
16:43:42.544 [main] INFO com.finsight.service.FraudDetectionService -- Rule 1 - High Amount: User average = 100
16:43:42.544 [main] INFO com.finsight.service.FraudDetectionService -- Rule 1 - Threshold (3x avg) = 300, Transaction amount = 67.18
16:43:42.544 [main] INFO com.finsight.service.FraudDetectionService -- Rule 1 NOT triggered: Amount within normal range
16:43:42.544 [main] INFO com.finsight.service.FraudDetectionService -- Rule 2 - Checking rapid-fire activity...
16:43:42.544 [main] INFO com.finsight.service.FraudDetectionService -- Rapid-fire check: 0 transactions in 10-minute window (need 5+)
16:43:42.544 [main] INFO com.finsight.service.FraudDetectionService -- Rule 2 NOT triggered: Less than 5 transactions in 10-minute window
16:43:42.544 [main] INFO com.finsight.service.FraudDetectionService -- Rule 3 - Checking geographical anomaly, location: null
16:43:42.544 [main] INFO com.finsight.service.FraudDetectionService -- Rule 3 SKIPPED: No location provided
16:43:42.544 [main] INFO com.finsight.service.FraudDetectionService -- Rule 4 - Checking unusual category: entertainment
16:43:42.544 [main] INFO com.finsight.service.FraudDetectionService -- Category check: User has used 1 categories: [groceries]
16:43:42.544 [main] INFO com.finsight.service.FraudDetectionService -- Category check: Category 'entertainment' not in list (unusual)
16:43:42.544 [main] WARN com.finsight.service.FraudDetectionService -- Rule 4 TRIGGERED: Unusual category (+20 points)
16:43:42.544 [main] INFO com.finsight.service.FraudDetectionService -- === Fraud detection complete: Score = 20.0, Risk = LOW, Fraudulent = false ===
16:43:42.544 [main] INFO com.finsight.service.FraudDetectionService -- LOW FRAUD SCORE: 20.0 for transaction 108. Reasons: First time using category: entertainment
16:43:42.546 [main] INFO com.finsight.service.FraudDetectionService -- === Starting fraud detection for transaction 204 ===
16:43:42.546 [main] INFO com.finsight.service.FraudDetectionService -- Amount: 156.90, Category: salary, Location: null, Time: 2026-03-09T16:43:42.545857
16:43:42.547 [main] INFO com.finsight.service.FraudDetectionService -- Rule 1 - High Amount: User average = 100
16:43:42.548 [main] INFO com.finsight.service.FraudDetectionService -- Rule 1 - Threshold (3x avg) = 300, Transaction amount = 156.90
16:43:42.548 [main] INFO com.finsight.service.FraudDetectionService -- Rule 1 NOT triggered: Amount within normal range
16:43:42.548 [main] INFO com.finsight.service.FraudDetectionService -- Rule 2 - Checking rapid-fire activity...
16:43:42.548 [main] INFO com.finsight.service.FraudDetectionService -- Rapid-fire check: 0 transactions in 10-minute window (need 5+)
16:43:42.548 [main] INFO com.finsight.service.FraudDetectionService -- Rule 2 NOT triggered: Less than 5 transactions in 10-minute window
16:43:42.548 [main] INFO com.finsight.service.FraudDetectionService -- Rule 3 - Checking geographical anomaly, location: null
16:43:42.548 [main] INFO com.finsight.service.FraudDetectionService -- Rule 3 SKIPPED: No location provided
16:43:42.548 [main] INFO com.finsight.service.FraudDetectionService -- Rule 4 - Checking unusual category: salary
16:43:42.548 [main] INFO com.finsight.service.FraudDetectionService -- Category check: User has used 1 categories: [groceries]
16:43:42.548 [main] INFO com.finsight.service.FraudDetectionService -- Category check: Category 'salary' not in list (unusual)
16:43:42.549 [main] WARN com.finsight.service.FraudDetectionService -- Rule 4 TRIGGERED: Unusual category (+20 points)
16:43:42.549 [main] INFO com.finsight.service.FraudDetectionService -- === Fraud detection complete: Score = 20.0, Risk = LOW, Fraudulent = false ===
16:43:42.549 [main] INFO com.finsight.service.FraudDetectionService -- LOW FRAUD SCORE: 20.0 for transaction 204. Reasons: First time using category: salary
16:43:42.550 [main] INFO com.finsight.service.FraudDetectionService -- === Starting fraud detection for transaction 10000 ===
16:43:42.550 [main] INFO com.finsight.service.FraudDetectionService -- Amount: 1.00, Category: groceries, Location: null, Time: 2026-03-09T16:43:42.549469700
16:43:42.550 [main] INFO com.finsight.service.FraudDetectionService -- Rule 1 - High Amount: User average = 100
16:43:42.550 [main] INFO com.finsight.service.FraudDetectionService -- Rule 1 - Threshold (3x avg) = 300, Transaction amount = 1.00
16:43:42.550 [main] INFO com.finsight.service.FraudDetectionService -- Rule 1 NOT triggered: Amount within normal range
16:43:42.550 [main] INFO com.finsight.service.FraudDetectionService -- Rule 2 - Checking rapid-fire activity...
16:43:42.550 [main] INFO com.finsight.service.FraudDetectionService -- Rapid-fire check: 0 transactions in 10-minute window (need 5+)
16:43:42.550 [main] INFO com.finsight.service.FraudDetectionService -- Rule 2 NOT triggered: Less than 5 transactions in 10-minute window
16:43:42.550 [main] INFO com.finsight.service.FraudDetectionService -- Rule 3 - Checking geographical anomaly, location: null
16:43:42.551 [main] INFO com.finsight.service.FraudDetectionService -- Rule 3 SKIPPED: No location provided
16:43:42.551 [main] INFO com.finsight.service.FraudDetectionService -- Rule 4 - Checking unusual category: groceries
16:43:42.551 [main] INFO com.finsight.service.FraudDetectionService -- Category check: User has used 1 categories: [groceries]
16:43:42.551 [main] INFO com.finsight.service.FraudDetectionService -- Category check: Category 'groceries' used 0 times
16:43:42.551 [main] INFO com.finsight.service.FraudDetectionService -- Rule 4 NOT triggered: Category has been used before
16:43:42.551 [main] INFO com.finsight.service.FraudDetectionService -- === Fraud detection complete: Score = 0.0, Risk = LOW, Fraudulent = false ===
16:43:42.551 [main] INFO com.finsight.service.FraudDetectionService -- NO FRAUD DETECTED: Score = 0 for transaction 10000
16:43:42.552 [main] INFO com.finsight.service.FraudDetectionService -- === Starting fraud detection for transaction 2 ===
16:43:42.552 [main] INFO com.finsight.service.FraudDetectionService -- Amount: 10000.00, Category: groceries, Location: null, Time: 2026-03-09T16:43:42.551555200
16:43:42.553 [main] INFO com.finsight.service.FraudDetectionService -- Rule 1 - High Amount: User average = 100
16:43:42.553 [main] INFO com.finsight.service.FraudDetectionService -- Rule 1 - Threshold (3x avg) = 300, Transaction amount = 10000.00
16:43:42.553 [main] WARN com.finsight.service.FraudDetectionService -- Rule 1 TRIGGERED: High amount anomaly (+30 points)
16:43:42.553 [main] INFO com.finsight.service.FraudDetectionService -- Rule 2 - Checking rapid-fire activity...
16:43:42.553 [main] INFO com.finsight.service.FraudDetectionService -- Rapid-fire check: 0 transactions in 10-minute window (need 5+)
16:43:42.553 [main] INFO com.finsight.service.FraudDetectionService -- Rule 2 NOT triggered: Less than 5 transactions in 10-minute window
16:43:42.553 [main] INFO com.finsight.service.FraudDetectionService -- Rule 3 - Checking geographical anomaly, location: null
16:43:42.553 [main] INFO com.finsight.service.FraudDetectionService -- Rule 3 SKIPPED: No location provided
16:43:42.553 [main] INFO com.finsight.service.FraudDetectionService -- Rule 4 - Checking unusual category: groceries
16:43:42.553 [main] INFO com.finsight.service.FraudDetectionService -- Category check: User has used 1 categories: [groceries]
16:43:42.553 [main] INFO com.finsight.service.FraudDetectionService -- Category check: Category 'groceries' used 0 times
16:43:42.553 [main] INFO com.finsight.service.FraudDetectionService -- Rule 4 NOT triggered: Category has been used before
16:43:42.553 [main] INFO com.finsight.service.FraudDetectionService -- === Fraud detection complete: Score = 30.0, Risk = LOW, Fraudulent = false ===
16:43:42.553 [main] INFO com.finsight.service.FraudDetectionService -- LOW FRAUD SCORE: 30.0 for transaction 2. Reasons: Amount $10000.00 exceeds 3x user average $100.00
16:43:42.555 [main] INFO com.finsight.service.FraudDetectionService -- === Starting fraud detection for transaction 32 ===
16:43:42.555 [main] INFO com.finsight.service.FraudDetectionService -- Amount: 9.38, Category: groceries, Location: null, Time: 2026-03-09T16:43:42.554558200
16:43:42.555 [main] INFO com.finsight.service.FraudDetectionService -- Rule 1 - High Amount: User average = 100
16:43:42.555 [main] INFO com.finsight.service.FraudDetectionService -- Rule 1 - Threshold (3x avg) = 300, Transaction amount = 9.38
16:43:42.555 [main] INFO com.finsight.service.FraudDetectionService -- Rule 1 NOT triggered: Amount within normal range
16:43:42.555 [main] INFO com.finsight.service.FraudDetectionService -- Rule 2 - Checking rapid-fire activity...
16:43:42.555 [main] INFO com.finsight.service.FraudDetectionService -- Rapid-fire check: 0 transactions in 10-minute window (need 5+)
16:43:42.555 [main] INFO com.finsight.service.FraudDetectionService -- Rule 2 NOT triggered: Less than 5 transactions in 10-minute window
16:43:42.555 [main] INFO com.finsight.service.FraudDetectionService -- Rule 3 - Checking geographical anomaly, location: null
16:43:42.555 [main] INFO com.finsight.service.FraudDetectionService -- Rule 3 SKIPPED: No location provided
16:43:42.555 [main] INFO com.finsight.service.FraudDetectionService -- Rule 4 - Checking unusual category: groceries
16:43:42.555 [main] INFO com.finsight.service.FraudDetectionService -- Category check: User has used 1 categories: [groceries]
16:43:42.555 [main] INFO com.finsight.service.FraudDetectionService -- Category check: Category 'groceries' used 0 times
16:43:42.555 [main] INFO com.finsight.service.FraudDetectionService -- Rule 4 NOT triggered: Category has been used before
16:43:42.555 [main] INFO com.finsight.service.FraudDetectionService -- === Fraud detection complete: Score = 0.0, Risk = LOW, Fraudulent = false ===
16:43:42.555 [main] INFO com.finsight.service.FraudDetectionService -- NO FRAUD DETECTED: Score = 0 for transaction 32
16:43:42.557 [main] INFO com.finsight.service.FraudDetectionService -- === Starting fraud detection for transaction 2 ===
16:43:42.557 [main] INFO com.finsight.service.FraudDetectionService -- Amount: 1.00, Category: groceries, Location: null, Time: 2026-03-09T16:43:42.555553200
16:43:42.557 [main] INFO com.finsight.service.FraudDetectionService -- Rule 1 - High Amount: User average = 100
16:43:42.557 [main] INFO com.finsight.service.FraudDetectionService -- Rule 1 - Threshold (3x avg) = 300, Transaction amount = 1.00
16:43:42.557 [main] INFO com.finsight.service.FraudDetectionService -- Rule 1 NOT triggered: Amount within normal range
16:43:42.557 [main] INFO com.finsight.service.FraudDetectionService -- Rule 2 - Checking rapid-fire activity...
16:43:42.557 [main] INFO com.finsight.service.FraudDetectionService -- Rapid-fire check: 0 transactions in 10-minute window (need 5+)
16:43:42.557 [main] INFO com.finsight.service.FraudDetectionService -- Rule 2 NOT triggered: Less than 5 transactions in 10-minute window
16:43:42.557 [main] INFO com.finsight.service.FraudDetectionService -- Rule 3 - Checking geographical anomaly, location: null
16:43:42.557 [main] INFO com.finsight.service.FraudDetectionService -- Rule 3 SKIPPED: No location provided
16:43:42.557 [main] INFO com.finsight.service.FraudDetectionService -- Rule 4 - Checking unusual category: groceries
16:43:42.557 [main] INFO com.finsight.service.FraudDetectionService -- Category check: User has used 1 categories: [groceries]
16:43:42.558 [main] INFO com.finsight.service.FraudDetectionService -- Category check: Category 'groceries' used 0 times
16:43:42.558 [main] INFO com.finsight.service.FraudDetectionService -- Rule 4 NOT triggered: Category has been used before
16:43:42.558 [main] INFO com.finsight.service.FraudDetectionService -- === Fraud detection complete: Score = 0.0, Risk = LOW, Fraudulent = false ===
16:43:42.558 [main] INFO com.finsight.service.FraudDetectionService -- NO FRAUD DETECTED: Score = 0 for transaction 2
16:43:42.563 [main] INFO com.finsight.service.FraudDetectionService -- === Starting fraud detection for transaction 4931 ===
16:43:42.564 [main] INFO com.finsight.service.FraudDetectionService -- Amount: 1277.31, Category: groceries, Location: null, Time: 2026-03-09T16:43:42.558568800
16:43:42.565 [main] INFO com.finsight.service.FraudDetectionService -- Rule 1 - High Amount: User average = 100
16:43:42.565 [main] INFO com.finsight.service.FraudDetectionService -- Rule 1 - Threshold (3x avg) = 300, Transaction amount = 1277.31
16:43:42.565 [main] WARN com.finsight.service.FraudDetectionService -- Rule 1 TRIGGERED: High amount anomaly (+30 points)
16:43:42.565 [main] INFO com.finsight.service.FraudDetectionService -- Rule 2 - Checking rapid-fire activity...
16:43:42.567 [main] INFO com.finsight.service.FraudDetectionService -- Rapid-fire check: 0 transactions in 10-minute window (need 5+)
16:43:42.567 [main] INFO com.finsight.service.FraudDetectionService -- Rule 2 NOT triggered: Less than 5 transactions in 10-minute window
16:43:42.567 [main] INFO com.finsight.service.FraudDetectionService -- Rule 3 - Checking geographical anomaly, location: null
16:43:42.567 [main] INFO com.finsight.service.FraudDetectionService -- Rule 3 SKIPPED: No location provided
16:43:42.567 [main] INFO com.finsight.service.FraudDetectionService -- Rule 4 - Checking unusual category: groceries
16:43:42.568 [main] INFO com.finsight.service.FraudDetectionService -- Category check: User has used 1 categories: [groceries]
16:43:42.569 [main] INFO com.finsight.service.FraudDetectionService -- Category check: Category 'groceries' used 0 times
16:43:42.569 [main] INFO com.finsight.service.FraudDetectionService -- Rule 4 NOT triggered: Category has been used before
16:43:42.569 [main] INFO com.finsight.service.FraudDetectionService -- === Fraud detection complete: Score = 30.0, Risk = LOW, Fraudulent = false ===
16:43:42.569 [main] INFO com.finsight.service.FraudDetectionService -- LOW FRAUD SCORE: 30.0 for transaction 4931. Reasons: Amount $1277.31 exceeds 3x user average $100.00
16:43:42.572 [main] INFO com.finsight.service.FraudDetectionService -- === Starting fraud detection for transaction 10000 ===
16:43:42.572 [main] INFO com.finsight.service.FraudDetectionService -- Amount: 1.00, Category: rent, Location: null, Time: 2026-03-09T16:43:42.570105600
16:43:42.572 [main] INFO com.finsight.service.FraudDetectionService -- Rule 1 - High Amount: User average = 100
16:43:42.572 [main] INFO com.finsight.service.FraudDetectionService -- Rule 1 - Threshold (3x avg) = 300, Transaction amount = 1.00
16:43:42.572 [main] INFO com.finsight.service.FraudDetectionService -- Rule 1 NOT triggered: Amount within normal range
16:43:42.573 [main] INFO com.finsight.service.FraudDetectionService -- Rule 2 - Checking rapid-fire activity...
16:43:42.573 [main] INFO com.finsight.service.FraudDetectionService -- Rapid-fire check: 0 transactions in 10-minute window (need 5+)
16:43:42.573 [main] INFO com.finsight.service.FraudDetectionService -- Rule 2 NOT triggered: Less than 5 transactions in 10-minute window
16:43:42.573 [main] INFO com.finsight.service.FraudDetectionService -- Rule 3 - Checking geographical anomaly, location: null
16:43:42.573 [main] INFO com.finsight.service.FraudDetectionService -- Rule 3 SKIPPED: No location provided
16:43:42.573 [main] INFO com.finsight.service.FraudDetectionService -- Rule 4 - Checking unusual category: rent
16:43:42.573 [main] INFO com.finsight.service.FraudDetectionService -- Category check: User has used 1 categories: [groceries]
16:43:42.573 [main] INFO com.finsight.service.FraudDetectionService -- Category check: Category 'rent' not in list (unusual)
16:43:42.573 [main] WARN com.finsight.service.FraudDetectionService -- Rule 4 TRIGGERED: Unusual category (+20 points)
16:43:42.573 [main] INFO com.finsight.service.FraudDetectionService -- === Fraud detection complete: Score = 20.0, Risk = LOW, Fraudulent = false ===
16:43:42.573 [main] INFO com.finsight.service.FraudDetectionService -- LOW FRAUD SCORE: 20.0 for transaction 10000. Reasons: First time using category: rent
16:43:42.574 [main] INFO com.finsight.service.FraudDetectionService -- === Starting fraud detection for transaction 15 ===
16:43:42.574 [main] INFO com.finsight.service.FraudDetectionService -- Amount: 163.56, Category: groceries, Location: null, Time: 2026-03-09T16:43:42.573628600
16:43:42.575 [main] INFO com.finsight.service.FraudDetectionService -- Rule 1 - High Amount: User average = 100
16:43:42.575 [main] INFO com.finsight.service.FraudDetectionService -- Rule 1 - Threshold (3x avg) = 300, Transaction amount = 163.56
16:43:42.575 [main] INFO com.finsight.service.FraudDetectionService -- Rule 1 NOT triggered: Amount within normal range
16:43:42.575 [main] INFO com.finsight.service.FraudDetectionService -- Rule 2 - Checking rapid-fire activity...
16:43:42.575 [main] INFO com.finsight.service.FraudDetectionService -- Rapid-fire check: 0 transactions in 10-minute window (need 5+)
16:43:42.575 [main] INFO com.finsight.service.FraudDetectionService -- Rule 2 NOT triggered: Less than 5 transactions in 10-minute window
16:43:42.575 [main] INFO com.finsight.service.FraudDetectionService -- Rule 3 - Checking geographical anomaly, location: null
16:43:42.575 [main] INFO com.finsight.service.FraudDetectionService -- Rule 3 SKIPPED: No location provided
16:43:42.575 [main] INFO com.finsight.service.FraudDetectionService -- Rule 4 - Checking unusual category: groceries
16:43:42.575 [main] INFO com.finsight.service.FraudDetectionService -- Category check: User has used 1 categories: [groceries]
16:43:42.575 [main] INFO com.finsight.service.FraudDetectionService -- Category check: Category 'groceries' used 0 times
16:43:42.575 [main] INFO com.finsight.service.FraudDetectionService -- Rule 4 NOT triggered: Category has been used before
16:43:42.575 [main] INFO com.finsight.service.FraudDetectionService -- === Fraud detection complete: Score = 0.0, Risk = LOW, Fraudulent = false ===
16:43:42.575 [main] INFO com.finsight.service.FraudDetectionService -- NO FRAUD DETECTED: Score = 0 for transaction 15
16:43:42.577 [main] INFO com.finsight.service.FraudDetectionService -- === Starting fraud detection for transaction 2 ===
16:43:42.577 [main] INFO com.finsight.service.FraudDetectionService -- Amount: 1.00, Category: groceries, Location: null, Time: 2026-03-09T16:43:42.576626
16:43:42.577 [main] INFO com.finsight.service.FraudDetectionService -- Rule 1 - High Amount: User average = 100
16:43:42.577 [main] INFO com.finsight.service.FraudDetectionService -- Rule 1 - Threshold (3x avg) = 300, Transaction amount = 1.00
16:43:42.577 [main] INFO com.finsight.service.FraudDetectionService -- Rule 1 NOT triggered: Amount within normal range
16:43:42.577 [main] INFO com.finsight.service.FraudDetectionService -- Rule 2 - Checking rapid-fire activity...
16:43:42.577 [main] INFO com.finsight.service.FraudDetectionService -- Rapid-fire check: 0 transactions in 10-minute window (need 5+)
16:43:42.577 [main] INFO com.finsight.service.FraudDetectionService -- Rule 2 NOT triggered: Less than 5 transactions in 10-minute window
16:43:42.577 [main] INFO com.finsight.service.FraudDetectionService -- Rule 3 - Checking geographical anomaly, location: null
16:43:42.577 [main] INFO com.finsight.service.FraudDetectionService -- Rule 3 SKIPPED: No location provided
16:43:42.577 [main] INFO com.finsight.service.FraudDetectionService -- Rule 4 - Checking unusual category: groceries
16:43:42.577 [main] INFO com.finsight.service.FraudDetectionService -- Category check: User has used 1 categories: [groceries]
16:43:42.577 [main] INFO com.finsight.service.FraudDetectionService -- Category check: Category 'groceries' used 0 times
16:43:42.578 [main] INFO com.finsight.service.FraudDetectionService -- Rule 4 NOT triggered: Category has been used before
16:43:42.578 [main] INFO com.finsight.service.FraudDetectionService -- === Fraud detection complete: Score = 0.0, Risk = LOW, Fraudulent = false ===
16:43:42.578 [main] INFO com.finsight.service.FraudDetectionService -- NO FRAUD DETECTED: Score = 0 for transaction 2
16:43:42.579 [main] INFO com.finsight.service.FraudDetectionService -- === Starting fraud detection for transaction 9999 ===
16:43:42.579 [main] INFO com.finsight.service.FraudDetectionService -- Amount: 10000.00, Category: rent, Location: null, Time: 2026-03-09T16:43:42.578627400
16:43:42.580 [main] INFO com.finsight.service.FraudDetectionService -- Rule 1 - High Amount: User average = 100
16:43:42.580 [main] INFO com.finsight.service.FraudDetectionService -- Rule 1 - Threshold (3x avg) = 300, Transaction amount = 10000.00
16:43:42.581 [main] WARN com.finsight.service.FraudDetectionService -- Rule 1 TRIGGERED: High amount anomaly (+30 points)
16:43:42.581 [main] INFO com.finsight.service.FraudDetectionService -- Rule 2 - Checking rapid-fire activity...
16:43:42.581 [main] INFO com.finsight.service.FraudDetectionService -- Rapid-fire check: 0 transactions in 10-minute window (need 5+)
16:43:42.581 [main] INFO com.finsight.service.FraudDetectionService -- Rule 2 NOT triggered: Less than 5 transactions in 10-minute window
16:43:42.581 [main] INFO com.finsight.service.FraudDetectionService -- Rule 3 - Checking geographical anomaly, location: null
16:43:42.581 [main] INFO com.finsight.service.FraudDetectionService -- Rule 3 SKIPPED: No location provided
16:43:42.581 [main] INFO com.finsight.service.FraudDetectionService -- Rule 4 - Checking unusual category: rent
16:43:42.581 [main] INFO com.finsight.service.FraudDetectionService -- Category check: User has used 1 categories: [groceries]
16:43:42.581 [main] INFO com.finsight.service.FraudDetectionService -- Category check: Category 'rent' not in list (unusual)
16:43:42.581 [main] WARN com.finsight.service.FraudDetectionService -- Rule 4 TRIGGERED: Unusual category (+20 points)
16:43:42.581 [main] INFO com.finsight.service.FraudDetectionService -- === Fraud detection complete: Score = 50.0, Risk = MEDIUM, Fraudulent = true ===
16:43:42.581 [main] INFO com.finsight.service.FraudDetectionService -- MEDIUM FRAUD SCORE: 50.0 for transaction 9999. Reasons: Amount $10000.00 exceeds 3x user average $100.00; First time using category: rent
16:43:42.584 [main] INFO com.finsight.service.FraudDetectionService -- === Starting fraud detection for transaction 18 ===
16:43:42.584 [main] INFO com.finsight.service.FraudDetectionService -- Amount: 13.69, Category: rent, Location: null, Time: 2026-03-09T16:43:42.581769300
16:43:42.584 [main] INFO com.finsight.service.FraudDetectionService -- Rule 1 - High Amount: User average = 100
16:43:42.584 [main] INFO com.finsight.service.FraudDetectionService -- Rule 1 - Threshold (3x avg) = 300, Transaction amount = 13.69
16:43:42.584 [main] INFO com.finsight.service.FraudDetectionService -- Rule 1 NOT triggered: Amount within normal range
16:43:42.584 [main] INFO com.finsight.service.FraudDetectionService -- Rule 2 - Checking rapid-fire activity...
16:43:42.584 [main] INFO com.finsight.service.FraudDetectionService -- Rapid-fire check: 0 transactions in 10-minute window (need 5+)
16:43:42.584 [main] INFO com.finsight.service.FraudDetectionService -- Rule 2 NOT triggered: Less than 5 transactions in 10-minute window
16:43:42.584 [main] INFO com.finsight.service.FraudDetectionService -- Rule 3 - Checking geographical anomaly, location: null
16:43:42.584 [main] INFO com.finsight.service.FraudDetectionService -- Rule 3 SKIPPED: No location provided
16:43:42.584 [main] INFO com.finsight.service.FraudDetectionService -- Rule 4 - Checking unusual category: rent
16:43:42.584 [main] INFO com.finsight.service.FraudDetectionService -- Category check: User has used 1 categories: [groceries]
16:43:42.584 [main] INFO com.finsight.service.FraudDetectionService -- Category check: Category 'rent' not in list (unusual)
16:43:42.584 [main] WARN com.finsight.service.FraudDetectionService -- Rule 4 TRIGGERED: Unusual category (+20 points)
16:43:42.584 [main] INFO com.finsight.service.FraudDetectionService -- === Fraud detection complete: Score = 20.0, Risk = LOW, Fraudulent = false ===
16:43:42.584 [main] INFO com.finsight.service.FraudDetectionService -- LOW FRAUD SCORE: 20.0 for transaction 18. Reasons: First time using category: rent
16:43:42.586 [main] INFO com.finsight.service.FraudDetectionService -- === Starting fraud detection for transaction 13 ===
16:43:42.586 [main] INFO com.finsight.service.FraudDetectionService -- Amount: 1.07, Category: entertainment, Location: null, Time: 2026-03-09T16:43:42.585144100
16:43:42.586 [main] INFO com.finsight.service.FraudDetectionService -- Rule 1 - High Amount: User average = 100
16:43:42.586 [main] INFO com.finsight.service.FraudDetectionService -- Rule 1 - Threshold (3x avg) = 300, Transaction amount = 1.07
16:43:42.586 [main] INFO com.finsight.service.FraudDetectionService -- Rule 1 NOT triggered: Amount within normal range
16:43:42.586 [main] INFO com.finsight.service.FraudDetectionService -- Rule 2 - Checking rapid-fire activity...
16:43:42.586 [main] INFO com.finsight.service.FraudDetectionService -- Rapid-fire check: 0 transactions in 10-minute window (need 5+)
16:43:42.586 [main] INFO com.finsight.service.FraudDetectionService -- Rule 2 NOT triggered: Less than 5 transactions in 10-minute window
16:43:42.586 [main] INFO com.finsight.service.FraudDetectionService -- Rule 3 - Checking geographical anomaly, location: null
16:43:42.586 [main] INFO com.finsight.service.FraudDetectionService -- Rule 3 SKIPPED: No location provided
16:43:42.586 [main] INFO com.finsight.service.FraudDetectionService -- Rule 4 - Checking unusual category: entertainment
16:43:42.586 [main] INFO com.finsight.service.FraudDetectionService -- Category check: User has used 1 categories: [groceries]
16:43:42.586 [main] INFO com.finsight.service.FraudDetectionService -- Category check: Category 'entertainment' not in list (unusual)
16:43:42.586 [main] WARN com.finsight.service.FraudDetectionService -- Rule 4 TRIGGERED: Unusual category (+20 points)
16:43:42.586 [main] INFO com.finsight.service.FraudDetectionService -- === Fraud detection complete: Score = 20.0, Risk = LOW, Fraudulent = false ===
16:43:42.586 [main] INFO com.finsight.service.FraudDetectionService -- LOW FRAUD SCORE: 20.0 for transaction 13. Reasons: First time using category: entertainment
16:43:42.588 [main] INFO com.finsight.service.FraudDetectionService -- === Starting fraud detection for transaction 656 ===
16:43:42.588 [main] INFO com.finsight.service.FraudDetectionService -- Amount: 1.12, Category: rent, Location: null, Time: 2026-03-09T16:43:42.587146900
16:43:42.588 [main] INFO com.finsight.service.FraudDetectionService -- Rule 1 - High Amount: User average = 100
16:43:42.589 [main] INFO com.finsight.service.FraudDetectionService -- Rule 1 - Threshold (3x avg) = 300, Transaction amount = 1.12
16:43:42.589 [main] INFO com.finsight.service.FraudDetectionService -- Rule 1 NOT triggered: Amount within normal range
16:43:42.589 [main] INFO com.finsight.service.FraudDetectionService -- Rule 2 - Checking rapid-fire activity...
16:43:42.589 [main] INFO com.finsight.service.FraudDetectionService -- Rapid-fire check: 0 transactions in 10-minute window (need 5+)
16:43:42.589 [main] INFO com.finsight.service.FraudDetectionService -- Rule 2 NOT triggered: Less than 5 transactions in 10-minute window
16:43:42.589 [main] INFO com.finsight.service.FraudDetectionService -- Rule 3 - Checking geographical anomaly, location: null
16:43:42.589 [main] INFO com.finsight.service.FraudDetectionService -- Rule 3 SKIPPED: No location provided
16:43:42.589 [main] INFO com.finsight.service.FraudDetectionService -- Rule 4 - Checking unusual category: rent
16:43:42.589 [main] INFO com.finsight.service.FraudDetectionService -- Category check: User has used 1 categories: [groceries]
16:43:42.589 [main] INFO com.finsight.service.FraudDetectionService -- Category check: Category 'rent' not in list (unusual)
16:43:42.589 [main] WARN com.finsight.service.FraudDetectionService -- Rule 4 TRIGGERED: Unusual category (+20 points)
16:43:42.589 [main] INFO com.finsight.service.FraudDetectionService -- === Fraud detection complete: Score = 20.0, Risk = LOW, Fraudulent = false ===
16:43:42.589 [main] INFO com.finsight.service.FraudDetectionService -- LOW FRAUD SCORE: 20.0 for transaction 656. Reasons: First time using category: rent
16:43:42.590 [main] INFO com.finsight.service.FraudDetectionService -- === Starting fraud detection for transaction 18 ===
16:43:42.590 [main] INFO com.finsight.service.FraudDetectionService -- Amount: 1.07, Category: rent, Location: null, Time: 2026-03-09T16:43:42.589141700
16:43:42.590 [main] INFO com.finsight.service.FraudDetectionService -- Rule 1 - High Amount: User average = 100
16:43:42.591 [main] INFO com.finsight.service.FraudDetectionService -- Rule 1 - Threshold (3x avg) = 300, Transaction amount = 1.07
16:43:42.591 [main] INFO com.finsight.service.FraudDetectionService -- Rule 1 NOT triggered: Amount within normal range
16:43:42.591 [main] INFO com.finsight.service.FraudDetectionService -- Rule 2 - Checking rapid-fire activity...
16:43:42.591 [main] INFO com.finsight.service.FraudDetectionService -- Rapid-fire check: 0 transactions in 10-minute window (need 5+)
16:43:42.591 [main] INFO com.finsight.service.FraudDetectionService -- Rule 2 NOT triggered: Less than 5 transactions in 10-minute window
16:43:42.591 [main] INFO com.finsight.service.FraudDetectionService -- Rule 3 - Checking geographical anomaly, location: null
16:43:42.591 [main] INFO com.finsight.service.FraudDetectionService -- Rule 3 SKIPPED: No location provided
16:43:42.591 [main] INFO com.finsight.service.FraudDetectionService -- Rule 4 - Checking unusual category: rent
16:43:42.591 [main] INFO com.finsight.service.FraudDetectionService -- Category check: User has used 1 categories: [groceries]
16:43:42.591 [main] INFO com.finsight.service.FraudDetectionService -- Category check: Category 'rent' not in list (unusual)
16:43:42.591 [main] WARN com.finsight.service.FraudDetectionService -- Rule 4 TRIGGERED: Unusual category (+20 points)
16:43:42.591 [main] INFO com.finsight.service.FraudDetectionService -- === Fraud detection complete: Score = 20.0, Risk = LOW, Fraudulent = false ===
16:43:42.591 [main] INFO com.finsight.service.FraudDetectionService -- LOW FRAUD SCORE: 20.0 for transaction 18. Reasons: First time using category: rent
16:43:42.593 [main] INFO com.finsight.service.FraudDetectionService -- === Starting fraud detection for transaction 27 ===
16:43:42.593 [main] INFO com.finsight.service.FraudDetectionService -- Amount: 75.32, Category: rent, Location: null, Time: 2026-03-09T16:43:42.591146200
16:43:42.593 [main] INFO com.finsight.service.FraudDetectionService -- Rule 1 - High Amount: User average = 100
16:43:42.593 [main] INFO com.finsight.service.FraudDetectionService -- Rule 1 - Threshold (3x avg) = 300, Transaction amount = 75.32
16:43:42.593 [main] INFO com.finsight.service.FraudDetectionService -- Rule 1 NOT triggered: Amount within normal range
16:43:42.593 [main] INFO com.finsight.service.FraudDetectionService -- Rule 2 - Checking rapid-fire activity...
16:43:42.593 [main] INFO com.finsight.service.FraudDetectionService -- Rapid-fire check: 0 transactions in 10-minute window (need 5+)
16:43:42.593 [main] INFO com.finsight.service.FraudDetectionService -- Rule 2 NOT triggered: Less than 5 transactions in 10-minute window
16:43:42.593 [main] INFO com.finsight.service.FraudDetectionService -- Rule 3 - Checking geographical anomaly, location: null
16:43:42.593 [main] INFO com.finsight.service.FraudDetectionService -- Rule 3 SKIPPED: No location provided
16:43:42.593 [main] INFO com.finsight.service.FraudDetectionService -- Rule 4 - Checking unusual category: rent
16:43:42.593 [main] INFO com.finsight.service.FraudDetectionService -- Category check: User has used 1 categories: [groceries]
16:43:42.593 [main] INFO com.finsight.service.FraudDetectionService -- Category check: Category 'rent' not in list (unusual)
16:43:42.593 [main] WARN com.finsight.service.FraudDetectionService -- Rule 4 TRIGGERED: Unusual category (+20 points)
16:43:42.593 [main] INFO com.finsight.service.FraudDetectionService -- === Fraud detection complete: Score = 20.0, Risk = LOW, Fraudulent = false ===
16:43:42.593 [main] INFO com.finsight.service.FraudDetectionService -- LOW FRAUD SCORE: 20.0 for transaction 27. Reasons: First time using category: rent
16:43:42.595 [main] INFO com.finsight.service.FraudDetectionService -- === Starting fraud detection for transaction 2426 ===
16:43:42.596 [main] INFO com.finsight.service.FraudDetectionService -- Amount: 1.12, Category: groceries, Location: null, Time: 2026-03-09T16:43:42.594528800
16:43:42.596 [main] INFO com.finsight.service.FraudDetectionService -- Rule 1 - High Amount: User average = 100
16:43:42.596 [main] INFO com.finsight.service.FraudDetectionService -- Rule 1 - Threshold (3x avg) = 300, Transaction amount = 1.12
16:43:42.596 [main] INFO com.finsight.service.FraudDetectionService -- Rule 1 NOT triggered: Amount within normal range
16:43:42.596 [main] INFO com.finsight.service.FraudDetectionService -- Rule 2 - Checking rapid-fire activity...
16:43:42.596 [main] INFO com.finsight.service.FraudDetectionService -- Rapid-fire check: 0 transactions in 10-minute window (need 5+)
16:43:42.596 [main] INFO com.finsight.service.FraudDetectionService -- Rule 2 NOT triggered: Less than 5 transactions in 10-minute window
16:43:42.596 [main] INFO com.finsight.service.FraudDetectionService -- Rule 3 - Checking geographical anomaly, location: null
16:43:42.596 [main] INFO com.finsight.service.FraudDetectionService -- Rule 3 SKIPPED: No location provided
16:43:42.596 [main] INFO com.finsight.service.FraudDetectionService -- Rule 4 - Checking unusual category: groceries
16:43:42.596 [main] INFO com.finsight.service.FraudDetectionService -- Category check: User has used 1 categories: [groceries]
16:43:42.596 [main] INFO com.finsight.service.FraudDetectionService -- Category check: Category 'groceries' used 0 times
16:43:42.596 [main] INFO com.finsight.service.FraudDetectionService -- Rule 4 NOT triggered: Category has been used before
16:43:42.596 [main] INFO com.finsight.service.FraudDetectionService -- === Fraud detection complete: Score = 0.0, Risk = LOW, Fraudulent = false ===
16:43:42.596 [main] INFO com.finsight.service.FraudDetectionService -- NO FRAUD DETECTED: Score = 0 for transaction 2426
16:43:42.600 [main] INFO com.finsight.service.FraudDetectionService -- === Starting fraud detection for transaction 36 ===
16:43:42.600 [main] INFO com.finsight.service.FraudDetectionService -- Amount: 1.06, Category: rent, Location: null, Time: 2026-03-09T16:43:42.596525800
16:43:42.600 [main] INFO com.finsight.service.FraudDetectionService -- Rule 1 - High Amount: User average = 100
16:43:42.600 [main] INFO com.finsight.service.FraudDetectionService -- Rule 1 - Threshold (3x avg) = 300, Transaction amount = 1.06
16:43:42.600 [main] INFO com.finsight.service.FraudDetectionService -- Rule 1 NOT triggered: Amount within normal range
16:43:42.600 [main] INFO com.finsight.service.FraudDetectionService -- Rule 2 - Checking rapid-fire activity...
16:43:42.600 [main] INFO com.finsight.service.FraudDetectionService -- Rapid-fire check: 0 transactions in 10-minute window (need 5+)
16:43:42.600 [main] INFO com.finsight.service.FraudDetectionService -- Rule 2 NOT triggered: Less than 5 transactions in 10-minute window
16:43:42.600 [main] INFO com.finsight.service.FraudDetectionService -- Rule 3 - Checking geographical anomaly, location: null
16:43:42.600 [main] INFO com.finsight.service.FraudDetectionService -- Rule 3 SKIPPED: No location provided
16:43:42.600 [main] INFO com.finsight.service.FraudDetectionService -- Rule 4 - Checking unusual category: rent
16:43:42.600 [main] INFO com.finsight.service.FraudDetectionService -- Category check: User has used 1 categories: [groceries]
16:43:42.600 [main] INFO com.finsight.service.FraudDetectionService -- Category check: Category 'rent' not in list (unusual)
16:43:42.600 [main] WARN com.finsight.service.FraudDetectionService -- Rule 4 TRIGGERED: Unusual category (+20 points)
16:43:42.600 [main] INFO com.finsight.service.FraudDetectionService -- === Fraud detection complete: Score = 20.0, Risk = LOW, Fraudulent = false ===
16:43:42.601 [main] INFO com.finsight.service.FraudDetectionService -- LOW FRAUD SCORE: 20.0 for transaction 36. Reasons: First time using category: rent
16:43:42.604 [main] INFO com.finsight.service.FraudDetectionService -- === Starting fraud detection for transaction 861 ===
16:43:42.604 [main] INFO com.finsight.service.FraudDetectionService -- Amount: 1.15, Category: salary, Location: null, Time: 2026-03-09T16:43:42.601567900
16:43:42.604 [main] INFO com.finsight.service.FraudDetectionService -- Rule 1 - High Amount: User average = 100
16:43:42.604 [main] INFO com.finsight.service.FraudDetectionService -- Rule 1 - Threshold (3x avg) = 300, Transaction amount = 1.15
16:43:42.604 [main] INFO com.finsight.service.FraudDetectionService -- Rule 1 NOT triggered: Amount within normal range
16:43:42.604 [main] INFO com.finsight.service.FraudDetectionService -- Rule 2 - Checking rapid-fire activity...
16:43:42.604 [main] INFO com.finsight.service.FraudDetectionService -- Rapid-fire check: 0 transactions in 10-minute window (need 5+)
16:43:42.604 [main] INFO com.finsight.service.FraudDetectionService -- Rule 2 NOT triggered: Less than 5 transactions in 10-minute window
16:43:42.604 [main] INFO com.finsight.service.FraudDetectionService -- Rule 3 - Checking geographical anomaly, location: null
16:43:42.604 [main] INFO com.finsight.service.FraudDetectionService -- Rule 3 SKIPPED: No location provided
16:43:42.604 [main] INFO com.finsight.service.FraudDetectionService -- Rule 4 - Checking unusual category: salary
16:43:42.604 [main] INFO com.finsight.service.FraudDetectionService -- Category check: User has used 1 categories: [groceries]
16:43:42.604 [main] INFO com.finsight.service.FraudDetectionService -- Category check: Category 'salary' not in list (unusual)
16:43:42.604 [main] WARN com.finsight.service.FraudDetectionService -- Rule 4 TRIGGERED: Unusual category (+20 points)
16:43:42.604 [main] INFO com.finsight.service.FraudDetectionService -- === Fraud detection complete: Score = 20.0, Risk = LOW, Fraudulent = false ===
16:43:42.604 [main] INFO com.finsight.service.FraudDetectionService -- LOW FRAUD SCORE: 20.0 for transaction 861. Reasons: First time using category: salary
16:43:42.608 [main] INFO com.finsight.service.FraudDetectionService -- === Starting fraud detection for transaction 7907 ===
16:43:42.609 [main] INFO com.finsight.service.FraudDetectionService -- Amount: 422.22, Category: rent, Location: null, Time: 2026-03-09T16:43:42.605776700
16:43:42.609 [main] INFO com.finsight.service.FraudDetectionService -- Rule 1 - High Amount: User average = 100
16:43:42.609 [main] INFO com.finsight.service.FraudDetectionService -- Rule 1 - Threshold (3x avg) = 300, Transaction amount = 422.22
16:43:42.610 [main] WARN com.finsight.service.FraudDetectionService -- Rule 1 TRIGGERED: High amount anomaly (+30 points)
16:43:42.611 [main] INFO com.finsight.service.FraudDetectionService -- Rule 2 - Checking rapid-fire activity...
16:43:42.611 [main] INFO com.finsight.service.FraudDetectionService -- Rapid-fire check: 0 transactions in 10-minute window (need 5+)
16:43:42.612 [main] INFO com.finsight.service.FraudDetectionService -- Rule 2 NOT triggered: Less than 5 transactions in 10-minute window
16:43:42.612 [main] INFO com.finsight.service.FraudDetectionService -- Rule 3 - Checking geographical anomaly, location: null
16:43:42.612 [main] INFO com.finsight.service.FraudDetectionService -- Rule 3 SKIPPED: No location provided
16:43:42.612 [main] INFO com.finsight.service.FraudDetectionService -- Rule 4 - Checking unusual category: rent
16:43:42.612 [main] INFO com.finsight.service.FraudDetectionService -- Category check: User has used 1 categories: [groceries]
16:43:42.612 [main] INFO com.finsight.service.FraudDetectionService -- Category check: Category 'rent' not in list (unusual)
16:43:42.612 [main] WARN com.finsight.service.FraudDetectionService -- Rule 4 TRIGGERED: Unusual category (+20 points)
16:43:42.612 [main] INFO com.finsight.service.FraudDetectionService -- === Fraud detection complete: Score = 50.0, Risk = MEDIUM, Fraudulent = false ===
16:43:42.612 [main] INFO com.finsight.service.FraudDetectionService -- MEDIUM FRAUD SCORE: 50.0 for transaction 7907. Reasons: Amount $422.22 exceeds 3x user average $100.00; First time using category: rent
16:43:42.618 [main] INFO com.finsight.service.FraudDetectionService -- === Starting fraud detection for transaction 2 ===
16:43:42.618 [main] INFO com.finsight.service.FraudDetectionService -- Amount: 1.00, Category: rent, Location: null, Time: 2026-03-09T16:43:42.612779900
16:43:42.619 [main] INFO com.finsight.service.FraudDetectionService -- Rule 1 - High Amount: User average = 100
16:43:42.619 [main] INFO com.finsight.service.FraudDetectionService -- Rule 1 - Threshold (3x avg) = 300, Transaction amount = 1.00
16:43:42.619 [main] INFO com.finsight.service.FraudDetectionService -- Rule 1 NOT triggered: Amount within normal range
16:43:42.619 [main] INFO com.finsight.service.FraudDetectionService -- Rule 2 - Checking rapid-fire activity...
16:43:42.619 [main] INFO com.finsight.service.FraudDetectionService -- Rapid-fire check: 0 transactions in 10-minute window (need 5+)
16:43:42.619 [main] INFO com.finsight.service.FraudDetectionService -- Rule 2 NOT triggered: Less than 5 transactions in 10-minute window
16:43:42.619 [main] INFO com.finsight.service.FraudDetectionService -- Rule 3 - Checking geographical anomaly, location: null
16:43:42.619 [main] INFO com.finsight.service.FraudDetectionService -- Rule 3 SKIPPED: No location provided
16:43:42.619 [main] INFO com.finsight.service.FraudDetectionService -- Rule 4 - Checking unusual category: rent
16:43:42.619 [main] INFO com.finsight.service.FraudDetectionService -- Category check: User has used 1 categories: [groceries]
16:43:42.619 [main] INFO com.finsight.service.FraudDetectionService -- Category check: Category 'rent' not in list (unusual)
16:43:42.619 [main] WARN com.finsight.service.FraudDetectionService -- Rule 4 TRIGGERED: Unusual category (+20 points)
16:43:42.619 [main] INFO com.finsight.service.FraudDetectionService -- === Fraud detection complete: Score = 20.0, Risk = LOW, Fraudulent = false ===
16:43:42.619 [main] INFO com.finsight.service.FraudDetectionService -- LOW FRAUD SCORE: 20.0 for transaction 2. Reasons: First time using category: rent
16:43:42.624 [main] INFO com.finsight.service.FraudDetectionService -- === Starting fraud detection for transaction 1757 ===
16:43:42.624 [main] INFO com.finsight.service.FraudDetectionService -- Amount: 20.31, Category: rent, Location: null, Time: 2026-03-09T16:43:42.620480400
16:43:42.624 [main] INFO com.finsight.service.FraudDetectionService -- Rule 1 - High Amount: User average = 100
16:43:42.624 [main] INFO com.finsight.service.FraudDetectionService -- Rule 1 - Threshold (3x avg) = 300, Transaction amount = 20.31
16:43:42.624 [main] INFO com.finsight.service.FraudDetectionService -- Rule 1 NOT triggered: Amount within normal range
16:43:42.624 [main] INFO com.finsight.service.FraudDetectionService -- Rule 2 - Checking rapid-fire activity...
16:43:42.624 [main] INFO com.finsight.service.FraudDetectionService -- Rapid-fire check: 0 transactions in 10-minute window (need 5+)
16:43:42.624 [main] INFO com.finsight.service.FraudDetectionService -- Rule 2 NOT triggered: Less than 5 transactions in 10-minute window
16:43:42.624 [main] INFO com.finsight.service.FraudDetectionService -- Rule 3 - Checking geographical anomaly, location: null
16:43:42.624 [main] INFO com.finsight.service.FraudDetectionService -- Rule 3 SKIPPED: No location provided
16:43:42.624 [main] INFO com.finsight.service.FraudDetectionService -- Rule 4 - Checking unusual category: rent
16:43:42.624 [main] INFO com.finsight.service.FraudDetectionService -- Category check: User has used 1 categories: [groceries]
16:43:42.624 [main] INFO com.finsight.service.FraudDetectionService -- Category check: Category 'rent' not in list (unusual)
16:43:42.624 [main] WARN com.finsight.service.FraudDetectionService -- Rule 4 TRIGGERED: Unusual category (+20 points)
16:43:42.624 [main] INFO com.finsight.service.FraudDetectionService -- === Fraud detection complete: Score = 20.0, Risk = LOW, Fraudulent = false ===
16:43:42.624 [main] INFO com.finsight.service.FraudDetectionService -- LOW FRAUD SCORE: 20.0 for transaction 1757. Reasons: First time using category: rent
16:43:42.629 [main] INFO com.finsight.service.FraudDetectionService -- === Starting fraud detection for transaction 2469 ===
16:43:42.629 [main] INFO com.finsight.service.FraudDetectionService -- Amount: 55.08, Category: salary, Location: null, Time: 2026-03-09T16:43:42.628832600
16:43:42.629 [main] INFO com.finsight.service.FraudDetectionService -- Rule 1 - High Amount: User average = 100
16:43:42.629 [main] INFO com.finsight.service.FraudDetectionService -- Rule 1 - Threshold (3x avg) = 300, Transaction amount = 55.08
16:43:42.629 [main] INFO com.finsight.service.FraudDetectionService -- Rule 1 NOT triggered: Amount within normal range
16:43:42.629 [main] INFO com.finsight.service.FraudDetectionService -- Rule 2 - Checking rapid-fire activity...
16:43:42.629 [main] INFO com.finsight.service.FraudDetectionService -- Rapid-fire check: 0 transactions in 10-minute window (need 5+)
16:43:42.629 [main] INFO com.finsight.service.FraudDetectionService -- Rule 2 NOT triggered: Less than 5 transactions in 10-minute window
16:43:42.629 [main] INFO com.finsight.service.FraudDetectionService -- Rule 3 - Checking geographical anomaly, location: null
16:43:42.629 [main] INFO com.finsight.service.FraudDetectionService -- Rule 3 SKIPPED: No location provided
16:43:42.629 [main] INFO com.finsight.service.FraudDetectionService -- Rule 4 - Checking unusual category: salary
16:43:42.631 [main] INFO com.finsight.service.FraudDetectionService -- Category check: User has used 1 categories: [groceries]
16:43:42.632 [main] INFO com.finsight.service.FraudDetectionService -- Category check: Category 'salary' not in list (unusual)
16:43:42.633 [main] WARN com.finsight.service.FraudDetectionService -- Rule 4 TRIGGERED: Unusual category (+20 points)
16:43:42.633 [main] INFO com.finsight.service.FraudDetectionService -- === Fraud detection complete: Score = 20.0, Risk = LOW, Fraudulent = false ===
16:43:42.633 [main] INFO com.finsight.service.FraudDetectionService -- LOW FRAUD SCORE: 20.0 for transaction 2469. Reasons: First time using category: salary
16:43:42.637 [main] INFO com.finsight.service.FraudDetectionService -- === Starting fraud detection for transaction 2 ===
16:43:42.637 [main] INFO com.finsight.service.FraudDetectionService -- Amount: 1.00, Category: rent, Location: null, Time: 2026-03-09T16:43:42.634074300
16:43:42.637 [main] INFO com.finsight.service.FraudDetectionService -- Rule 1 - High Amount: User average = 100
16:43:42.637 [main] INFO com.finsight.service.FraudDetectionService -- Rule 1 - Threshold (3x avg) = 300, Transaction amount = 1.00
16:43:42.638 [main] INFO com.finsight.service.FraudDetectionService -- Rule 1 NOT triggered: Amount within normal range
16:43:42.638 [main] INFO com.finsight.service.FraudDetectionService -- Rule 2 - Checking rapid-fire activity...
16:43:42.639 [main] INFO com.finsight.service.FraudDetectionService -- Rapid-fire check: 0 transactions in 10-minute window (need 5+)
16:43:42.640 [main] INFO com.finsight.service.FraudDetectionService -- Rule 2 NOT triggered: Less than 5 transactions in 10-minute window
16:43:42.640 [main] INFO com.finsight.service.FraudDetectionService -- Rule 3 - Checking geographical anomaly, location: null
16:43:42.640 [main] INFO com.finsight.service.FraudDetectionService -- Rule 3 SKIPPED: No location provided
16:43:42.640 [main] INFO com.finsight.service.FraudDetectionService -- Rule 4 - Checking unusual category: rent
16:43:42.640 [main] INFO com.finsight.service.FraudDetectionService -- Category check: User has used 1 categories: [groceries]
16:43:42.640 [main] INFO com.finsight.service.FraudDetectionService -- Category check: Category 'rent' not in list (unusual)
16:43:42.640 [main] WARN com.finsight.service.FraudDetectionService -- Rule 4 TRIGGERED: Unusual category (+20 points)
16:43:42.640 [main] INFO com.finsight.service.FraudDetectionService -- === Fraud detection complete: Score = 20.0, Risk = LOW, Fraudulent = false ===
16:43:42.640 [main] INFO com.finsight.service.FraudDetectionService -- LOW FRAUD SCORE: 20.0 for transaction 2. Reasons: First time using category: rent
16:43:42.643 [main] INFO com.finsight.service.FraudDetectionService -- === Starting fraud detection for transaction 2206 ===
16:43:42.643 [main] INFO com.finsight.service.FraudDetectionService -- Amount: 173.48, Category: salary, Location: null, Time: 2026-03-09T16:43:42.641071700
16:43:42.643 [main] INFO com.finsight.service.FraudDetectionService -- Rule 1 - High Amount: User average = 100
16:43:42.643 [main] INFO com.finsight.service.FraudDetectionService -- Rule 1 - Threshold (3x avg) = 300, Transaction amount = 173.48
16:43:42.643 [main] INFO com.finsight.service.FraudDetectionService -- Rule 1 NOT triggered: Amount within normal range
16:43:42.643 [main] INFO com.finsight.service.FraudDetectionService -- Rule 2 - Checking rapid-fire activity...
16:43:42.643 [main] INFO com.finsight.service.FraudDetectionService -- Rapid-fire check: 0 transactions in 10-minute window (need 5+)
16:43:42.643 [main] INFO com.finsight.service.FraudDetectionService -- Rule 2 NOT triggered: Less than 5 transactions in 10-minute window
16:43:42.643 [main] INFO com.finsight.service.FraudDetectionService -- Rule 3 - Checking geographical anomaly, location: null
16:43:42.643 [main] INFO com.finsight.service.FraudDetectionService -- Rule 3 SKIPPED: No location provided
16:43:42.643 [main] INFO com.finsight.service.FraudDetectionService -- Rule 4 - Checking unusual category: salary
16:43:42.643 [main] INFO com.finsight.service.FraudDetectionService -- Category check: User has used 1 categories: [groceries]
16:43:42.643 [main] INFO com.finsight.service.FraudDetectionService -- Category check: Category 'salary' not in list (unusual)
16:43:42.643 [main] WARN com.finsight.service.FraudDetectionService -- Rule 4 TRIGGERED: Unusual category (+20 points)
16:43:42.643 [main] INFO com.finsight.service.FraudDetectionService -- === Fraud detection complete: Score = 20.0, Risk = LOW, Fraudulent = false ===
16:43:42.643 [main] INFO com.finsight.service.FraudDetectionService -- LOW FRAUD SCORE: 20.0 for transaction 2206. Reasons: First time using category: salary
16:43:42.645 [main] INFO com.finsight.service.FraudDetectionService -- === Starting fraud detection for transaction 9999 ===
16:43:42.645 [main] INFO com.finsight.service.FraudDetectionService -- Amount: 1.00, Category: groceries, Location: null, Time: 2026-03-09T16:43:42.643071400
16:43:42.645 [main] INFO com.finsight.service.FraudDetectionService -- Rule 1 - High Amount: User average = 100
16:43:42.645 [main] INFO com.finsight.service.FraudDetectionService -- Rule 1 - Threshold (3x avg) = 300, Transaction amount = 1.00
16:43:42.645 [main] INFO com.finsight.service.FraudDetectionService -- Rule 1 NOT triggered: Amount within normal range
16:43:42.645 [main] INFO com.finsight.service.FraudDetectionService -- Rule 2 - Checking rapid-fire activity...
16:43:42.645 [main] INFO com.finsight.service.FraudDetectionService -- Rapid-fire check: 0 transactions in 10-minute window (need 5+)
16:43:42.645 [main] INFO com.finsight.service.FraudDetectionService -- Rule 2 NOT triggered: Less than 5 transactions in 10-minute window
16:43:42.645 [main] INFO com.finsight.service.FraudDetectionService -- Rule 3 - Checking geographical anomaly, location: null
16:43:42.645 [main] INFO com.finsight.service.FraudDetectionService -- Rule 3 SKIPPED: No location provided
16:43:42.645 [main] INFO com.finsight.service.FraudDetectionService -- Rule 4 - Checking unusual category: groceries
16:43:42.645 [main] INFO com.finsight.service.FraudDetectionService -- Category check: User has used 1 categories: [groceries]
16:43:42.645 [main] INFO com.finsight.service.FraudDetectionService -- Category check: Category 'groceries' used 0 times
16:43:42.645 [main] INFO com.finsight.service.FraudDetectionService -- Rule 4 NOT triggered: Category has been used before
16:43:42.645 [main] INFO com.finsight.service.FraudDetectionService -- === Fraud detection complete: Score = 0.0, Risk = LOW, Fraudulent = false ===
16:43:42.645 [main] INFO com.finsight.service.FraudDetectionService -- NO FRAUD DETECTED: Score = 0 for transaction 9999
16:43:42.649 [main] INFO com.finsight.service.FraudDetectionService -- === Starting fraud detection for transaction 541 ===
16:43:42.649 [main] INFO com.finsight.service.FraudDetectionService -- Amount: 1.68, Category: salary, Location: null, Time: 2026-03-09T16:43:42.646068900
16:43:42.649 [main] INFO com.finsight.service.FraudDetectionService -- Rule 1 - High Amount: User average = 100
16:43:42.649 [main] INFO com.finsight.service.FraudDetectionService -- Rule 1 - Threshold (3x avg) = 300, Transaction amount = 1.68
16:43:42.649 [main] INFO com.finsight.service.FraudDetectionService -- Rule 1 NOT triggered: Amount within normal range
16:43:42.649 [main] INFO com.finsight.service.FraudDetectionService -- Rule 2 - Checking rapid-fire activity...
16:43:42.649 [main] INFO com.finsight.service.FraudDetectionService -- Rapid-fire check: 0 transactions in 10-minute window (need 5+)
16:43:42.649 [main] INFO com.finsight.service.FraudDetectionService -- Rule 2 NOT triggered: Less than 5 transactions in 10-minute window
16:43:42.649 [main] INFO com.finsight.service.FraudDetectionService -- Rule 3 - Checking geographical anomaly, location: null
16:43:42.649 [main] INFO com.finsight.service.FraudDetectionService -- Rule 3 SKIPPED: No location provided
16:43:42.649 [main] INFO com.finsight.service.FraudDetectionService -- Rule 4 - Checking unusual category: salary
16:43:42.649 [main] INFO com.finsight.service.FraudDetectionService -- Category check: User has used 1 categories: [groceries]
16:43:42.649 [main] INFO com.finsight.service.FraudDetectionService -- Category check: Category 'salary' not in list (unusual)
16:43:42.649 [main] WARN com.finsight.service.FraudDetectionService -- Rule 4 TRIGGERED: Unusual category (+20 points)
16:43:42.649 [main] INFO com.finsight.service.FraudDetectionService -- === Fraud detection complete: Score = 20.0, Risk = LOW, Fraudulent = false ===
16:43:42.649 [main] INFO com.finsight.service.FraudDetectionService -- LOW FRAUD SCORE: 20.0 for transaction 541. Reasons: First time using category: salary
16:43:42.651 [main] INFO com.finsight.service.FraudDetectionService -- === Starting fraud detection for transaction 136 ===
16:43:42.652 [main] INFO com.finsight.service.FraudDetectionService -- Amount: 16.92, Category: rent, Location: null, Time: 2026-03-09T16:43:42.650339500
16:43:42.652 [main] INFO com.finsight.service.FraudDetectionService -- Rule 1 - High Amount: User average = 100
16:43:42.652 [main] INFO com.finsight.service.FraudDetectionService -- Rule 1 - Threshold (3x avg) = 300, Transaction amount = 16.92
16:43:42.652 [main] INFO com.finsight.service.FraudDetectionService -- Rule 1 NOT triggered: Amount within normal range
16:43:42.652 [main] INFO com.finsight.service.FraudDetectionService -- Rule 2 - Checking rapid-fire activity...
16:43:42.652 [main] INFO com.finsight.service.FraudDetectionService -- Rapid-fire check: 0 transactions in 10-minute window (need 5+)
16:43:42.652 [main] INFO com.finsight.service.FraudDetectionService -- Rule 2 NOT triggered: Less than 5 transactions in 10-minute window
16:43:42.652 [main] INFO com.finsight.service.FraudDetectionService -- Rule 3 - Checking geographical anomaly, location: null
16:43:42.652 [main] INFO com.finsight.service.FraudDetectionService -- Rule 3 SKIPPED: No location provided
16:43:42.652 [main] INFO com.finsight.service.FraudDetectionService -- Rule 4 - Checking unusual category: rent
16:43:42.652 [main] INFO com.finsight.service.FraudDetectionService -- Category check: User has used 1 categories: [groceries]
16:43:42.652 [main] INFO com.finsight.service.FraudDetectionService -- Category check: Category 'rent' not in list (unusual)
16:43:42.653 [main] WARN com.finsight.service.FraudDetectionService -- Rule 4 TRIGGERED: Unusual category (+20 points)
16:43:42.653 [main] INFO com.finsight.service.FraudDetectionService -- === Fraud detection complete: Score = 20.0, Risk = LOW, Fraudulent = false ===
16:43:42.653 [main] INFO com.finsight.service.FraudDetectionService -- LOW FRAUD SCORE: 20.0 for transaction 136. Reasons: First time using category: rent
16:43:42.658 [main] INFO com.finsight.service.FraudDetectionService -- === Starting fraud detection for transaction 10000 ===
16:43:42.658 [main] INFO com.finsight.service.FraudDetectionService -- Amount: 10000.00, Category: rent, Location: null, Time: 2026-03-09T16:43:42.655337600
16:43:42.659 [main] INFO com.finsight.service.FraudDetectionService -- Rule 1 - High Amount: User average = 100
16:43:42.659 [main] INFO com.finsight.service.FraudDetectionService -- Rule 1 - Threshold (3x avg) = 300, Transaction amount = 10000.00
16:43:42.659 [main] WARN com.finsight.service.FraudDetectionService -- Rule 1 TRIGGERED: High amount anomaly (+30 points)
16:43:42.659 [main] INFO com.finsight.service.FraudDetectionService -- Rule 2 - Checking rapid-fire activity...
16:43:42.659 [main] INFO com.finsight.service.FraudDetectionService -- Rapid-fire check: 0 transactions in 10-minute window (need 5+)
16:43:42.659 [main] INFO com.finsight.service.FraudDetectionService -- Rule 2 NOT triggered: Less than 5 transactions in 10-minute window
16:43:42.659 [main] INFO com.finsight.service.FraudDetectionService -- Rule 3 - Checking geographical anomaly, location: null
16:43:42.659 [main] INFO com.finsight.service.FraudDetectionService -- Rule 3 SKIPPED: No location provided
16:43:42.659 [main] INFO com.finsight.service.FraudDetectionService -- Rule 4 - Checking unusual category: rent
16:43:42.659 [main] INFO com.finsight.service.FraudDetectionService -- Category check: User has used 1 categories: [groceries]
16:43:42.659 [main] INFO com.finsight.service.FraudDetectionService -- Category check: Category 'rent' not in list (unusual)
16:43:42.660 [main] WARN com.finsight.service.FraudDetectionService -- Rule 4 TRIGGERED: Unusual category (+20 points)
16:43:42.660 [main] INFO com.finsight.service.FraudDetectionService -- === Fraud detection complete: Score = 50.0, Risk = MEDIUM, Fraudulent = true ===
16:43:42.660 [main] INFO com.finsight.service.FraudDetectionService -- MEDIUM FRAUD SCORE: 50.0 for transaction 10000. Reasons: Amount $10000.00 exceeds 3x user average $100.00; First time using category: rent
16:43:42.662 [main] INFO com.finsight.service.FraudDetectionService -- === Starting fraud detection for transaction 2 ===
16:43:42.662 [main] INFO com.finsight.service.FraudDetectionService -- Amount: 1.00, Category: groceries, Location: null, Time: 2026-03-09T16:43:42.660348800
16:43:42.662 [main] INFO com.finsight.service.FraudDetectionService -- Rule 1 - High Amount: User average = 100
16:43:42.662 [main] INFO com.finsight.service.FraudDetectionService -- Rule 1 - Threshold (3x avg) = 300, Transaction amount = 1.00
16:43:42.662 [main] INFO com.finsight.service.FraudDetectionService -- Rule 1 NOT triggered: Amount within normal range
16:43:42.662 [main] INFO com.finsight.service.FraudDetectionService -- Rule 2 - Checking rapid-fire activity...
16:43:42.662 [main] INFO com.finsight.service.FraudDetectionService -- Rapid-fire check: 0 transactions in 10-minute window (need 5+)
16:43:42.662 [main] INFO com.finsight.service.FraudDetectionService -- Rule 2 NOT triggered: Less than 5 transactions in 10-minute window
16:43:42.662 [main] INFO com.finsight.service.FraudDetectionService -- Rule 3 - Checking geographical anomaly, location: null
16:43:42.662 [main] INFO com.finsight.service.FraudDetectionService -- Rule 3 SKIPPED: No location provided
16:43:42.662 [main] INFO com.finsight.service.FraudDetectionService -- Rule 4 - Checking unusual category: groceries
16:43:42.662 [main] INFO com.finsight.service.FraudDetectionService -- Category check: User has used 1 categories: [groceries]
16:43:42.662 [main] INFO com.finsight.service.FraudDetectionService -- Category check: Category 'groceries' used 0 times
16:43:42.662 [main] INFO com.finsight.service.FraudDetectionService -- Rule 4 NOT triggered: Category has been used before
16:43:42.662 [main] INFO com.finsight.service.FraudDetectionService -- === Fraud detection complete: Score = 0.0, Risk = LOW, Fraudulent = false ===
16:43:42.662 [main] INFO com.finsight.service.FraudDetectionService -- NO FRAUD DETECTED: Score = 0 for transaction 2
16:43:42.664 [main] INFO com.finsight.service.FraudDetectionService -- === Starting fraud detection for transaction 18 ===
16:43:42.664 [main] INFO com.finsight.service.FraudDetectionService -- Amount: 454.62, Category: rent, Location: null, Time: 2026-03-09T16:43:42.662349400
16:43:42.664 [main] INFO com.finsight.service.FraudDetectionService -- Rule 1 - High Amount: User average = 100
16:43:42.664 [main] INFO com.finsight.service.FraudDetectionService -- Rule 1 - Threshold (3x avg) = 300, Transaction amount = 454.62
16:43:42.664 [main] WARN com.finsight.service.FraudDetectionService -- Rule 1 TRIGGERED: High amount anomaly (+30 points)
16:43:42.664 [main] INFO com.finsight.service.FraudDetectionService -- Rule 2 - Checking rapid-fire activity...
16:43:42.664 [main] INFO com.finsight.service.FraudDetectionService -- Rapid-fire check: 0 transactions in 10-minute window (need 5+)
16:43:42.664 [main] INFO com.finsight.service.FraudDetectionService -- Rule 2 NOT triggered: Less than 5 transactions in 10-minute window
16:43:42.664 [main] INFO com.finsight.service.FraudDetectionService -- Rule 3 - Checking geographical anomaly, location: null
16:43:42.664 [main] INFO com.finsight.service.FraudDetectionService -- Rule 3 SKIPPED: No location provided
16:43:42.664 [main] INFO com.finsight.service.FraudDetectionService -- Rule 4 - Checking unusual category: rent
16:43:42.664 [main] INFO com.finsight.service.FraudDetectionService -- Category check: User has used 1 categories: [groceries]
16:43:42.664 [main] INFO com.finsight.service.FraudDetectionService -- Category check: Category 'rent' not in list (unusual)
16:43:42.664 [main] WARN com.finsight.service.FraudDetectionService -- Rule 4 TRIGGERED: Unusual category (+20 points)
16:43:42.664 [main] INFO com.finsight.service.FraudDetectionService -- === Fraud detection complete: Score = 50.0, Risk = MEDIUM, Fraudulent = true ===
16:43:42.664 [main] INFO com.finsight.service.FraudDetectionService -- MEDIUM FRAUD SCORE: 50.0 for transaction 18. Reasons: Amount $454.62 exceeds 3x user average $100.00; First time using category: rent
16:43:42.668 [main] INFO com.finsight.service.FraudDetectionService -- === Starting fraud detection for transaction 632 ===
16:43:42.669 [main] INFO com.finsight.service.FraudDetectionService -- Amount: 1.22, Category: rent, Location: null, Time: 2026-03-09T16:43:42.665586500
16:43:42.670 [main] INFO com.finsight.service.FraudDetectionService -- Rule 1 - High Amount: User average = 100
16:43:42.670 [main] INFO com.finsight.service.FraudDetectionService -- Rule 1 - Threshold (3x avg) = 300, Transaction amount = 1.22
16:43:42.670 [main] INFO com.finsight.service.FraudDetectionService -- Rule 1 NOT triggered: Amount within normal range
16:43:42.670 [main] INFO com.finsight.service.FraudDetectionService -- Rule 2 - Checking rapid-fire activity...
16:43:42.670 [main] INFO com.finsight.service.FraudDetectionService -- Rapid-fire check: 0 transactions in 10-minute window (need 5+)
16:43:42.670 [main] INFO com.finsight.service.FraudDetectionService -- Rule 2 NOT triggered: Less than 5 transactions in 10-minute window
16:43:42.670 [main] INFO com.finsight.service.FraudDetectionService -- Rule 3 - Checking geographical anomaly, location: null
16:43:42.670 [main] INFO com.finsight.service.FraudDetectionService -- Rule 3 SKIPPED: No location provided
16:43:42.670 [main] INFO com.finsight.service.FraudDetectionService -- Rule 4 - Checking unusual category: rent
16:43:42.670 [main] INFO com.finsight.service.FraudDetectionService -- Category check: User has used 1 categories: [groceries]
16:43:42.670 [main] INFO com.finsight.service.FraudDetectionService -- Category check: Category 'rent' not in list (unusual)
16:43:42.670 [main] WARN com.finsight.service.FraudDetectionService -- Rule 4 TRIGGERED: Unusual category (+20 points)
16:43:42.670 [main] INFO com.finsight.service.FraudDetectionService -- === Fraud detection complete: Score = 20.0, Risk = LOW, Fraudulent = false ===
16:43:42.670 [main] INFO com.finsight.service.FraudDetectionService -- LOW FRAUD SCORE: 20.0 for transaction 632. Reasons: First time using category: rent
16:43:42.673 [main] INFO com.finsight.service.FraudDetectionService -- === Starting fraud detection for transaction 13 ===
16:43:42.673 [main] INFO com.finsight.service.FraudDetectionService -- Amount: 401.29, Category: salary, Location: null, Time: 2026-03-09T16:43:42.671587600
16:43:42.673 [main] INFO com.finsight.service.FraudDetectionService -- Rule 1 - High Amount: User average = 100
16:43:42.673 [main] INFO com.finsight.service.FraudDetectionService -- Rule 1 - Threshold (3x avg) = 300, Transaction amount = 401.29
16:43:42.673 [main] WARN com.finsight.service.FraudDetectionService -- Rule 1 TRIGGERED: High amount anomaly (+30 points)
16:43:42.673 [main] INFO com.finsight.service.FraudDetectionService -- Rule 2 - Checking rapid-fire activity...
16:43:42.673 [main] INFO com.finsight.service.FraudDetectionService -- Rapid-fire check: 0 transactions in 10-minute window (need 5+)
16:43:42.673 [main] INFO com.finsight.service.FraudDetectionService -- Rule 2 NOT triggered: Less than 5 transactions in 10-minute window
16:43:42.673 [main] INFO com.finsight.service.FraudDetectionService -- Rule 3 - Checking geographical anomaly, location: null
16:43:42.673 [main] INFO com.finsight.service.FraudDetectionService -- Rule 3 SKIPPED: No location provided
16:43:42.673 [main] INFO com.finsight.service.FraudDetectionService -- Rule 4 - Checking unusual category: salary
16:43:42.673 [main] INFO com.finsight.service.FraudDetectionService -- Category check: User has used 1 categories: [groceries]
16:43:42.673 [main] INFO com.finsight.service.FraudDetectionService -- Category check: Category 'salary' not in list (unusual)
16:43:42.673 [main] WARN com.finsight.service.FraudDetectionService -- Rule 4 TRIGGERED: Unusual category (+20 points)
16:43:42.673 [main] INFO com.finsight.service.FraudDetectionService -- === Fraud detection complete: Score = 50.0, Risk = MEDIUM, Fraudulent = false ===
16:43:42.673 [main] INFO com.finsight.service.FraudDetectionService -- MEDIUM FRAUD SCORE: 50.0 for transaction 13. Reasons: Amount $401.29 exceeds 3x user average $100.00; First time using category: salary
16:43:42.676 [main] INFO com.finsight.service.FraudDetectionService -- === Starting fraud detection for transaction 10000 ===
16:43:42.677 [main] INFO com.finsight.service.FraudDetectionService -- Amount: 1.00, Category: groceries, Location: null, Time: 2026-03-09T16:43:42.674111900
16:43:42.677 [main] INFO com.finsight.service.FraudDetectionService -- Rule 1 - High Amount: User average = 100
16:43:42.677 [main] INFO com.finsight.service.FraudDetectionService -- Rule 1 - Threshold (3x avg) = 300, Transaction amount = 1.00
16:43:42.677 [main] INFO com.finsight.service.FraudDetectionService -- Rule 1 NOT triggered: Amount within normal range
16:43:42.677 [main] INFO com.finsight.service.FraudDetectionService -- Rule 2 - Checking rapid-fire activity...
16:43:42.677 [main] INFO com.finsight.service.FraudDetectionService -- Rapid-fire check: 0 transactions in 10-minute window (need 5+)
16:43:42.677 [main] INFO com.finsight.service.FraudDetectionService -- Rule 2 NOT triggered: Less than 5 transactions in 10-minute window
16:43:42.677 [main] INFO com.finsight.service.FraudDetectionService -- Rule 3 - Checking geographical anomaly, location: null
16:43:42.677 [main] INFO com.finsight.service.FraudDetectionService -- Rule 3 SKIPPED: No location provided
16:43:42.677 [main] INFO com.finsight.service.FraudDetectionService -- Rule 4 - Checking unusual category: groceries
16:43:42.677 [main] INFO com.finsight.service.FraudDetectionService -- Category check: User has used 1 categories: [groceries]
16:43:42.677 [main] INFO com.finsight.service.FraudDetectionService -- Category check: Category 'groceries' used 0 times
16:43:42.678 [main] INFO com.finsight.service.FraudDetectionService -- Rule 4 NOT triggered: Category has been used before
16:43:42.678 [main] INFO com.finsight.service.FraudDetectionService -- === Fraud detection complete: Score = 0.0, Risk = LOW, Fraudulent = false ===
16:43:42.678 [main] INFO com.finsight.service.FraudDetectionService -- NO FRAUD DETECTED: Score = 0 for transaction 10000
16:43:42.685 [main] INFO com.finsight.service.FraudDetectionService -- === Starting fraud detection for transaction 2 ===
16:43:42.685 [main] INFO com.finsight.service.FraudDetectionService -- Amount: 1.00, Category: rent, Location: null, Time: 2026-03-09T16:43:42.679111900
16:43:42.685 [main] INFO com.finsight.service.FraudDetectionService -- Rule 1 - High Amount: User average = 100
16:43:42.685 [main] INFO com.finsight.service.FraudDetectionService -- Rule 1 - Threshold (3x avg) = 300, Transaction amount = 1.00
16:43:42.686 [main] INFO com.finsight.service.FraudDetectionService -- Rule 1 NOT triggered: Amount within normal range
16:43:42.686 [main] INFO com.finsight.service.FraudDetectionService -- Rule 2 - Checking rapid-fire activity...
16:43:42.686 [main] INFO com.finsight.service.FraudDetectionService -- Rapid-fire check: 0 transactions in 10-minute window (need 5+)
16:43:42.686 [main] INFO com.finsight.service.FraudDetectionService -- Rule 2 NOT triggered: Less than 5 transactions in 10-minute window
16:43:42.686 [main] INFO com.finsight.service.FraudDetectionService -- Rule 3 - Checking geographical anomaly, location: null
16:43:42.686 [main] INFO com.finsight.service.FraudDetectionService -- Rule 3 SKIPPED: No location provided
16:43:42.686 [main] INFO com.finsight.service.FraudDetectionService -- Rule 4 - Checking unusual category: rent
16:43:42.686 [main] INFO com.finsight.service.FraudDetectionService -- Category check: User has used 1 categories: [groceries]
16:43:42.686 [main] INFO com.finsight.service.FraudDetectionService -- Category check: Category 'rent' not in list (unusual)
16:43:42.686 [main] WARN com.finsight.service.FraudDetectionService -- Rule 4 TRIGGERED: Unusual category (+20 points)
16:43:42.686 [main] INFO com.finsight.service.FraudDetectionService -- === Fraud detection complete: Score = 20.0, Risk = LOW, Fraudulent = false ===
16:43:42.686 [main] INFO com.finsight.service.FraudDetectionService -- LOW FRAUD SCORE: 20.0 for transaction 2. Reasons: First time using category: rent
16:43:42.688 [main] INFO com.finsight.service.FraudDetectionService -- === Starting fraud detection for transaction 2 ===
16:43:42.688 [main] INFO com.finsight.service.FraudDetectionService -- Amount: 1.00, Category: groceries, Location: null, Time: 2026-03-09T16:43:42.686309400
16:43:42.689 [main] INFO com.finsight.service.FraudDetectionService -- Rule 1 - High Amount: User average = 100
16:43:42.689 [main] INFO com.finsight.service.FraudDetectionService -- Rule 1 - Threshold (3x avg) = 300, Transaction amount = 1.00
16:43:42.689 [main] INFO com.finsight.service.FraudDetectionService -- Rule 1 NOT triggered: Amount within normal range
16:43:42.689 [main] INFO com.finsight.service.FraudDetectionService -- Rule 2 - Checking rapid-fire activity...
16:43:42.689 [main] INFO com.finsight.service.FraudDetectionService -- Rapid-fire check: 0 transactions in 10-minute window (need 5+)
16:43:42.689 [main] INFO com.finsight.service.FraudDetectionService -- Rule 2 NOT triggered: Less than 5 transactions in 10-minute window
16:43:42.689 [main] INFO com.finsight.service.FraudDetectionService -- Rule 3 - Checking geographical anomaly, location: null
16:43:42.689 [main] INFO com.finsight.service.FraudDetectionService -- Rule 3 SKIPPED: No location provided
16:43:42.690 [main] INFO com.finsight.service.FraudDetectionService -- Rule 4 - Checking unusual category: groceries
16:43:42.690 [main] INFO com.finsight.service.FraudDetectionService -- Category check: User has used 1 categories: [groceries]
16:43:42.690 [main] INFO com.finsight.service.FraudDetectionService -- Category check: Category 'groceries' used 0 times
16:43:42.690 [main] INFO com.finsight.service.FraudDetectionService -- Rule 4 NOT triggered: Category has been used before
16:43:42.690 [main] INFO com.finsight.service.FraudDetectionService -- === Fraud detection complete: Score = 0.0, Risk = LOW, Fraudulent = false ===
16:43:42.690 [main] INFO com.finsight.service.FraudDetectionService -- NO FRAUD DETECTED: Score = 0 for transaction 2
16:43:42.692 [main] INFO com.finsight.service.FraudDetectionService -- === Starting fraud detection for transaction 12 ===
16:43:42.692 [main] INFO com.finsight.service.FraudDetectionService -- Amount: 1265.01, Category: salary, Location: null, Time: 2026-03-09T16:43:42.691311
16:43:42.692 [main] INFO com.finsight.service.FraudDetectionService -- Rule 1 - High Amount: User average = 100
[...]
16:43:43.695 [main] INFO com.finsight.service.FraudDetectionService -- Rapid-fire check: 0 transactions in 10-minute window (need 5+)
16:43:43.695 [main] INFO com.finsight.service.FraudDetectionService -- Rule 2 NOT triggered: Less than 5 transactions in 10-minute window
16:43:43.695 [main] INFO com.finsight.service.FraudDetectionService -- Rule 3 - Checking geographical anomaly, location: null
16:43:43.695 [main] INFO com.finsight.service.FraudDetectionService -- Rule 3 SKIPPED: No location provided
16:43:43.695 [main] INFO com.finsight.service.FraudDetectionService -- Rule 4 - Checking unusual category: utilities
16:43:43.695 [main] INFO com.finsight.service.FraudDetectionService -- Category check: User has used 1 categories: [groceries]
16:43:43.695 [main] INFO com.finsight.service.FraudDetectionService -- Category check: Category 'utilities' not in list (unusual)
16:43:43.695 [main] WARN com.finsight.service.FraudDetectionService -- Rule 4 TRIGGERED: Unusual category (+20 points)
16:43:43.695 [main] INFO com.finsight.service.FraudDetectionService -- === Fraud detection complete: Score = 20.0, Risk = LOW, Fraudulent = false ===
16:43:43.695 [main] INFO com.finsight.service.FraudDetectionService -- LOW FRAUD SCORE: 20.0 for transaction 40. Reasons: First time using category: utilities
16:43:43.696 [main] INFO com.finsight.service.FraudDetectionService -- === Starting fraud detection for transaction 924 ===
16:43:43.696 [main] INFO com.finsight.service.FraudDetectionService -- Amount: 306.04, Category: entertainment, Location: null, Time: 2026-03-09T16:43:43.696468400
16:43:43.697 [main] INFO com.finsight.service.FraudDetectionService -- Rule 1 - High Amount: User average = 100
16:43:43.697 [main] INFO com.finsight.service.FraudDetectionService -- Rule 1 - Threshold (3x avg) = 300, Transaction amount = 306.04
16:43:43.699 [main] WARN com.finsight.service.FraudDetectionService -- Rule 1 TRIGGERED: High amount anomaly (+30 points)
16:43:43.700 [main] INFO com.finsight.service.FraudDetectionService -- Rule 2 - Checking rapid-fire activity...
16:43:43.700 [main] INFO com.finsight.service.FraudDetectionService -- Rapid-fire check: 0 transactions in 10-minute window (need 5+)
16:43:43.700 [main] INFO com.finsight.service.FraudDetectionService -- Rule 2 NOT triggered: Less than 5 transactions in 10-minute window
16:43:43.700 [main] INFO com.finsight.service.FraudDetectionService -- Rule 3 - Checking geographical anomaly, location: null
16:43:43.700 [main] INFO com.finsight.service.FraudDetectionService -- Rule 3 SKIPPED: No location provided
16:43:43.700 [main] INFO com.finsight.service.FraudDetectionService -- Rule 4 - Checking unusual category: entertainment
16:43:43.700 [main] INFO com.finsight.service.FraudDetectionService -- Category check: User has used 1 categories: [groceries]
16:43:43.700 [main] INFO com.finsight.service.FraudDetectionService -- Category check: Category 'entertainment' not in list (unusual)
16:43:43.701 [main] WARN com.finsight.service.FraudDetectionService -- Rule 4 TRIGGERED: Unusual category (+20 points)
16:43:43.701 [main] INFO com.finsight.service.FraudDetectionService -- === Fraud detection complete: Score = 50.0, Risk = MEDIUM, Fraudulent = false ===
16:43:43.701 [main] INFO com.finsight.service.FraudDetectionService -- MEDIUM FRAUD SCORE: 50.0 for transaction 924. Reasons: Amount $306.04 exceeds 3x user average $100.00; First time using category: entertainment
16:43:43.701 [main] INFO com.finsight.service.FraudDetectionService -- === Starting fraud detection for transaction 924 ===
16:43:43.701 [main] INFO com.finsight.service.FraudDetectionService -- Amount: 306.04, Category: entertainment, Location: null, Time: 2026-03-09T16:43:43.696468400
16:43:43.701 [main] INFO com.finsight.service.FraudDetectionService -- Rule 1 - High Amount: User average = 100
16:43:43.701 [main] INFO com.finsight.service.FraudDetectionService -- Rule 1 - Threshold (3x avg) = 300, Transaction amount = 306.04
16:43:43.701 [main] WARN com.finsight.service.FraudDetectionService -- Rule 1 TRIGGERED: High amount anomaly (+30 points)
16:43:43.701 [main] INFO com.finsight.service.FraudDetectionService -- Rule 2 - Checking rapid-fire activity...
16:43:43.701 [main] INFO com.finsight.service.FraudDetectionService -- Rapid-fire check: 0 transactions in 10-minute window (need 5+)
16:43:43.701 [main] INFO com.finsight.service.FraudDetectionService -- Rule 2 NOT triggered: Less than 5 transactions in 10-minute window
16:43:43.701 [main] INFO com.finsight.service.FraudDetectionService -- Rule 3 - Checking geographical anomaly, location: null
16:43:43.701 [main] INFO com.finsight.service.FraudDetectionService -- Rule 3 SKIPPED: No location provided
16:43:43.701 [main] INFO com.finsight.service.FraudDetectionService -- Rule 4 - Checking unusual category: entertainment
16:43:43.702 [main] INFO com.finsight.service.FraudDetectionService -- Category check: User has used 1 categories: [groceries]
16:43:43.702 [main] INFO com.finsight.service.FraudDetectionService -- Category check: Category 'entertainment' not in list (unusual)
16:43:43.702 [main] WARN com.finsight.service.FraudDetectionService -- Rule 4 TRIGGERED: Unusual category (+20 points)
16:43:43.702 [main] INFO com.finsight.service.FraudDetectionService -- === Fraud detection complete: Score = 50.0, Risk = MEDIUM, Fraudulent = false ===
16:43:43.702 [main] INFO com.finsight.service.FraudDetectionService -- MEDIUM FRAUD SCORE: 50.0 for transaction 924. Reasons: Amount $306.04 exceeds 3x user average $100.00; First time using category: entertainment
16:43:43.703 [main] INFO com.finsight.service.FraudDetectionService -- === Starting fraud detection for transaction 1 ===
16:43:43.703 [main] INFO com.finsight.service.FraudDetectionService -- Amount: 1.50, Category: rent, Location: null, Time: 2026-03-09T16:43:43.702536900
16:43:43.703 [main] INFO com.finsight.service.FraudDetectionService -- Rule 1 - High Amount: User average = 100
16:43:43.703 [main] INFO com.finsight.service.FraudDetectionService -- Rule 1 - Threshold (3x avg) = 300, Transaction amount = 1.50
16:43:43.703 [main] INFO com.finsight.service.FraudDetectionService -- Rule 1 NOT triggered: Amount within normal range
16:43:43.703 [main] INFO com.finsight.service.FraudDetectionService -- Rule 2 - Checking rapid-fire activity...
16:43:43.703 [main] INFO com.finsight.service.FraudDetectionService -- Rapid-fire check: 0 transactions in 10-minute window (need 5+)
16:43:43.703 [main] INFO com.finsight.service.FraudDetectionService -- Rule 2 NOT triggered: Less than 5 transactions in 10-minute window
16:43:43.703 [main] INFO com.finsight.service.FraudDetectionService -- Rule 3 - Checking geographical anomaly, location: null
16:43:43.703 [main] INFO com.finsight.service.FraudDetectionService -- Rule 3 SKIPPED: No location provided
16:43:43.703 [main] INFO com.finsight.service.FraudDetectionService -- Rule 4 - Checking unusual category: rent
16:43:43.703 [main] INFO com.finsight.service.FraudDetectionService -- Category check: User has used 1 categories: [groceries]
16:43:43.703 [main] INFO com.finsight.service.FraudDetectionService -- Category check: Category 'rent' not in list (unusual)
16:43:43.703 [main] WARN com.finsight.service.FraudDetectionService -- Rule 4 TRIGGERED: Unusual category (+20 points)
16:43:43.703 [main] INFO com.finsight.service.FraudDetectionService -- === Fraud detection complete: Score = 20.0, Risk = LOW, Fraudulent = false ===
16:43:43.703 [main] INFO com.finsight.service.FraudDetectionService -- LOW FRAUD SCORE: 20.0 for transaction 1. Reasons: First time using category: rent
16:43:43.703 [main] INFO com.finsight.service.FraudDetectionService -- === Starting fraud detection for transaction 1 ===
16:43:43.703 [main] INFO com.finsight.service.FraudDetectionService -- Amount: 1.50, Category: rent, Location: null, Time: 2026-03-09T16:43:43.702536900
16:43:43.703 [main] INFO com.finsight.service.FraudDetectionService -- Rule 1 - High Amount: User average = 100
16:43:43.703 [main] INFO com.finsight.service.FraudDetectionService -- Rule 1 - Threshold (3x avg) = 300, Transaction amount = 1.50
16:43:43.703 [main] INFO com.finsight.service.FraudDetectionService -- Rule 1 NOT triggered: Amount within normal range
16:43:43.703 [main] INFO com.finsight.service.FraudDetectionService -- Rule 2 - Checking rapid-fire activity...
16:43:43.703 [main] INFO com.finsight.service.FraudDetectionService -- Rapid-fire check: 0 transactions in 10-minute window (need 5+)
16:43:43.703 [main] INFO com.finsight.service.FraudDetectionService -- Rule 2 NOT triggered: Less than 5 transactions in 10-minute window
16:43:43.703 [main] INFO com.finsight.service.FraudDetectionService -- Rule 3 - Checking geographical anomaly, location: null
16:43:43.703 [main] INFO com.finsight.service.FraudDetectionService -- Rule 3 SKIPPED: No location provided
16:43:43.703 [main] INFO com.finsight.service.FraudDetectionService -- Rule 4 - Checking unusual category: rent
16:43:43.704 [main] INFO com.finsight.service.FraudDetectionService -- Category check: User has used 1 categories: [groceries]
16:43:43.704 [main] INFO com.finsight.service.FraudDetectionService -- Category check: Category 'rent' not in list (unusual)
16:43:43.704 [main] WARN com.finsight.service.FraudDetectionService -- Rule 4 TRIGGERED: Unusual category (+20 points)
16:43:43.704 [main] INFO com.finsight.service.FraudDetectionService -- === Fraud detection complete: Score = 20.0, Risk = LOW, Fraudulent = false ===
16:43:43.704 [main] INFO com.finsight.service.FraudDetectionService -- LOW FRAUD SCORE: 20.0 for transaction 1. Reasons: First time using category: rent
16:43:43.705 [main] INFO com.finsight.service.FraudDetectionService -- === Starting fraud detection for transaction 649 ===
16:43:43.705 [main] INFO com.finsight.service.FraudDetectionService -- Amount: 1368.70, Category: entertainment, Location: null, Time: 2026-03-09T16:43:43.704537800
16:43:43.705 [main] INFO com.finsight.service.FraudDetectionService -- Rule 1 - High Amount: User average = 100
16:43:43.705 [main] INFO com.finsight.service.FraudDetectionService -- Rule 1 - Threshold (3x avg) = 300, Transaction amount = 1368.70
16:43:43.705 [main] WARN com.finsight.service.FraudDetectionService -- Rule 1 TRIGGERED: High amount anomaly (+30 points)
16:43:43.705 [main] INFO com.finsight.service.FraudDetectionService -- Rule 2 - Checking rapid-fire activity...
16:43:43.705 [main] INFO com.finsight.service.FraudDetectionService -- Rapid-fire check: 0 transactions in 10-minute window (need 5+)
16:43:43.705 [main] INFO com.finsight.service.FraudDetectionService -- Rule 2 NOT triggered: Less than 5 transactions in 10-minute window
16:43:43.705 [main] INFO com.finsight.service.FraudDetectionService -- Rule 3 - Checking geographical anomaly, location: null
16:43:43.705 [main] INFO com.finsight.service.FraudDetectionService -- Rule 3 SKIPPED: No location provided
16:43:43.705 [main] INFO com.finsight.service.FraudDetectionService -- Rule 4 - Checking unusual category: entertainment
16:43:43.705 [main] INFO com.finsight.service.FraudDetectionService -- Category check: User has used 1 categories: [groceries]
16:43:43.705 [main] INFO com.finsight.service.FraudDetectionService -- Category check: Category 'entertainment' not in list (unusual)
16:43:43.705 [main] WARN com.finsight.service.FraudDetectionService -- Rule 4 TRIGGERED: Unusual category (+20 points)
16:43:43.705 [main] INFO com.finsight.service.FraudDetectionService -- === Fraud detection complete: Score = 50.0, Risk = MEDIUM, Fraudulent = false ===
16:43:43.705 [main] INFO com.finsight.service.FraudDetectionService -- MEDIUM FRAUD SCORE: 50.0 for transaction 649. Reasons: Amount $1368.70 exceeds 3x user average $100.00; First time using category: entertainment
16:43:43.705 [main] INFO com.finsight.service.FraudDetectionService -- === Starting fraud detection for transaction 649 ===
16:43:43.705 [main] INFO com.finsight.service.FraudDetectionService -- Amount: 1368.70, Category: entertainment, Location: null, Time: 2026-03-09T16:43:43.704537800
16:43:43.705 [main] INFO com.finsight.service.FraudDetectionService -- Rule 1 - High Amount: User average = 100
16:43:43.705 [main] INFO com.finsight.service.FraudDetectionService -- Rule 1 - Threshold (3x avg) = 300, Transaction amount = 1368.70
16:43:43.705 [main] WARN com.finsight.service.FraudDetectionService -- Rule 1 TRIGGERED: High amount anomaly (+30 points)
16:43:43.705 [main] INFO com.finsight.service.FraudDetectionService -- Rule 2 - Checking rapid-fire activity...
16:43:43.705 [main] INFO com.finsight.service.FraudDetectionService -- Rapid-fire check: 0 transactions in 10-minute window (need 5+)
16:43:43.705 [main] INFO com.finsight.service.FraudDetectionService -- Rule 2 NOT triggered: Less than 5 transactions in 10-minute window
16:43:43.705 [main] INFO com.finsight.service.FraudDetectionService -- Rule 3 - Checking geographical anomaly, location: null
16:43:43.705 [main] INFO com.finsight.service.FraudDetectionService -- Rule 3 SKIPPED: No location provided
16:43:43.705 [main] INFO com.finsight.service.FraudDetectionService -- Rule 4 - Checking unusual category: entertainment
16:43:43.706 [main] INFO com.finsight.service.FraudDetectionService -- Category check: User has used 1 categories: [groceries]
16:43:43.706 [main] INFO com.finsight.service.FraudDetectionService -- Category check: Category 'entertainment' not in list (unusual)
16:43:43.706 [main] WARN com.finsight.service.FraudDetectionService -- Rule 4 TRIGGERED: Unusual category (+20 points)
16:43:43.706 [main] INFO com.finsight.service.FraudDetectionService -- === Fraud detection complete: Score = 50.0, Risk = MEDIUM, Fraudulent = false ===
16:43:43.706 [main] INFO com.finsight.service.FraudDetectionService -- MEDIUM FRAUD SCORE: 50.0 for transaction 649. Reasons: Amount $1368.70 exceeds 3x user average $100.00; First time using category: entertainment
16:43:43.707 [main] INFO com.finsight.service.FraudDetectionService -- === Starting fraud detection for transaction 12 ===
16:43:43.707 [main] INFO com.finsight.service.FraudDetectionService -- Amount: 26.93, Category: utilities, Location: null, Time: 2026-03-09T16:43:43.706538400
16:43:43.707 [main] INFO com.finsight.service.FraudDetectionService -- Rule 1 - High Amount: User average = 100
16:43:43.707 [main] INFO com.finsight.service.FraudDetectionService -- Rule 1 - Threshold (3x avg) = 300, Transaction amount = 26.93
16:43:43.707 [main] INFO com.finsight.service.FraudDetectionService -- Rule 1 NOT triggered: Amount within normal range
16:43:43.707 [main] INFO com.finsight.service.FraudDetectionService -- Rule 2 - Checking rapid-fire activity...
16:43:43.707 [main] INFO com.finsight.service.FraudDetectionService -- Rapid-fire check: 0 transactions in 10-minute window (need 5+)
16:43:43.707 [main] INFO com.finsight.service.FraudDetectionService -- Rule 2 NOT triggered: Less than 5 transactions in 10-minute window
16:43:43.707 [main] INFO com.finsight.service.FraudDetectionService -- Rule 3 - Checking geographical anomaly, location: null
16:43:43.707 [main] INFO com.finsight.service.FraudDetectionService -- Rule 3 SKIPPED: No location provided
16:43:43.707 [main] INFO com.finsight.service.FraudDetectionService -- Rule 4 - Checking unusual category: utilities
16:43:43.707 [main] INFO com.finsight.service.FraudDetectionService -- Category check: User has used 1 categories: [groceries]
16:43:43.707 [main] INFO com.finsight.service.FraudDetectionService -- Category check: Category 'utilities' not in list (unusual)
16:43:43.707 [main] WARN com.finsight.service.FraudDetectionService -- Rule 4 TRIGGERED: Unusual category (+20 points)
16:43:43.707 [main] INFO com.finsight.service.FraudDetectionService -- === Fraud detection complete: Score = 20.0, Risk = LOW, Fraudulent = false ===
16:43:43.707 [main] INFO com.finsight.service.FraudDetectionService -- LOW FRAUD SCORE: 20.0 for transaction 12. Reasons: First time using category: utilities
16:43:43.707 [main] INFO com.finsight.service.FraudDetectionService -- === Starting fraud detection for transaction 12 ===
16:43:43.707 [main] INFO com.finsight.service.FraudDetectionService -- Amount: 26.93, Category: utilities, Location: null, Time: 2026-03-09T16:43:43.706538400
16:43:43.708 [main] INFO com.finsight.service.FraudDetectionService -- Rule 1 - High Amount: User average = 100
16:43:43.708 [main] INFO com.finsight.service.FraudDetectionService -- Rule 1 - Threshold (3x avg) = 300, Transaction amount = 26.93
16:43:43.708 [main] INFO com.finsight.service.FraudDetectionService -- Rule 1 NOT triggered: Amount within normal range
16:43:43.708 [main] INFO com.finsight.service.FraudDetectionService -- Rule 2 - Checking rapid-fire activity...
16:43:43.708 [main] INFO com.finsight.service.FraudDetectionService -- Rapid-fire check: 0 transactions in 10-minute window (need 5+)
16:43:43.708 [main] INFO com.finsight.service.FraudDetectionService -- Rule 2 NOT triggered: Less than 5 transactions in 10-minute window
16:43:43.708 [main] INFO com.finsight.service.FraudDetectionService -- Rule 3 - Checking geographical anomaly, location: null
16:43:43.708 [main] INFO com.finsight.service.FraudDetectionService -- Rule 3 SKIPPED: No location provided
16:43:43.708 [main] INFO com.finsight.service.FraudDetectionService -- Rule 4 - Checking unusual category: utilities
16:43:43.708 [main] INFO com.finsight.service.FraudDetectionService -- Category check: User has used 1 categories: [groceries]
16:43:43.708 [main] INFO com.finsight.service.FraudDetectionService -- Category check: Category 'utilities' not in list (unusual)
16:43:43.708 [main] WARN com.finsight.service.FraudDetectionService -- Rule 4 TRIGGERED: Unusual category (+20 points)
16:43:43.708 [main] INFO com.finsight.service.FraudDetectionService -- === Fraud detection complete: Score = 20.0, Risk = LOW, Fraudulent = false ===
16:43:43.708 [main] INFO com.finsight.service.FraudDetectionService -- LOW FRAUD SCORE: 20.0 for transaction 12. Reasons: First time using category: utilities
timestamp = 2026-03-09T16:43:43.709540, FraudDetectionServicePropertyTest:fraudDetectionIsDeterministic = 
                              |-----------------------jqwik-----------------------
tries = 100                   | # of calls to property
checks = 100                  | # of not rejected calls
generation = RANDOMIZED       | parameters are randomly generated
after-failure = SAMPLE_FIRST  | try previously failed sample, then previous seed
when-fixed-seed = ALLOW       | fixing the random seed is allowed
edge-cases#mode = MIXIN       | edge cases are mixed in
edge-cases#total = 48         | # of all combined edge cases
edge-cases#tried = 19         | # of edge cases tried in current run
seed = -6656439694948852072   | random seed to reproduce generated values


]]></system-out>
  </testcase>
  <testcase name="fraudulentFlagSetCorrectlyBasedOnScore" classname="com.finsight.service.FraudDetectionServicePropertyTest" time="0.062">
    <system-out><![CDATA[timestamp = 2026-03-09T16:43:43.812326400, FraudDetectionServicePropertyTest:fraudulentFlagSetCorrectlyBasedOnScore = 
                              |-----------------------jqwik-----------------------
tries = 100                   | # of calls to property
checks = 100                  | # of not rejected calls
generation = RANDOMIZED       | parameters are randomly generated
after-failure = SAMPLE_FIRST  | try previously failed sample, then previous seed
when-fixed-seed = ALLOW       | fixing the random seed is allowed
edge-cases#mode = MIXIN       | edge cases are mixed in
edge-cases#total = 5          | # of all combined edge cases
edge-cases#tried = 5          | # of edge cases tried in current run
seed = -197710991838357027    | random seed to reproduce generated values


]]></system-out>
  </testcase>
</testsuite>